#
# There is insufficient memory for the Java Runtime Environment to continue.
# Native memory allocation (mmap) failed to map 172490752 bytes for committing reserved memory.
# Possible reasons:
#   The system is out of physical RAM or swap space
#   In 32 bit mode, the process size limit was hit
# Possible solutions:
#   Reduce memory load on the system
#   Increase physical memory or swap space
#   Check if swap backing store is full
#   Use 64 bit Java on a 64 bit OS
#   Decrease Java heap size (-Xmx/-Xms)
#   Decrease number of Java threads
#   Decrease Java thread stack sizes (-Xss)
#   Set larger code cache with -XX:ReservedCodeCacheSize=
# This output file may be truncated or incomplete.
#
#  Out of Memory Error (os_linux.cpp:2627), pid=13505, tid=0x00007f6eb3fff700
#
# JRE version: Java(TM) SE Runtime Environment (8.0_112-b15) (build 1.8.0_112-b15)
# Java VM: Java HotSpot(TM) 64-Bit Server VM (25.112-b15 mixed mode linux-amd64 compressed oops)
# Failed to write core dump. Core dumps have been disabled. To enable core dumping, try "ulimit -c unlimited" before starting Java again
#

---------------  T H R E A D  ---------------

Current thread (0x00007f6ecc071800):  VMThread [stack: 0x00007f6eb3eff000,0x00007f6eb4000000] [id=13534]

Stack: [0x00007f6eb3eff000,0x00007f6eb4000000],  sp=0x00007f6eb3ffe220,  free space=1020k
Native frames: (J=compiled Java code, j=interpreted, Vv=VM code, C=native code)
V  [libjvm.so+0xac6f7a]  VMError::report_and_die()+0x2ba
V  [libjvm.so+0x4fc71b]  report_vm_out_of_memory(char const*, int, unsigned long, VMErrorType, char const*)+0x8b
V  [libjvm.so+0x923b13]  os::Linux::commit_memory_impl(char*, unsigned long, bool)+0x103
V  [libjvm.so+0x924069]  os::pd_commit_memory(char*, unsigned long, unsigned long, bool)+0x29
V  [libjvm.so+0x91e37a]  os::commit_memory(char*, unsigned long, unsigned long, bool)+0x2a
V  [libjvm.so+0x992da3]  PSVirtualSpace::expand_by(unsigned long)+0x53
V  [libjvm.so+0x983670]  PSOldGen::expand(unsigned long)+0x170
V  [libjvm.so+0x98387b]  PSOldGen::resize(unsigned long)+0x1cb
V  [libjvm.so+0x98b571]  PSParallelCompact::invoke_no_policy(bool)+0x991
V  [libjvm.so+0x990ecd]  PSScavenge::invoke()+0x1ad
V  [libjvm.so+0x947ac0]  ParallelScavengeHeap::failed_mem_allocate(unsigned long)+0x70
V  [libjvm.so+0xac8997]  VM_ParallelGCFailedAllocation::doit()+0x97
V  [libjvm.so+0xad0475]  VM_Operation::evaluate()+0x55
V  [libjvm.so+0xace84a]  VMThread::evaluate_operation(VM_Operation*)+0xba
V  [libjvm.so+0xacebce]  VMThread::loop()+0x1ce
V  [libjvm.so+0xacf040]  VMThread::run()+0x70
V  [libjvm.so+0x926138]  java_start(Thread*)+0x108

VM_Operation (0x00007f6ed3995800): ParallelGCFailedAllocation, mode: safepoint, requested by thread 0x00007f6ecc007800


---------------  P R O C E S S  ---------------

Java Threads: ( => current thread )
  0x00007f6ecc0b7800 JavaThread "Service Thread" daemon [_thread_blocked, id=13540, stack(0x00007f6eb3621000,0x00007f6eb3722000)]
  0x00007f6ecc0b5000 JavaThread "C1 CompilerThread1" daemon [_thread_blocked, id=13539, stack(0x00007f6eb3722000,0x00007f6eb3823000)]
  0x00007f6ecc0b2000 JavaThread "C2 CompilerThread0" daemon [_thread_blocked, id=13538, stack(0x00007f6eb3823000,0x00007f6eb3924000)]
  0x00007f6ecc0b0800 JavaThread "Signal Dispatcher" daemon [_thread_blocked, id=13537, stack(0x00007f6eb3924000,0x00007f6eb3a25000)]
  0x00007f6ecc07d800 JavaThread "Finalizer" daemon [_thread_blocked, id=13536, stack(0x00007f6eb3cfd000,0x00007f6eb3dfe000)]
  0x00007f6ecc079000 JavaThread "Reference Handler" daemon [_thread_blocked, id=13535, stack(0x00007f6eb3dfe000,0x00007f6eb3eff000)]
  0x00007f6ecc007800 JavaThread "main" [_thread_blocked, id=13531, stack(0x00007f6ed3899000,0x00007f6ed399a000)]

Other Threads:
=>0x00007f6ecc071800 VMThread [stack: 0x00007f6eb3eff000,0x00007f6eb4000000] [id=13534]
  0x00007f6ecc0bb000 WatcherThread [stack: 0x00007f6eb3520000,0x00007f6eb3621000] [id=13541]

VM state:at safepoint (normal execution)

VM Mutex/Monitor currently owned by a thread:  ([mutex/lock_event])
[0x00007f6ecc005b10] ExpandHeap_lock - owner thread: 0x00007f6ecc071800
[0x00007f6ecc006190] Threads_lock - owner thread: 0x00007f6ecc071800
[0x00007f6ecc006690] Heap_lock - owner thread: 0x00007f6ecc007800

Heap:
 PSYoungGen      total 620544K, used 16797K [0x00000000d6f80000, 0x0000000100000000, 0x0000000100000000)
  eden space 568832K, 0% used [0x00000000d6f80000,0x00000000d6f80000,0x00000000f9b00000)
  from space 51712K, 32% used [0x00000000f9b00000,0x00000000fab67690,0x00000000fcd80000)
  to   space 51712K, 0% used [0x00000000fcd80000,0x00000000fcd80000,0x0000000100000000)
 ParOldGen       total 232960K, used 232491K [0x0000000084e00000, 0x0000000093180000, 0x00000000d6f80000)
  object space 232960K, 99% used [0x0000000084e00000,0x000000009310afd8,0x0000000093180000)
 Metaspace       used 23742K, capacity 24248K, committed 24368K, reserved 1071104K
  class space    used 2710K, capacity 2827K, committed 2864K, reserved 1048576K

Card table byte_map: [0x00007f6ed0a9c000,0x00007f6ed0e76000] byte_map_base: 0x00007f6ed0675000

Marking Bits: (ParMarkBitMap*) 0x00007f6ed2d60c80
 Begin Bits: [0x00007f6eb9270000, 0x00007f6ebb138000)
 End Bits:   [0x00007f6ebb138000, 0x00007f6ebd000000)

Polling page: 0x00007f6ed39b3000

CodeCache: size=245760Kb used=16079Kb max_used=16079Kb free=229680Kb
 bounds [0x00007f6ebd000000, 0x00007f6ebdfd0000, 0x00007f6ecc000000]
 total_blobs=5102 nmethods=4733 adapters=283
 compilation: enabled

Compilation events (10 events):
Event: 23.844 Thread 0x00007f6ecc0b5000 5350       1       com.sun.tools.javac.code.Type::map (2 bytes)
Event: 23.844 Thread 0x00007f6ecc0b5000 nmethod 5350 0x00007f6ebdfb77d0 code [0x00007f6ebdfb7920, 0x00007f6ebdfb7a30]
Event: 23.848 Thread 0x00007f6ecc0b5000 5351       1       com.sun.tools.javac.comp.MemberEnter::visitTree (1 bytes)
Event: 23.848 Thread 0x00007f6ecc0b5000 nmethod 5351 0x00007f6ebdfb7510 code [0x00007f6ebdfb7660, 0x00007f6ebdfb7770]
Event: 23.865 Thread 0x00007f6ecc0b5000 5352       3       com.sun.tools.javac.comp.MemberEnter::finishClass (61 bytes)
Event: 23.866 Thread 0x00007f6ecc0b5000 nmethod 5352 0x00007f6ebdfc2d50 code [0x00007f6ebdfc2f40, 0x00007f6ebdfc3918]
Event: 23.877 Thread 0x00007f6ecc0b5000 5354       2       com.sun.tools.javac.tree.JCTree$JCNewArray::accept (6 bytes)
Event: 23.877 Thread 0x00007f6ecc0b5000 nmethod 5354 0x00007f6ebdfb7190 code [0x00007f6ebdfb7300, 0x00007f6ebdfb7488]
Event: 23.881 Thread 0x00007f6ecc0b5000 5355       2       com.sun.tools.javac.comp.MemberEnter$InitTreeVisitor::visitNewArray (6 bytes)
Event: 23.881 Thread 0x00007f6ecc0b5000 nmethod 5355 0x00007f6ebdfb6e50 code [0x00007f6ebdfb6fa0, 0x00007f6ebdfb70f0]

GC Heap History (10 events):
Event: 11.670 GC heap after
Heap after GC invocations=11 (full 0):
 PSYoungGen      total 414208K, used 2750K [0x00000000d6f80000, 0x00000000ffc00000, 0x0000000100000000)
  eden space 403968K, 0% used [0x00000000d6f80000,0x00000000d6f80000,0x00000000efa00000)
  from space 10240K, 26% used [0x00000000efa00000,0x00000000efcafb48,0x00000000f0400000)
  to   space 10752K, 0% used [0x00000000ff180000,0x00000000ff180000,0x00000000ffc00000)
 ParOldGen       total 84992K, used 17042K [0x0000000084e00000, 0x000000008a100000, 0x00000000d6f80000)
  object space 84992K, 20% used [0x0000000084e00000,0x0000000085ea4a90,0x000000008a100000)
 Metaspace       used 20664K, capacity 21176K, committed 21296K, reserved 1069056K
  class space    used 2412K, capacity 2571K, committed 2608K, reserved 1048576K
}
Event: 11.670 GC heap before
{Heap before GC invocations=12 (full 1):
 PSYoungGen      total 414208K, used 2750K [0x00000000d6f80000, 0x00000000ffc00000, 0x0000000100000000)
  eden space 403968K, 0% used [0x00000000d6f80000,0x00000000d6f80000,0x00000000efa00000)
  from space 10240K, 26% used [0x00000000efa00000,0x00000000efcafb48,0x00000000f0400000)
  to   space 10752K, 0% used [0x00000000ff180000,0x00000000ff180000,0x00000000ffc00000)
 ParOldGen       total 84992K, used 17042K [0x0000000084e00000, 0x000000008a100000, 0x00000000d6f80000)
  object space 84992K, 20% used [0x0000000084e00000,0x0000000085ea4a90,0x000000008a100000)
 Metaspace       used 20664K, capacity 21176K, committed 21296K, reserved 1069056K
  class space    used 2412K, capacity 2571K, committed 2608K, reserved 1048576K
Event: 11.763 GC heap after
Heap after GC invocations=12 (full 1):
 PSYoungGen      total 414208K, used 0K [0x00000000d6f80000, 0x00000000ffc00000, 0x0000000100000000)
  eden space 403968K, 0% used [0x00000000d6f80000,0x00000000d6f80000,0x00000000efa00000)
  from space 10240K, 0% used [0x00000000efa00000,0x00000000efa00000,0x00000000f0400000)
  to   space 10752K, 0% used [0x00000000ff180000,0x00000000ff180000,0x00000000ffc00000)
 ParOldGen       total 61952K, used 16517K [0x0000000084e00000, 0x0000000088a80000, 0x00000000d6f80000)
  object space 61952K, 26% used [0x0000000084e00000,0x0000000085e21518,0x0000000088a80000)
 Metaspace       used 20664K, capacity 21176K, committed 21296K, reserved 1069056K
  class space    used 2412K, capacity 2571K, committed 2608K, reserved 1048576K
}
Event: 18.290 GC heap before
{Heap before GC invocations=13 (full 1):
 PSYoungGen      total 414208K, used 400901K [0x00000000d6f80000, 0x00000000ffc00000, 0x0000000100000000)
  eden space 403968K, 99% used [0x00000000d6f80000,0x00000000ef7014a0,0x00000000efa00000)
  from space 10240K, 0% used [0x00000000efa00000,0x00000000efa00000,0x00000000f0400000)
  to   space 10752K, 0% used [0x00000000ff180000,0x00000000ff180000,0x00000000ffc00000)
 ParOldGen       total 61952K, used 16517K [0x0000000084e00000, 0x0000000088a80000, 0x00000000d6f80000)
  object space 61952K, 26% used [0x0000000084e00000,0x0000000085e21518,0x0000000088a80000)
 Metaspace       used 23044K, capacity 23544K, committed 23856K, reserved 1071104K
  class space    used 2683K, capacity 2827K, committed 2864K, reserved 1048576K
Event: 18.426 GC heap after
Heap after GC invocations=13 (full 1):
 PSYoungGen      total 579584K, used 10720K [0x00000000d6f80000, 0x0000000100000000, 0x0000000100000000)
  eden space 568832K, 0% used [0x00000000d6f80000,0x00000000d6f80000,0x00000000f9b00000)
  from space 10752K, 99% used [0x00000000ff180000,0x00000000ffbf80e0,0x00000000ffc00000)
  to   space 51712K, 0% used [0x00000000f9b00000,0x00000000f9b00000,0x00000000fcd80000)
 ParOldGen       total 124416K, used 123937K [0x0000000084e00000, 0x000000008c780000, 0x00000000d6f80000)
  object space 124416K, 99% used [0x0000000084e00000,0x000000008c708618,0x000000008c780000)
 Metaspace       used 23044K, capacity 23544K, committed 23856K, reserved 1071104K
  class space    used 2683K, capacity 2827K, committed 2864K, reserved 1048576K
}
Event: 18.426 GC heap before
{Heap before GC invocations=14 (full 2):
 PSYoungGen      total 579584K, used 10720K [0x00000000d6f80000, 0x0000000100000000, 0x0000000100000000)
  eden space 568832K, 0% used [0x00000000d6f80000,0x00000000d6f80000,0x00000000f9b00000)
  from space 10752K, 99% used [0x00000000ff180000,0x00000000ffbf80e0,0x00000000ffc00000)
  to   space 51712K, 0% used [0x00000000f9b00000,0x00000000f9b00000,0x00000000fcd80000)
 ParOldGen       total 124416K, used 123937K [0x0000000084e00000, 0x000000008c780000, 0x00000000d6f80000)
  object space 124416K, 99% used [0x0000000084e00000,0x000000008c708618,0x000000008c780000)
 Metaspace       used 23044K, capacity 23544K, committed 23856K, reserved 1071104K
  class space    used 2683K, capacity 2827K, committed 2864K, reserved 1048576K
Event: 18.784 GC heap after
Heap after GC invocations=14 (full 2):
 PSYoungGen      total 579584K, used 8585K [0x00000000d6f80000, 0x0000000100000000, 0x0000000100000000)
  eden space 568832K, 0% used [0x00000000d6f80000,0x00000000d6f80000,0x00000000f9b00000)
  from space 10752K, 79% used [0x00000000ff180000,0x00000000ff9e24e8,0x00000000ffc00000)
  to   space 51712K, 0% used [0x00000000f9b00000,0x00000000f9b00000,0x00000000fcd80000)
 ParOldGen       total 232960K, used 123925K [0x0000000084e00000, 0x0000000093180000, 0x00000000d6f80000)
  object space 232960K, 53% used [0x0000000084e00000,0x000000008c7054a8,0x0000000093180000)
 Metaspace       used 23044K, capacity 23544K, committed 23856K, reserved 1071104K
  class space    used 2683K, capacity 2827K, committed 2864K, reserved 1048576K
}
Event: 23.889 GC heap before
{Heap before GC invocations=15 (full 2):
 PSYoungGen      total 579584K, used 577417K [0x00000000d6f80000, 0x0000000100000000, 0x0000000100000000)
  eden space 568832K, 100% used [0x00000000d6f80000,0x00000000f9b00000,0x00000000f9b00000)
  from space 10752K, 79% used [0x00000000ff180000,0x00000000ff9e24e8,0x00000000ffc00000)
  to   space 51712K, 0% used [0x00000000f9b00000,0x00000000f9b00000,0x00000000fcd80000)
 ParOldGen       total 232960K, used 123925K [0x0000000084e00000, 0x0000000093180000, 0x00000000d6f80000)
  object space 232960K, 53% used [0x0000000084e00000,0x000000008c7054a8,0x0000000093180000)
 Metaspace       used 23742K, capacity 24248K, committed 24368K, reserved 1071104K
  class space    used 2710K, capacity 2827K, committed 2864K, reserved 1048576K
Event: 28.697 GC heap after
Heap after GC invocations=15 (full 2):
 PSYoungGen      total 620544K, used 51704K [0x00000000d6f80000, 0x0000000100000000, 0x0000000100000000)
  eden space 568832K, 0% used [0x00000000d6f80000,0x00000000d6f80000,0x00000000f9b00000)
  from space 51712K, 99% used [0x00000000f9b00000,0x00000000fcd7e220,0x00000000fcd80000)
  to   space 51712K, 0% used [0x00000000fcd80000,0x00000000fcd80000,0x0000000100000000)
 ParOldGen       total 232960K, used 222626K [0x0000000084e00000, 0x0000000093180000, 0x00000000d6f80000)
  object space 232960K, 95% used [0x0000000084e00000,0x0000000092768ba0,0x0000000093180000)
 Metaspace       used 23742K, capacity 24248K, committed 24368K, reserved 1071104K
  class space    used 2710K, capacity 2827K, committed 2864K, reserved 1048576K
}
Event: 32.412 GC heap before
{Heap before GC invocations=16 (full 3):
 PSYoungGen      total 620544K, used 51704K [0x00000000d6f80000, 0x0000000100000000, 0x0000000100000000)
  eden space 568832K, 0% used [0x00000000d6f80000,0x00000000d6f80000,0x00000000f9b00000)
  from space 51712K, 99% used [0x00000000f9b00000,0x00000000fcd7e220,0x00000000fcd80000)
  to   space 51712K, 0% used [0x00000000fcd80000,0x00000000fcd80000,0x0000000100000000)
 ParOldGen       total 232960K, used 222626K [0x0000000084e00000, 0x0000000093180000, 0x00000000d6f80000)
  object space 232960K, 95% used [0x0000000084e00000,0x0000000092768ba0,0x0000000093180000)
 Metaspace       used 23742K, capacity 24248K, committed 24368K, reserved 1071104K
  class space    used 2710K, capacity 2827K, committed 2864K, reserved 1048576K

Deoptimization events (10 events):
Event: 22.885 Thread 0x00007f6ecc007800 Uncommon trap: reason=class_check action=maybe_recompile pc=0x00007f6ebde490fc method=com.sun.tools.javac.code.Symbol.flatName()Lcom/sun/tools/javac/util/Name; @ 1
Event: 23.318 Thread 0x00007f6ecc007800 Uncommon trap: reason=unstable_if action=reinterpret pc=0x00007f6ebdf72724 method=com.sun.tools.javac.code.Scope.lookup(Lcom/sun/tools/javac/util/Name;Lcom/sun/tools/javac/util/Filter;)Lcom/sun/tools/javac/code/Scope$Entry; @ 19
Event: 23.338 Thread 0x00007f6ecc007800 Uncommon trap: reason=bimorphic action=maybe_recompile pc=0x00007f6ebdf6dc50 method=com.sun.tools.javac.code.Scope.lookup(Lcom/sun/tools/javac/util/Name;)Lcom/sun/tools/javac/code/Scope$Entry; @ 5
Event: 23.338 Thread 0x00007f6ecc007800 Uncommon trap: reason=bimorphic action=maybe_recompile pc=0x00007f6ebdf6dc50 method=com.sun.tools.javac.code.Scope.lookup(Lcom/sun/tools/javac/util/Name;)Lcom/sun/tools/javac/code/Scope$Entry; @ 5
Event: 23.338 Thread 0x00007f6ecc007800 Uncommon trap: reason=bimorphic action=maybe_recompile pc=0x00007f6ebdf6dc50 method=com.sun.tools.javac.code.Scope.lookup(Lcom/sun/tools/javac/util/Name;)Lcom/sun/tools/javac/code/Scope$Entry; @ 5
Event: 23.338 Thread 0x00007f6ecc007800 Uncommon trap: reason=bimorphic action=maybe_recompile pc=0x00007f6ebdf6dc50 method=com.sun.tools.javac.code.Scope.lookup(Lcom/sun/tools/javac/util/Name;)Lcom/sun/tools/javac/code/Scope$Entry; @ 5
Event: 23.568 Thread 0x00007f6ecc007800 Uncommon trap: reason=speculate_class_check action=maybe_recompile pc=0x00007f6ebdf8e58c method=com.sun.tools.javac.file.JavacFileManager.inferBinaryName(Ljavax/tools/JavaFileManager$Location;Ljavax/tools/JavaFileObject;)Ljava/lang/String; @ 23
Event: 23.568 Thread 0x00007f6ecc007800 Uncommon trap: reason=speculate_class_check action=maybe_recompile pc=0x00007f6ebdf8e58c method=com.sun.tools.javac.file.JavacFileManager.inferBinaryName(Ljavax/tools/JavaFileManager$Location;Ljavax/tools/JavaFileObject;)Ljava/lang/String; @ 23
Event: 23.568 Thread 0x00007f6ecc007800 Uncommon trap: reason=speculate_class_check action=maybe_recompile pc=0x00007f6ebdf8e58c method=com.sun.tools.javac.file.JavacFileManager.inferBinaryName(Ljavax/tools/JavaFileManager$Location;Ljavax/tools/JavaFileObject;)Ljava/lang/String; @ 23
Event: 23.568 Thread 0x00007f6ecc007800 Uncommon trap: reason=speculate_class_check action=maybe_recompile pc=0x00007f6ebdf8e58c method=com.sun.tools.javac.file.JavacFileManager.inferBinaryName(Ljavax/tools/JavaFileManager$Location;Ljavax/tools/JavaFileObject;)Ljava/lang/String; @ 23

Internal exceptions (10 events):
Event: 21.700 Thread 0x00007f6ecc007800 Exception <a 'java/io/FileNotFoundException'> (0x00000000f095dd10) thrown at [/HUDSON3/workspace/8-2-build-linux-amd64/jdk8u112/7884/hotspot/src/share/vm/prims/jni.cpp, line 709]
Event: 21.700 Thread 0x00007f6ecc007800 Exception <a 'java/io/FileNotFoundException'> (0x00000000f095ec18) thrown at [/HUDSON3/workspace/8-2-build-linux-amd64/jdk8u112/7884/hotspot/src/share/vm/prims/jni.cpp, line 709]
Event: 21.700 Thread 0x00007f6ecc007800 Exception <a 'java/io/FileNotFoundException'> (0x00000000f095fab8) thrown at [/HUDSON3/workspace/8-2-build-linux-amd64/jdk8u112/7884/hotspot/src/share/vm/prims/jni.cpp, line 709]
Event: 21.700 Thread 0x00007f6ecc007800 Exception <a 'java/io/FileNotFoundException'> (0x00000000f09609c8) thrown at [/HUDSON3/workspace/8-2-build-linux-amd64/jdk8u112/7884/hotspot/src/share/vm/prims/jni.cpp, line 709]
Event: 21.717 Thread 0x00007f6ecc007800 Exception <a 'java/io/FileNotFoundException'> (0x00000000f09a9e98) thrown at [/HUDSON3/workspace/8-2-build-linux-amd64/jdk8u112/7884/hotspot/src/share/vm/prims/jni.cpp, line 709]
Event: 21.717 Thread 0x00007f6ecc007800 Exception <a 'java/io/FileNotFoundException'> (0x00000000f09aad10) thrown at [/HUDSON3/workspace/8-2-build-linux-amd64/jdk8u112/7884/hotspot/src/share/vm/prims/jni.cpp, line 709]
Event: 21.717 Thread 0x00007f6ecc007800 Exception <a 'java/io/FileNotFoundException'> (0x00000000f09abb88) thrown at [/HUDSON3/workspace/8-2-build-linux-amd64/jdk8u112/7884/hotspot/src/share/vm/prims/jni.cpp, line 709]
Event: 21.722 Thread 0x00007f6ecc007800 Exception <a 'java/io/FileNotFoundException'> (0x00000000f0a1bfc0) thrown at [/HUDSON3/workspace/8-2-build-linux-amd64/jdk8u112/7884/hotspot/src/share/vm/prims/jni.cpp, line 709]
Event: 21.725 Thread 0x00007f6ecc007800 Exception <a 'java/io/FileNotFoundException'> (0x00000000f0a288a0) thrown at [/HUDSON3/workspace/8-2-build-linux-amd64/jdk8u112/7884/hotspot/src/share/vm/prims/jni.cpp, line 709]
Event: 21.725 Thread 0x00007f6ecc007800 Exception <a 'java/io/FileNotFoundException'> (0x00000000f0a29718) thrown at [/HUDSON3/workspace/8-2-build-linux-amd64/jdk8u112/7884/hotspot/src/share/vm/prims/jni.cpp, line 709]

Events (10 events):
Event: 23.777 Thread 0x00007f6ecc007800 DEOPT UNPACKING pc=0x00007f6ebd047233 sp=0x00007f6ed3995ba8 mode 0
Event: 23.777 Thread 0x00007f6ecc007800 DEOPT PACKING pc=0x00007f6ebde8a9b0 sp=0x00007f6ed3995e30
Event: 23.777 Thread 0x00007f6ecc007800 DEOPT UNPACKING pc=0x00007f6ebd047233 sp=0x00007f6ed3995ba8 mode 0
Event: 23.777 Thread 0x00007f6ecc007800 DEOPT PACKING pc=0x00007f6ebde8a9b0 sp=0x00007f6ed3995e30
Event: 23.777 Thread 0x00007f6ecc007800 DEOPT UNPACKING pc=0x00007f6ebd047233 sp=0x00007f6ed3995ba8 mode 0
Event: 23.798 Thread 0x00007f6ecc007800 DEOPT PACKING pc=0x00007f6ebdf60c48 sp=0x00007f6ed3996040
Event: 23.798 Thread 0x00007f6ecc007800 DEOPT UNPACKING pc=0x00007f6ebd047233 sp=0x00007f6ed3995e70 mode 0
Event: 23.866 Thread 0x00007f6ecc007800 DEOPT PACKING pc=0x00007f6ebdf4b2ee sp=0x00007f6ed3996b40
Event: 23.866 Thread 0x00007f6ecc007800 DEOPT UNPACKING pc=0x00007f6ebd047233 sp=0x00007f6ed3996868 mode 0
Event: 23.889 Executing VM operation: ParallelGCFailedAllocation


Dynamic libraries:
00400000-00401000 r-xp 00000000 08:01 3692659                            /usr/share/java/jdk1.8.0_112/bin/java
00600000-00601000 rw-p 00000000 08:01 3692659                            /usr/share/java/jdk1.8.0_112/bin/java
022dd000-022fe000 rw-p 00000000 00:00 0                                  [heap]
84e00000-93180000 rw-p 00000000 00:00 0 
9d600000-d6f80000 ---p 00000000 00:00 0 
d6f80000-100000000 rw-p 00000000 00:00 0 
100000000-1002cc000 rw-p 00000000 00:00 0 
1002cc000-140000000 ---p 00000000 00:00 0 
7f6e88000000-7f6e88021000 rw-p 00000000 00:00 0 
7f6e88021000-7f6e8c000000 ---p 00000000 00:00 0 
7f6e8cfff000-7f6e90000000 rw-p 00000000 00:00 0 
7f6e90000000-7f6e90a0e000 rw-p 00000000 00:00 0 
7f6e90a0e000-7f6e94000000 ---p 00000000 00:00 0 
7f6e94000000-7f6e94021000 rw-p 00000000 00:00 0 
7f6e94021000-7f6e98000000 ---p 00000000 00:00 0 
7f6e98000000-7f6e98021000 rw-p 00000000 00:00 0 
7f6e98021000-7f6e9c000000 ---p 00000000 00:00 0 
7f6e9c000000-7f6e9e1a8000 rw-p 00000000 00:00 0 
7f6e9e1a8000-7f6ea0000000 ---p 00000000 00:00 0 
7f6ea0000000-7f6ea0021000 rw-p 00000000 00:00 0 
7f6ea0021000-7f6ea4000000 ---p 00000000 00:00 0 
7f6ea4000000-7f6ea4021000 rw-p 00000000 00:00 0 
7f6ea4021000-7f6ea8000000 ---p 00000000 00:00 0 
7f6ea8000000-7f6ea831e000 rw-p 00000000 00:00 0 
7f6ea831e000-7f6eac000000 ---p 00000000 00:00 0 
7f6eac000000-7f6eac021000 rw-p 00000000 00:00 0 
7f6eac021000-7f6eb0000000 ---p 00000000 00:00 0 
7f6eb1e59000-7f6eb1f59000 rw-p 00000000 00:00 0 
7f6eb1f59000-7f6eb2059000 ---p 00000000 00:00 0 
7f6eb2059000-7f6eb205c000 r--s 00012000 08:01 939233                     /home/rahul.cheela/.m2/repository/org/glassfish/javax.json/1.0.4/javax.json-1.0.4.jar
7f6eb205c000-7f6eb205d000 r--s 0000e000 08:01 3431993                    /home/rahul.cheela/.m2/repository/gnu/getopt/java-getopt/1.0.13/java-getopt-1.0.13.jar
7f6eb205d000-7f6eb205f000 r--s 00005000 08:01 3431991                    /home/rahul.cheela/.m2/repository/stax/stax-api/1.0.1/stax-api-1.0.1.jar
7f6eb205f000-7f6eb209d000 r--s 0025d000 08:01 1600395                    /home/rahul.cheela/.m2/repository/org/apache/xmlbeans/xmlbeans/2.6.0/xmlbeans-2.6.0.jar
7f6eb209d000-7f6eb20a2000 r--s 00068000 08:01 3431987                    /home/rahul.cheela/.m2/repository/antlr/antlr/2.7.7/antlr-2.7.7.jar
7f6eb20a2000-7f6eb20a5000 r--s 00022000 08:01 7100013                    /home/rahul.cheela/.m2/repository/org/antlr/stringtemplate/3.2.1/stringtemplate-3.2.1.jar
7f6eb20a5000-7f6eb20a7000 r--s 00011000 08:01 5394483                    /home/rahul.cheela/.m2/repository/org/hamcrest/hamcrest-core/1.1/hamcrest-core-1.1.jar
7f6eb20a7000-7f6eb20ae000 r--s 00037000 08:01 3431983                    /home/rahul.cheela/.m2/repository/junit/junit/4.10/junit-4.10.jar
7f6eb20ae000-7f6eb20b4000 r--s 00041000 08:01 4738937                    /home/rahul.cheela/.m2/repository/org/antlr/gunit/3.5.2/gunit-3.5.2.jar
7f6eb20b4000-7f6eb20b7000 r--s 00026000 08:01 3433665                    /home/rahul.cheela/.m2/repository/org/antlr/antlr-runtime/3.5.2/antlr-runtime-3.5.2.jar
7f6eb20b7000-7f6eb20bb000 r--s 00037000 08:01 4348944                    /home/rahul.cheela/.m2/repository/org/antlr/ST4/4.0.8/ST4-4.0.8.jar
7f6eb20bb000-7f6eb20c5000 r--s 00110000 08:01 3433663                    /home/rahul.cheela/.m2/repository/org/antlr/antlr/3.5.2/antlr-3.5.2.jar
7f6eb20c5000-7f6eb20e0000 r--s 0023d000 08:01 3433661                    /home/rahul.cheela/.m2/repository/org/antlr/antlr-complete/3.5.2/antlr-complete-3.5.2.jar
7f6eb20e0000-7f6eb20e5000 r--s 00065000 08:01 3433659                    /home/rahul.cheela/.m2/repository/org/opensourcebim/buildingsmartlibrary/1.0.13/buildingsmartlibrary-1.0.13.jar
7f6eb20e5000-7f6eb20f0000 r--s 000c0000 08:01 3433657                    /home/rahul.cheela/.m2/repository/org/eclipse/birt/runtime/org.eclipse.core.resources/3.8.101.v20130717-0806/org.eclipse.core.resources-3.8.101.v20130717-0806.jar
7f6eb20f0000-7f6eb20f9000 r--s 00102000 08:01 3433655                    /home/rahul.cheela/.m2/repository/org/eclipse/emf/org.eclipse.emf.codegen.ecore/2.15.0/org.eclipse.emf.codegen.ecore-2.15.0.jar
7f6eb20f9000-7f6eb20fd000 r--s 00019000 08:01 3433653                    /home/rahul.cheela/.m2/repository/org/eclipse/platform/org.eclipse.core.commands/3.9.400/org.eclipse.core.commands-3.9.400.jar
7f6eb20fd000-7f6eb2102000 r--s 00041000 08:01 4738935                    /home/rahul.cheela/.m2/repository/org/eclipse/platform/org.eclipse.text/3.8.200/org.eclipse.text-3.8.200.jar
7f6eb2102000-7f6eb210a000 r--s 0005a000 08:01 3433651                    /home/rahul.cheela/.m2/repository/org/eclipse/platform/org.eclipse.debug.core/3.13.300/org.eclipse.debug.core-3.13.300.jar
7f6eb210a000-7f6eb210b000 r--s 00008000 08:01 3433649                    /home/rahul.cheela/.m2/repository/org/eclipse/platform/org.eclipse.core.variables/3.4.500/org.eclipse.core.variables-3.4.500.jar
7f6eb210b000-7f6eb210d000 r--s 000e8000 08:01 3433647                    /home/rahul.cheela/.m2/repository/org/eclipse/jdt/org.eclipse.jdt.debug/3.13.0/org.eclipse.jdt.debug-3.13.0.jar
7f6eb210d000-7f6eb2113000 r--s 00081000 08:01 1999164                    /home/rahul.cheela/.m2/repository/org/eclipse/jdt/org.eclipse.jdt.launching/3.14.0/org.eclipse.jdt.launching-3.14.0.jar
7f6eb2113000-7f6eb2150000 r--s 0066a000 08:01 1600393                    /home/rahul.cheela/.m2/repository/org/eclipse/jdt/org.eclipse.jdt.core/3.18.0/org.eclipse.jdt.core-3.18.0.jar
7f6eb2150000-7f6eb2152000 r--s 0000f000 08:01 3433645                    /home/rahul.cheela/.m2/repository/org/eclipse/platform/org.eclipse.core.filesystem/1.7.400/org.eclipse.core.filesystem-1.7.400.jar
7f6eb2152000-7f6eb2155000 r--s 00015000 08:01 1063988                    /home/rahul.cheela/.m2/repository/org/eclipse/platform/org.eclipse.core.expressions/3.6.400/org.eclipse.core.expressions-3.6.400.jar
7f6eb2155000-7f6eb2160000 r--s 000d0000 08:01 807968                     /home/rahul.cheela/.m2/repository/org/eclipse/platform/org.eclipse.core.resources/3.13.400/org.eclipse.core.resources-3.13.400.jar
7f6eb2160000-7f6eb2162000 r--s 00014000 08:01 4738933                    /home/rahul.cheela/.m2/repository/org/eclipse/platform/org.eclipse.equinox.app/1.4.200/org.eclipse.equinox.app-1.4.200.jar
7f6eb2162000-7f6eb2164000 r--s 00018000 08:01 3433643                    /home/rahul.cheela/.m2/repository/org/eclipse/platform/org.eclipse.core.contenttype/3.7.300/org.eclipse.core.contenttype-3.7.300.jar
7f6eb2164000-7f6eb2167000 r--s 0001e000 08:01 3433641                    /home/rahul.cheela/.m2/repository/org/eclipse/platform/org.eclipse.equinox.preferences/3.7.400/org.eclipse.equinox.preferences-3.7.400.jar
7f6eb2167000-7f6eb216a000 r--s 0002d000 08:01 3433639                    /home/rahul.cheela/.m2/repository/org/eclipse/platform/org.eclipse.equinox.registry/3.8.400/org.eclipse.equinox.registry-3.8.400.jar
7f6eb216a000-7f6eb216d000 r--s 00018000 08:01 1721711                    /home/rahul.cheela/.m2/repository/org/eclipse/platform/org.eclipse.core.jobs/3.10.400/org.eclipse.core.jobs-3.10.400.jar
7f6eb216d000-7f6eb216f000 r--s 0001c000 08:01 1600391                    /home/rahul.cheela/.m2/repository/org/eclipse/platform/org.eclipse.equinox.common/3.10.400/org.eclipse.equinox.common-3.10.400.jar
7f6eb216f000-7f6eb2186000 r--s 0014c000 08:01 5003328                    /home/rahul.cheela/.m2/repository/org/eclipse/platform/org.eclipse.osgi/3.14.0/org.eclipse.osgi-3.14.0.jar
7f6eb2186000-7f6eb2188000 r--s 00011000 08:01 7100011                    /home/rahul.cheela/.m2/repository/org/eclipse/platform/org.eclipse.core.runtime/3.15.300/org.eclipse.core.runtime-3.15.300.jar
7f6eb2188000-7f6eb218e000 r--s 00045000 08:01 3433637                    /home/rahul.cheela/.m2/repository/org/eclipse/emf/org.eclipse.emf.codegen/2.14.0/org.eclipse.emf.codegen-2.14.0.jar
7f6eb218e000-7f6eb2192000 r--s 00036000 08:01 3433635                    /home/rahul.cheela/.m2/repository/org/eclipse/emf/org.eclipse.emf.ecore.xmi/2.15.0/org.eclipse.emf.ecore.xmi-2.15.0.jar
7f6eb2192000-7f6eb21a6000 r--s 00144000 08:01 3433633                    /home/rahul.cheela/.m2/repository/org/eclipse/emf/org.eclipse.emf.ecore/2.15.0/org.eclipse.emf.ecore-2.15.0.jar
7f6eb21a6000-7f6eb21ad000 r--s 00055000 08:01 3433631                    /home/rahul.cheela/.m2/repository/org/eclipse/emf/org.eclipse.emf.common/2.15.0/org.eclipse.emf.common-2.15.0.jar
7f6eb21ad000-7f6eb21e9000 r--s 00632000 08:01 3433629                    /home/rahul.cheela/.m2/repository/org/eclipse/tycho/org.eclipse.jdt.core/3.14.0.v20171206-0802/org.eclipse.jdt.core-3.14.0.v20171206-0802.jar
7f6eb21e9000-7f6eb21f0000 r--s 0003a000 08:01 4338594                    /home/rahul.cheela/.m2/repository/commons-codec/commons-codec/1.9/commons-codec-1.9.jar
7f6eb21f0000-7f6eb21f5000 r--s 00034000 08:01 4086477                    /home/rahul.cheela/.m2/repository/com/google/code/gson/gson/2.5/gson-2.5.jar
7f6eb21f5000-7f6eb21f9000 r--s 0002a000 08:01 5128904                    /home/rahul.cheela/.m2/repository/commons-io/commons-io/2.4/commons-io-2.4.jar
7f6eb21f9000-7f6eb21fb000 r--s 00007000 08:01 3433627                    /home/rahul.cheela/.m2/repository/org/slf4j/slf4j-api/1.7.13/slf4j-api-1.7.13.jar
7f6eb21fb000-7f6eb21fe000 r--s 0000e000 08:01 4348896                    /home/rahul.cheela/.m2/repository/com/fasterxml/jackson/core/jackson-annotations/2.9.0/jackson-annotations-2.9.0.jar
7f6eb21fe000-7f6eb2211000 r--s 00137000 08:01 4348894                    /home/rahul.cheela/.m2/repository/com/fasterxml/jackson/core/jackson-databind/2.9.9/jackson-databind-2.9.9.jar
7f6eb2211000-7f6eb2215000 r--s 0004c000 08:01 1192862                    /home/rahul.cheela/.m2/repository/com/fasterxml/jackson/core/jackson-core/2.9.9/jackson-core-2.9.9.jar
7f6eb2215000-7f6eb2216000 r--s 00000000 08:01 3433625                    /home/rahul.cheela/.m2/repository/org/codehaus/mojo/animal-sniffer-annotations/1.14/animal-sniffer-annotations-1.14.jar
7f6eb2216000-7f6eb2218000 r--s 00001000 08:01 3950784                    /home/rahul.cheela/.m2/repository/com/google/j2objc/j2objc-annotations/1.1/j2objc-annotations-1.1.jar
7f6eb2218000-7f6eb221a000 r--s 00002000 08:01 3950782                    /home/rahul.cheela/.m2/repository/com/google/errorprone/error_prone_annotations/2.1.3/error_prone_annotations-2.1.3.jar
7f6eb221a000-7f6eb2224000 r--s 00026000 08:01 3433623                    /home/rahul.cheela/.m2/repository/org/checkerframework/checker-qual/2.5.2/checker-qual-2.5.2.jar
7f6eb2224000-7f6eb2226000 r--s 00003000 08:01 3950780                    /home/rahul.cheela/.m2/repository/com/google/code/findbugs/jsr305/3.0.2/jsr305-3.0.2.jar
7f6eb2226000-7f6eb2258000 r--s 0026c000 08:01 3950775                    /home/rahul.cheela/.m2/repository/com/google/guava/guava/26.0-jre/guava-26.0-jre.jar
7f6eb2258000-7f6eb225f000 r--s 00064000 08:01 1063986                    /home/rahul.cheela/.m2/repository/org/apache/commons/commons-lang3/3.4/commons-lang3-3.4.jar
7f6eb225f000-7f6eb2261000 r--s 00000000 08:01 6313573                    /home/rahul.cheela/.m2/repository/org/codehaus/plexus/plexus-component-annotations/1.6/plexus-component-annotations-1.6.jar
7f6eb2261000-7f6eb2262000 r--s 00003000 08:01 1600389                    /home/rahul.cheela/.m2/repository/org/apache/maven/maven-builder-support/3.3.9/maven-builder-support-3.3.9.jar
7f6eb2262000-7f6eb2264000 r--s 0000c000 08:01 939231                     /home/rahul.cheela/.m2/repository/org/apache/maven/maven-artifact/3.3.9/maven-artifact-3.3.9.jar
7f6eb2264000-7f6eb2267000 r--s 0000d000 08:01 4215225                    /home/rahul.cheela/.m2/repository/org/codehaus/plexus/plexus-interpolation/1.21/plexus-interpolation-1.21.jar
7f6eb2267000-7f6eb226c000 r--s 00027000 08:01 3433621                    /home/rahul.cheela/.m2/repository/org/apache/maven/maven-model-builder/3.3.9/maven-model-builder-3.3.9.jar
7f6eb226c000-7f6eb226f000 r--s 00026000 08:01 3433619                    /home/rahul.cheela/.m2/repository/org/apache/maven/maven-model/3.3.9/maven-model-3.3.9.jar
7f6eb226f000-7f6eb2271000 r--s 0000f000 08:01 3433617                    /home/rahul.cheela/.m2/repository/org/apache/maven/maven-aether-provider/3.3.9/maven-aether-provider-3.3.9.jar
7f6eb2271000-7f6eb2272000 r--s 00006000 08:01 3433613                    /home/rahul.cheela/.m2/repository/org/apache/maven/maven-repository-metadata/3.3.9/maven-repository-metadata-3.3.9.jar
7f6eb2272000-7f6eb2276000 r--s 00027000 08:01 3433611                    /home/rahul.cheela/.m2/repository/org/eclipse/aether/aether-impl/1.0.2.v20150114/aether-impl-1.0.2.v20150114.jar
7f6eb2276000-7f6eb2277000 r--s 00008000 08:01 3433609                    /home/rahul.cheela/.m2/repository/org/eclipse/aether/aether-connector-basic/1.0.2.v20150114/aether-connector-basic-1.0.2.v20150114.jar
7f6eb2277000-7f6eb2279000 r--s 00006000 08:01 3433607                    /home/rahul.cheela/.m2/repository/org/eclipse/aether/aether-spi/1.0.2.v20150114/aether-spi-1.0.2.v20150114.jar
7f6eb2279000-7f6eb227b000 r--s 00003000 08:01 3433605                    /home/rahul.cheela/.m2/repository/org/slf4j/jcl-over-slf4j/1.6.2/jcl-over-slf4j-1.6.2.jar
7f6eb227b000-7f6eb227d000 r--s 00007000 08:01 3433603                    /home/rahul.cheela/.m2/repository/org/eclipse/aether/aether-transport-http/1.0.2.v20150114/aether-transport-http-1.0.2.v20150114.jar
7f6eb227d000-7f6eb2281000 r--s 00020000 08:01 3433601                    /home/rahul.cheela/.m2/repository/org/eclipse/aether/aether-util/1.0.2.v20150114/aether-util-1.0.2.v20150114.jar
7f6eb2281000-7f6eb2283000 r--s 00001000 08:01 3433599                    /home/rahul.cheela/.m2/repository/org/eclipse/aether/aether-transport-file/1.0.2.v20150114/aether-transport-file-1.0.2.v20150114.jar
7f6eb2283000-7f6eb2288000 r--s 0001d000 08:01 3433597                    /home/rahul.cheela/.m2/repository/org/eclipse/aether/aether-api/1.0.2.v20150114/aether-api-1.0.2.v20150114.jar
7f6eb2288000-7f6eb228a000 r--s 00009000 08:01 3433595                    /home/rahul.cheela/.m2/repository/org/apache/httpcomponents/httpmime/4.5.7/httpmime-4.5.7.jar
7f6eb228a000-7f6eb228c000 r--s 0000e000 08:01 4209055                    /home/rahul.cheela/.m2/repository/commons-logging/commons-logging/1.2/commons-logging-1.2.jar
7f6eb228c000-7f6eb2293000 r--s 00049000 08:01 7100009                    /home/rahul.cheela/.m2/repository/org/apache/httpcomponents/httpcore/4.4.11/httpcore-4.4.11.jar
7f6eb2293000-7f6eb22a0000 r--s 000af000 08:01 4215223                    /home/rahul.cheela/.m2/repository/org/apache/httpcomponents/httpclient/4.5.7/httpclient-4.5.7.jar
7f6eb22a0000-7f6eb22a1000 r--s 00003000 08:01 4086475                    /home/rahul.cheela/.m2/repository/jakarta/jws/jakarta.jws-api/1.1.1/jakarta.jws-api-1.1.1.jar
7f6eb22a1000-7f6eb22a3000 r--s 00007000 08:01 4870393                    /home/rahul.cheela/.m2/repository/jakarta/xml/soap/jakarta.xml.soap-api/1.4.1/jakarta.xml.soap-api-1.4.1.jar
7f6eb22a3000-7f6eb22a7000 r--s 00019000 08:01 6313562                    /home/rahul.cheela/.m2/repository/jakarta/xml/bind/jakarta.xml.bind-api/2.3.2/jakarta.xml.bind-api-2.3.2.jar
7f6eb22a7000-7f6eb22aa000 r--s 0000c000 08:01 4870388                    /home/rahul.cheela/.m2/repository/jakarta/xml/ws/jakarta.xml.ws-api/2.3.2/jakarta.xml.ws-api-2.3.2.jar
7f6eb22aa000-7f6eb22ac000 r--s 00004000 08:01 3433593                    /home/rahul.cheela/.m2/repository/org/eclipse/persistence/commonj.sdo/2.1.1/commonj.sdo-2.1.1.jar
7f6eb22ac000-7f6eb22b1000 r--s 0005d000 08:01 3433591                    /home/rahul.cheela/.m2/repository/org/eclipse/persistence/org.eclipse.persistence.sdo/2.7.4/org.eclipse.persistence.sdo-2.7.4.jar
7f6eb22b1000-7f6eb22b3000 r--s 0000d000 08:01 3819337                    /home/rahul.cheela/.m2/repository/com/sun/xml/ws/sdo-eclipselink-plugin/2.3.2/sdo-eclipselink-plugin-2.3.2.jar
7f6eb22b3000-7f6eb22bb000 r--s 00075000 08:01 3433589                    /home/rahul.cheela/.m2/repository/org/eclipse/persistence/org.eclipse.persistence.asm/2.7.4/org.eclipse.persistence.asm-2.7.4.jar
7f6eb22bb000-7f6eb22fb000 r--s 004e5000 08:01 3433587                    /home/rahul.cheela/.m2/repository/org/eclipse/persistence/org.eclipse.persistence.core/2.7.4/org.eclipse.persistence.core-2.7.4.jar
7f6eb22fb000-7f6eb2304000 r--s 00097000 08:01 3433585                    /home/rahul.cheela/.m2/repository/org/eclipse/persistence/org.eclipse.persistence.moxy/2.7.4/org.eclipse.persistence.moxy-2.7.4.jar
7f6eb2304000-7f6eb230a000 r--s 00024000 08:01 1998752                    /home/rahul.cheela/.m2/repository/jakarta/persistence/jakarta.persistence-api/2.2.2/jakarta.persistence-api-2.2.2.jar
7f6eb230a000-7f6eb230f000 r--s 00031000 08:01 5003136                    /home/rahul.cheela/.m2/repository/jakarta/mail/jakarta.mail-api/1.6.3/jakarta.mail-api-1.6.3.jar
7f6eb230f000-7f6eb2311000 r--s 00007000 08:01 3819335                    /home/rahul.cheela/.m2/repository/com/sun/xml/ws/jaxws-eclipselink-plugin/2.3.2/jaxws-eclipselink-plugin-2.3.2.jar
7f6eb2311000-7f6eb2314000 r--s 0001c000 08:01 3819333                    /home/rahul.cheela/.m2/repository/com/sun/xml/bind/jaxb-jxc/2.3.2/jaxb-jxc-2.3.2.jar
7f6eb2314000-7f6eb2337000 r--s 001ad000 08:01 3819331                    /home/rahul.cheela/.m2/repository/com/sun/xml/bind/jaxb-xjc/2.3.2/jaxb-xjc-2.3.2.jar
7f6eb2337000-7f6eb2344000 r--s 000bf000 08:01 3819329                    /home/rahul.cheela/.m2/repository/com/sun/xml/ws/jaxws-tools/2.3.2/jaxws-tools-2.3.2.jar
7f6eb2344000-7f6eb2346000 r--s 00009000 08:01 1468486                    /home/rahul.cheela/.m2/repository/jakarta/activation/jakarta.activation-api/1.2.1/jakarta.activation-api-1.2.1.jar
7f6eb2346000-7f6eb234e000 r--s 00068000 08:01 3819325                    /home/rahul.cheela/.m2/repository/com/sun/xml/messaging/saaj/saaj-impl/1.5.1/saaj-impl-1.5.1.jar
7f6eb234e000-7f6eb2350000 r--s 00007000 08:01 3433581                    /home/rahul.cheela/.m2/repository/org/glassfish/ha/ha-api/3.1.12/ha-api-3.1.12.jar
7f6eb2350000-7f6eb2355000 r--s 00049000 08:01 3819322                    /home/rahul.cheela/.m2/repository/com/sun/xml/fastinfoset/FastInfoset/1.2.16/FastInfoset-1.2.16.jar
7f6eb2355000-7f6eb2357000 r--s 0000f000 08:01 4870459                    /home/rahul.cheela/.m2/repository/org/jvnet/mimepull/mimepull/1.9.11/mimepull-1.9.11.jar
7f6eb2357000-7f6eb235a000 r--s 00010000 08:01 3819320                    /home/rahul.cheela/.m2/repository/com/sun/xml/stream/buffer/streambuffer/1.5.7/streambuffer-1.5.7.jar
7f6eb235a000-7f6eb235c000 r--s 00008000 08:01 6570837                    /home/rahul.cheela/.m2/repository/org/jvnet/staxex/stax-ex/1.8.1/stax-ex-1.8.1.jar
7f6eb235c000-7f6eb235d000 r--s 0000b000 08:01 3433579                    /home/rahul.cheela/.m2/repository/org/glassfish/pfl/pfl-tf-tools/4.0.1/pfl-tf-tools-4.0.1.jar
7f6eb235d000-7f6eb2360000 r--s 0000f000 08:01 3433577                    /home/rahul.cheela/.m2/repository/org/glassfish/pfl/pfl-basic-tools/4.0.1/pfl-basic-tools-4.0.1.jar
7f6eb2360000-7f6eb2368000 r--s 0004c000 08:01 3433575                    /home/rahul.cheela/.m2/repository/org/glassfish/pfl/pfl-dynamic/4.0.1/pfl-dynamic-4.0.1.jar
7f6eb2368000-7f6eb236e000 r--s 00052000 08:01 3433573                    /home/rahul.cheela/.m2/repository/org/glassfish/pfl/pfl-asm/4.0.1/pfl-asm-4.0.1.jar
7f6eb236e000-7f6eb2371000 r--s 00014000 08:01 3433571                    /home/rahul.cheela/.m2/repository/org/glassfish/pfl/pfl-tf/4.0.1/pfl-tf-4.0.1.jar
7f6eb2371000-7f6eb2377000 r--s 0002b000 08:01 3433569                    /home/rahul.cheela/.m2/repository/org/glassfish/pfl/pfl-basic/4.0.1/pfl-basic-4.0.1.jar
7f6eb2377000-7f6eb237a000 r--s 00009000 08:01 1721709                    /home/rahul.cheela/.m2/repository/org/glassfish/external/management-api/3.2.1/management-api-3.2.1.jar
7f6eb237a000-7f6eb2380000 r--s 0002d000 08:01 807966                     /home/rahul.cheela/.m2/repository/org/glassfish/gmbal/gmbal/4.0.0/gmbal-4.0.0.jar
7f6eb2380000-7f6eb2384000 r--s 00029000 08:01 3819318                    /home/rahul.cheela/.m2/repository/com/sun/xml/ws/policy/2.7.6/policy-2.7.6.jar
7f6eb2384000-7f6eb2386000 r--s 00005000 08:01 3819316                    /home/rahul.cheela/.m2/repository/com/sun/istack/istack-commons-runtime/3.0.8/istack-commons-runtime-3.0.8.jar
7f6eb2386000-7f6eb2388000 r--s 00010000 08:01 4738931                    /home/rahul.cheela/.m2/repository/org/glassfish/jaxb/txw2/2.3.2/txw2-2.3.2.jar
7f6eb2388000-7f6eb239d000 r--s 000e3000 08:01 4215221                    /home/rahul.cheela/.m2/repository/org/glassfish/jaxb/jaxb-runtime/2.3.2/jaxb-runtime-2.3.2.jar
7f6eb239d000-7f6eb23c9000 r--s 0022e000 08:01 3819314                    /home/rahul.cheela/.m2/repository/com/sun/xml/ws/jaxws-rt/2.3.2/jaxws-rt-2.3.2.jar
7f6eb23c9000-7f6eb23cb000 r--s 00005000 08:01 4086470                    /home/rahul.cheela/.m2/repository/jakarta/annotation/jakarta.annotation-api/1.3.4/jakarta.annotation-api-1.3.4.jar
7f6eb23cb000-7f6eb25cb000 rw-p 00000000 00:00 0 
7f6eb25cb000-7f6eb2644000 r--s 010e7000 08:01 4064495                    /usr/share/java/jdk1.8.0_112/lib/tools.jar
7f6eb2644000-7f6eb2647000 r--s 0001b000 08:01 3420464                    /home/rahul.cheela/.m2/repository/junit/junit/3.8.2/junit-3.8.2.jar
7f6eb2647000-7f6eb2655000 r--s 0008f000 08:01 4600263                    /home/rahul.cheela/.m2/repository/com/google/collections/google-collections/1.0/google-collections-1.0.jar
7f6eb2655000-7f6eb2656000 r--s 0000a000 08:01 4600261                    /home/rahul.cheela/.m2/repository/commons-logging/commons-logging-api/1.1/commons-logging-api-1.1.jar
7f6eb2656000-7f6eb265d000 r--s 00051000 08:01 4600259                    /home/rahul.cheela/.m2/repository/log4j/log4j/1.2.12/log4j-1.2.12.jar
7f6eb265d000-7f6eb2661000 r--s 0001d000 08:01 3434027                    /home/rahul.cheela/.m2/repository/org/apache/xbean/xbean-reflect/3.4/xbean-reflect-3.4.jar
7f6eb2661000-7f6eb2662000 r--s 00004000 08:01 1195014                    /home/rahul.cheela/.m2/repository/org/codehaus/plexus/plexus-compiler-javac/2.5/plexus-compiler-javac-2.5.jar
7f6eb2662000-7f6eb2664000 r--s 00000000 08:01 939245                     /home/rahul.cheela/.m2/repository/org/codehaus/plexus/plexus-compiler-manager/2.5/plexus-compiler-manager-2.5.jar
7f6eb2664000-7f6eb2666000 r--s 00005000 08:01 4738948                    /home/rahul.cheela/.m2/repository/org/codehaus/plexus/plexus-compiler-api/2.5/plexus-compiler-api-2.5.jar
7f6eb2666000-7f6eb2668000 r--s 00000000 08:01 6313593                    /home/rahul.cheela/.m2/repository/org/codehaus/plexus/plexus-component-annotations/1.5.5/plexus-component-annotations-1.5.5.jar
7f6eb2668000-7f6eb266a000 r--s 00002000 08:01 3434021                    /home/rahul.cheela/.m2/repository/org/apache/maven/shared/maven-shared-incremental/1.1/maven-shared-incremental-1.1.jar
7f6eb266a000-7f6eb266c000 r--s 00006000 08:01 3953311                    /home/rahul.cheela/.m2/repository/com/google/code/findbugs/jsr305/2.0.1/jsr305-2.0.1.jar
7f6eb266c000-7f6eb2670000 r--s 00026000 08:01 3434019                    /home/rahul.cheela/.m2/repository/org/apache/maven/shared/maven-shared-utils/0.7/maven-shared-utils-0.7.jar
7f6eb2670000-7f6eb2674000 r--s 00034000 08:01 3434015                    /home/rahul.cheela/.m2/repository/org/codehaus/plexus/plexus-utils/1.5.15/plexus-utils-1.5.15.jar
7f6eb2674000-7f6eb2676000 r--s 0000a000 08:01 3432436                    /home/rahul.cheela/.m2/repository/org/apache/maven/plugins/maven-compiler-plugin/3.3/maven-compiler-plugin-3.3.jar
7f6eb2676000-7f6eb2876000 rw-p 00000000 00:00 0 
7f6eb2876000-7f6eb2878000 r--s 0000d000 08:01 3433971                    /home/rahul.cheela/.m2/repository/org/codehaus/plexus/plexus-interpolation/1.13/plexus-interpolation-1.13.jar
7f6eb2878000-7f6eb2879000 r--s 00001000 08:01 3433969                    /home/rahul.cheela/.m2/repository/org/sonatype/plexus/plexus-build-api/0.0.4/plexus-build-api-0.0.4.jar
7f6eb2879000-7f6eb287b000 r--s 00009000 08:01 3433967                    /home/rahul.cheela/.m2/repository/org/apache/maven/shared/maven-filtering/1.1/maven-filtering-1.1.jar
7f6eb287b000-7f6eb287f000 r--s 00033000 08:01 3433965                    /home/rahul.cheela/.m2/repository/org/codehaus/plexus/plexus-utils/2.0.5/plexus-utils-2.0.5.jar
7f6eb287f000-7f6eb2882000 r--s 0001b000 08:01 3420438                    /home/rahul.cheela/.m2/repository/junit/junit/3.8.1/junit-3.8.1.jar
7f6eb2882000-7f6eb2884000 r--s 00006000 08:01 3953327                    /home/rahul.cheela/.m2/repository/commons-cli/commons-cli/1.0/commons-cli-1.0.jar
7f6eb2884000-7f6eb2885000 r--s 00001000 08:01 3433957                    /home/rahul.cheela/.m2/repository/org/apache/maven/doxia/doxia-sink-api/1.0-alpha-7/doxia-sink-api-1.0-alpha-7.jar
7f6eb2885000-7f6eb2886000 r--s 00002000 08:01 3433955                    /home/rahul.cheela/.m2/repository/org/apache/maven/reporting/maven-reporting-api/2.0.6/maven-reporting-api-2.0.6.jar
7f6eb2886000-7f6eb2888000 r--s 00006000 08:01 3432422                    /home/rahul.cheela/.m2/repository/org/apache/maven/plugins/maven-resources-plugin/2.6/maven-resources-plugin-2.6.jar
7f6eb2888000-7f6eb288d000 r--s 00040000 08:01 3433888                    /home/rahul.cheela/.m2/repository/org/beanshell/bsh/2.0b4/bsh-2.0b4.jar
7f6eb288d000-7f6eb2891000 r--s 00038000 08:01 3433615                    /home/rahul.cheela/.m2/repository/org/codehaus/plexus/plexus-utils/3.0.22/plexus-utils-3.0.22.jar
7f6eb2891000-7f6eb2893000 r--s 00002000 08:01 3433884                    /home/rahul.cheela/.m2/repository/org/sonatype/plexus/plexus-cipher/1.4/plexus-cipher-1.4.jar
7f6eb2893000-7f6eb2894000 r--s 00006000 08:01 3433882                    /home/rahul.cheela/.m2/repository/org/sonatype/plexus/plexus-sec-dispatcher/1.3/plexus-sec-dispatcher-1.3.jar
7f6eb2894000-7f6eb2896000 r--s 00002000 08:01 3433878                    /home/rahul.cheela/.m2/repository/org/codehaus/plexus/plexus-interactivity-api/1.0-alpha-4/plexus-interactivity-api-1.0-alpha-4.jar
7f6eb2896000-7f6eb2898000 r--s 00009000 08:01 3950793                    /home/rahul.cheela/.m2/repository/commons-cli/commons-cli/1.2/commons-cli-1.2.jar
7f6eb2898000-7f6eb2899000 r--s 00002000 08:01 3433872                    /home/rahul.cheela/.m2/repository/org/apache/maven/doxia/doxia-logging-api/1.1/doxia-logging-api-1.1.jar
7f6eb2899000-7f6eb289b000 r--s 00002000 08:01 3433870                    /home/rahul.cheela/.m2/repository/org/apache/maven/doxia/doxia-sink-api/1.1/doxia-sink-api-1.1.jar
7f6eb289b000-7f6eb289c000 r--s 00002000 08:01 3433868                    /home/rahul.cheela/.m2/repository/org/apache/maven/reporting/maven-reporting-api/2.2.1/maven-reporting-api-2.2.1.jar
7f6eb289c000-7f6eb289e000 r--s 00003000 08:01 3433866                    /home/rahul.cheela/.m2/repository/org/slf4j/jcl-over-slf4j/1.5.6/jcl-over-slf4j-1.5.6.jar
7f6eb289e000-7f6eb28a0000 r--s 00001000 08:01 3433862                    /home/rahul.cheela/.m2/repository/org/slf4j/slf4j-jdk14/1.5.6/slf4j-jdk14-1.5.6.jar
7f6eb28a0000-7f6eb28a2000 r--s 0000b000 08:01 3433854                    /home/rahul.cheela/.m2/repository/org/codehaus/plexus/plexus-interpolation/1.11/plexus-interpolation-1.11.jar
7f6eb28a2000-7f6eb28aa000 r--s 00049000 08:01 4338657                    /home/rahul.cheela/.m2/repository/backport-util-concurrent/backport-util-concurrent/3.1/backport-util-concurrent-3.1.jar
7f6eb28aa000-7f6eb2aaa000 rw-p 00000000 00:00 0 
7f6eb2aaa000-7f6eb2aac000 r--s 0000b000 08:01 3432408                    /home/rahul.cheela/.m2/repository/org/codehaus/mojo/build-helper-maven-plugin/1.10/build-helper-maven-plugin-1.10.jar
7f6eb2aac000-7f6eb2abd000 r-xp 00000000 08:01 4459460                    /usr/share/java/jdk1.8.0_112/jre/lib/amd64/libnio.so
7f6eb2abd000-7f6eb2cbc000 ---p 00011000 08:01 4459460                    /usr/share/java/jdk1.8.0_112/jre/lib/amd64/libnio.so
7f6eb2cbc000-7f6eb2cbd000 rw-p 00010000 08:01 4459460                    /usr/share/java/jdk1.8.0_112/jre/lib/amd64/libnio.so
7f6eb2cbd000-7f6eb2cd3000 r-xp 00000000 08:01 4459435                    /usr/share/java/jdk1.8.0_112/jre/lib/amd64/libnet.so
7f6eb2cd3000-7f6eb2ed3000 ---p 00016000 08:01 4459435                    /usr/share/java/jdk1.8.0_112/jre/lib/amd64/libnet.so
7f6eb2ed3000-7f6eb2ed4000 rw-p 00016000 08:01 4459435                    /usr/share/java/jdk1.8.0_112/jre/lib/amd64/libnet.so
7f6eb2ed4000-7f6eb2ed9000 r--s 00098000 08:01 3413195                    /usr/share/java/jdk1.8.0_112/jre/lib/jsse.jar
7f6eb2ed9000-7f6eb30d9000 rw-p 00000000 00:00 0 
7f6eb30d9000-7f6eb32d9000 rw-p 00000000 00:00 0 
7f6eb32d9000-7f6eb34d9000 rw-p 00000000 00:00 0 
7f6eb34d9000-7f6eb34db000 r--s 00027000 08:01 3161823                    /usr/share/java/maven3-model-3.3.9.jar
7f6eb34db000-7f6eb34dd000 r--s 0000a000 08:01 3161817                    /usr/share/java/maven3-plugin-api-3.3.9.jar
7f6eb34dd000-7f6eb34e0000 r--s 00007000 08:01 3161825                    /usr/share/java/maven3-settings-builder-3.3.9.jar
7f6eb34e0000-7f6eb34e1000 r--s 00001000 08:01 3161806                    /usr/share/java/wagon-http-shared-2.x.jar
7f6eb34e1000-7f6eb34e6000 r--s 00040000 08:01 3161526                    /usr/share/java/commons-lang-2.6.jar
7f6eb34e6000-7f6eb34f4000 r--s 00095000 08:01 3161691                    /usr/share/java/guice.jar
7f6eb34f4000-7f6eb34f6000 r--s 0000d000 08:01 3161824                    /usr/share/java/maven3-aether-provider-3.3.9.jar
7f6eb34f6000-7f6eb34f8000 r--s 00006000 08:01 3161672                    /usr/share/java/eclipse-aether-spi.jar
7f6eb34f8000-7f6eb34f9000 r--s 00006000 08:01 3161739                    /usr/share/java/plexus-sec-dispatcher.jar
7f6eb34f9000-7f6eb34fd000 r--s 00038000 08:01 3161783                    /usr/share/java/plexus-utils2.jar
7f6eb34fd000-7f6eb34ff000 r--s 0000a000 08:01 3161512                    /usr/share/java/commons-cli-1.3.1.jar
7f6eb34ff000-7f6eb3506000 r--s 0005d000 08:01 3161528                    /usr/share/java/commons-lang3.jar
7f6eb3506000-7f6eb350a000 r--s 00027000 08:01 3161524                    /usr/share/java/commons-io-2.4.jar
7f6eb350a000-7f6eb350f000 r--s 0001d000 08:01 3161674                    /usr/share/java/eclipse-aether-api.jar
7f6eb350f000-7f6eb3511000 r--s 0000a000 08:01 3161800                    /usr/share/java/wagon-provider-api-2.x.jar
7f6eb3511000-7f6eb3513000 r--s 0000e000 08:01 3161573                    /usr/share/java/plexus-interpolation.jar
7f6eb3513000-7f6eb3515000 r--s 00002000 08:01 3161737                    /usr/share/java/plexus-cipher.jar
7f6eb3515000-7f6eb3516000 r--s 00002000 08:01 3161591                    /usr/share/java/slf4j-simple.jar
7f6eb3516000-7f6eb3518000 r--s 00007000 08:01 3161594                    /usr/share/java/slf4j-api.jar
7f6eb3518000-7f6eb351f000 r--s 00041000 08:01 3161818                    /usr/share/java/maven3-compat-3.3.9.jar
7f6eb351f000-7f6eb3520000 r--s 00008000 08:01 3161670                    /usr/share/java/eclipse-aether-connector-basic.jar
7f6eb3520000-7f6eb3521000 ---p 00000000 00:00 0 
7f6eb3521000-7f6eb3621000 rw-p 00000000 00:00 0 
7f6eb3621000-7f6eb3624000 ---p 00000000 00:00 0 
7f6eb3624000-7f6eb3722000 rw-p 00000000 00:00 0 
7f6eb3722000-7f6eb3725000 ---p 00000000 00:00 0 
7f6eb3725000-7f6eb3823000 rw-p 00000000 00:00 0 
7f6eb3823000-7f6eb3826000 ---p 00000000 00:00 0 
7f6eb3826000-7f6eb3924000 rw-p 00000000 00:00 0 
7f6eb3924000-7f6eb3927000 ---p 00000000 00:00 0 
7f6eb3927000-7f6eb3a25000 rw-p 00000000 00:00 0 
7f6eb3a25000-7f6eb3cfd000 r--p 00000000 08:01 2885923                    /usr/lib/locale/locale-archive
7f6eb3cfd000-7f6eb3d00000 ---p 00000000 00:00 0 
7f6eb3d00000-7f6eb3dfe000 rw-p 00000000 00:00 0 
7f6eb3dfe000-7f6eb3e01000 ---p 00000000 00:00 0 
7f6eb3e01000-7f6eb3eff000 rw-p 00000000 00:00 0 
7f6eb3eff000-7f6eb3f00000 ---p 00000000 00:00 0 
7f6eb3f00000-7f6eb4000000 rw-p 00000000 00:00 0 
7f6eb4000000-7f6eb4021000 rw-p 00000000 00:00 0 
7f6eb4021000-7f6eb8000000 ---p 00000000 00:00 0 
7f6eb8000000-7f6eb8004000 r--s 00027000 08:01 3161667                    /usr/share/java/eclipse-aether-impl.jar
7f6eb8004000-7f6eb800c000 r--s 00054000 08:01 3161795                    /usr/share/java/sisu-inject.jar
7f6eb800c000-7f6eb800d000 r--s 00004000 08:01 3161478                    /usr/share/java/atinject-jsr330-tck-1.0.jar
7f6eb800d000-7f6eb800f000 r--s 00001000 08:01 3161826                    /usr/share/java/maven3-builder-support-3.3.9.jar
7f6eb800f000-7f6eb8040000 r--s 00207000 08:01 3161803                    /usr/share/java/wagon-http-shaded-2.x.jar
7f6eb8040000-7f6eb8041000 r--s 00001000 08:01 3161799                    /usr/share/java/wagon-file-2.x.jar
7f6eb8041000-7f6eb8047000 r--s 00048000 08:01 3161610                    /usr/share/java/jsoup.jar
7f6eb8047000-7f6eb8048000 r--s 00006000 08:01 3161820                    /usr/share/java/maven3-repository-metadata-3.3.9.jar
7f6eb8048000-7f6eb804f000 r--s 0002c000 08:01 3161797                    /usr/share/java/sisu-plexus.jar
7f6eb804f000-7f6eb8051000 r--s 00001000 08:01 3161686                    /usr/share/java/aopalliance-1.0.jar
7f6eb8051000-7f6eb8056000 r--s 00025000 08:01 3161821                    /usr/share/java/maven3-model-builder-3.3.9.jar
7f6eb8056000-7f6eb8063000 r--s 0008d000 08:01 3161819                    /usr/share/java/maven3-core-3.3.9.jar
7f6eb8063000-7f6eb808f000 r--s 00208000 08:01 3161614                    /usr/share/java/guava.jar
7f6eb808f000-7f6eb8897000 rw-p 00000000 00:00 0 
7f6eb8897000-7f6eb8a70000 r--s 03d2c000 08:01 3413200                    /usr/share/java/jdk1.8.0_112/jre/lib/rt.jar
7f6eb8a70000-7f6ebd000000 rw-p 00000000 00:00 0 
7f6ebd000000-7f6ebdfd0000 rwxp 00000000 00:00 0 
7f6ebdfd0000-7f6ecc000000 ---p 00000000 00:00 0 
7f6ecc000000-7f6ecd6df000 rw-p 00000000 00:00 0 
7f6ecd6df000-7f6ed0000000 ---p 00000000 00:00 0 
7f6ed0000000-7f6ed0001000 r--s 00000000 08:01 3161492                    /usr/share/java/geronimo-interceptor-3.0-spec-1.0.1.jar
7f6ed0001000-7f6ed0003000 r--s 00012000 08:01 3161499                    /usr/share/java/el-api-3.0.jar
7f6ed0003000-7f6ed0004000 r--s 00000000 08:01 3161479                    /usr/share/java/atinject-jsr330-api-1.0.jar
7f6ed0004000-7f6ed0007000 r--s 00008000 08:01 3161504                    /usr/share/java/cdi-api-1.0.jar
7f6ed0007000-7f6ed0609000 rw-p 00000000 00:00 0 
7f6ed0609000-7f6ed060a000 ---p 00000000 00:00 0 
7f6ed060a000-7f6ed070a000 rw-p 00000000 00:00 0 
7f6ed070a000-7f6ed070b000 ---p 00000000 00:00 0 
7f6ed070b000-7f6ed087d000 rw-p 00000000 00:00 0 
7f6ed087d000-7f6ed0a9c000 ---p 00000000 00:00 0 
7f6ed0a9c000-7f6ed0b0e000 rw-p 00000000 00:00 0 
7f6ed0b0e000-7f6ed0d2c000 ---p 00000000 00:00 0 
7f6ed0d2c000-7f6ed0e75000 rw-p 00000000 00:00 0 
7f6ed0e75000-7f6ed0eb6000 rw-p 00000000 00:00 0 
7f6ed0eb6000-7f6ed1236000 ---p 00000000 00:00 0 
7f6ed1236000-7f6ed1250000 r-xp 00000000 08:01 4459458                    /usr/share/java/jdk1.8.0_112/jre/lib/amd64/libzip.so
7f6ed1250000-7f6ed1450000 ---p 0001a000 08:01 4459458                    /usr/share/java/jdk1.8.0_112/jre/lib/amd64/libzip.so
7f6ed1450000-7f6ed1451000 rw-p 0001a000 08:01 4459458                    /usr/share/java/jdk1.8.0_112/jre/lib/amd64/libzip.so
7f6ed1451000-7f6ed147c000 r-xp 00000000 08:01 4459485                    /usr/share/java/jdk1.8.0_112/jre/lib/amd64/libjava.so
7f6ed147c000-7f6ed167b000 ---p 0002b000 08:01 4459485                    /usr/share/java/jdk1.8.0_112/jre/lib/amd64/libjava.so
7f6ed167b000-7f6ed167d000 rw-p 0002a000 08:01 4459485                    /usr/share/java/jdk1.8.0_112/jre/lib/amd64/libjava.so
7f6ed167d000-7f6ed168a000 r-xp 00000000 08:01 4459436                    /usr/share/java/jdk1.8.0_112/jre/lib/amd64/libverify.so
7f6ed168a000-7f6ed1889000 ---p 0000d000 08:01 4459436                    /usr/share/java/jdk1.8.0_112/jre/lib/amd64/libverify.so
7f6ed1889000-7f6ed188b000 rw-p 0000c000 08:01 4459436                    /usr/share/java/jdk1.8.0_112/jre/lib/amd64/libverify.so
7f6ed188b000-7f6ed1892000 r-xp 00000000 08:01 6820718                    /lib/x86_64-linux-gnu/librt-2.23.so
7f6ed1892000-7f6ed1a91000 ---p 00007000 08:01 6820718                    /lib/x86_64-linux-gnu/librt-2.23.so
7f6ed1a91000-7f6ed1a92000 r--p 00006000 08:01 6820718                    /lib/x86_64-linux-gnu/librt-2.23.so
7f6ed1a92000-7f6ed1a93000 rw-p 00007000 08:01 6820718                    /lib/x86_64-linux-gnu/librt-2.23.so
7f6ed1a93000-7f6ed1b9b000 r-xp 00000000 08:01 6820642                    /lib/x86_64-linux-gnu/libm-2.23.so
7f6ed1b9b000-7f6ed1d9a000 ---p 00108000 08:01 6820642                    /lib/x86_64-linux-gnu/libm-2.23.so
7f6ed1d9a000-7f6ed1d9b000 r--p 00107000 08:01 6820642                    /lib/x86_64-linux-gnu/libm-2.23.so
7f6ed1d9b000-7f6ed1d9c000 rw-p 00108000 08:01 6820642                    /lib/x86_64-linux-gnu/libm-2.23.so
7f6ed1d9c000-7f6ed2a6a000 r-xp 00000000 08:01 4459489                    /usr/share/java/jdk1.8.0_112/jre/lib/amd64/server/libjvm.so
7f6ed2a6a000-7f6ed2c6a000 ---p 00cce000 08:01 4459489                    /usr/share/java/jdk1.8.0_112/jre/lib/amd64/server/libjvm.so
7f6ed2c6a000-7f6ed2d43000 rw-p 00cce000 08:01 4459489                    /usr/share/java/jdk1.8.0_112/jre/lib/amd64/server/libjvm.so
7f6ed2d43000-7f6ed2d8e000 rw-p 00000000 00:00 0 
7f6ed2d8e000-7f6ed2f4e000 r-xp 00000000 08:01 6820574                    /lib/x86_64-linux-gnu/libc-2.23.so
7f6ed2f4e000-7f6ed314e000 ---p 001c0000 08:01 6820574                    /lib/x86_64-linux-gnu/libc-2.23.so
7f6ed314e000-7f6ed3152000 r--p 001c0000 08:01 6820574                    /lib/x86_64-linux-gnu/libc-2.23.so
7f6ed3152000-7f6ed3154000 rw-p 001c4000 08:01 6820574                    /lib/x86_64-linux-gnu/libc-2.23.so
7f6ed3154000-7f6ed3158000 rw-p 00000000 00:00 0 
7f6ed3158000-7f6ed315b000 r-xp 00000000 08:01 6820596                    /lib/x86_64-linux-gnu/libdl-2.23.so
7f6ed315b000-7f6ed335a000 ---p 00003000 08:01 6820596                    /lib/x86_64-linux-gnu/libdl-2.23.so
7f6ed335a000-7f6ed335b000 r--p 00002000 08:01 6820596                    /lib/x86_64-linux-gnu/libdl-2.23.so
7f6ed335b000-7f6ed335c000 rw-p 00003000 08:01 6820596                    /lib/x86_64-linux-gnu/libdl-2.23.so
7f6ed335c000-7f6ed3371000 r-xp 00000000 08:01 4328057                    /usr/share/java/jdk1.8.0_112/lib/amd64/jli/libjli.so
7f6ed3371000-7f6ed3571000 ---p 00015000 08:01 4328057                    /usr/share/java/jdk1.8.0_112/lib/amd64/jli/libjli.so
7f6ed3571000-7f6ed3572000 rw-p 00015000 08:01 4328057                    /usr/share/java/jdk1.8.0_112/lib/amd64/jli/libjli.so
7f6ed3572000-7f6ed358a000 r-xp 00000000 08:01 6820710                    /lib/x86_64-linux-gnu/libpthread-2.23.so
7f6ed358a000-7f6ed3789000 ---p 00018000 08:01 6820710                    /lib/x86_64-linux-gnu/libpthread-2.23.so
7f6ed3789000-7f6ed378a000 r--p 00017000 08:01 6820710                    /lib/x86_64-linux-gnu/libpthread-2.23.so
7f6ed378a000-7f6ed378b000 rw-p 00018000 08:01 6820710                    /lib/x86_64-linux-gnu/libpthread-2.23.so
7f6ed378b000-7f6ed378f000 rw-p 00000000 00:00 0 
7f6ed378f000-7f6ed37b5000 r-xp 00000000 08:01 6820548                    /lib/x86_64-linux-gnu/ld-2.23.so
7f6ed37b5000-7f6ed37b6000 r--s 0000a000 08:01 3161816                    /usr/share/java/maven3-settings-3.3.9.jar
7f6ed37b6000-7f6ed37b8000 r--s 00013000 08:01 3161822                    /usr/share/java/maven3-embedder-3.3.9.jar
7f6ed37b8000-7f6ed37ba000 r--s 00000000 08:01 3161787                    /usr/share/java/plexus-component-annotations-1.5.jar
7f6ed37ba000-7f6ed3864000 rw-p 00000000 00:00 0 
7f6ed3864000-7f6ed3899000 r--s 00000000 08:01 6029318                    /var/cache/nscd/passwd
7f6ed3899000-7f6ed389c000 ---p 00000000 00:00 0 
7f6ed389c000-7f6ed399f000 rw-p 00000000 00:00 0 
7f6ed399f000-7f6ed39a1000 r--s 00005000 08:01 3161673                    /usr/share/java/eclipse-aether-transport-wagon.jar
7f6ed39a1000-7f6ed39a4000 r--s 0000a000 08:01 3161827                    /usr/share/java/maven3-artifact-3.3.9.jar
7f6ed39a4000-7f6ed39a8000 r--s 00020000 08:01 3161675                    /usr/share/java/eclipse-aether-util.jar
7f6ed39a8000-7f6ed39aa000 r--s 0000a000 08:01 3161781                    /usr/share/java/plexus-classworlds2-2.5.2.jar
7f6ed39aa000-7f6ed39b2000 rw-s 00000000 08:01 403597                     /tmp/hsperfdata_rahul.cheela/13505
7f6ed39b2000-7f6ed39b3000 rw-p 00000000 00:00 0 
7f6ed39b3000-7f6ed39b4000 ---p 00000000 00:00 0 
7f6ed39b4000-7f6ed39b5000 r--p 00025000 08:01 6820548                    /lib/x86_64-linux-gnu/ld-2.23.so
7f6ed39b5000-7f6ed39b6000 rw-p 00026000 08:01 6820548                    /lib/x86_64-linux-gnu/ld-2.23.so
7f6ed39b6000-7f6ed39b7000 rw-p 00000000 00:00 0 
7ffc1fa61000-7ffc1fa82000 rw-p 00000000 00:00 0                          [stack]
7ffc1fbb0000-7ffc1fbb3000 r--p 00000000 00:00 0                          [vvar]
7ffc1fbb3000-7ffc1fbb5000 r-xp 00000000 00:00 0                          [vdso]
ffffffffff600000-ffffffffff601000 r-xp 00000000 00:00 0                  [vsyscall]

VM Arguments:
jvm_args: -Dclassworlds.conf=/usr/share/maven/bin/m2.conf -Dmaven.home=/usr/share/maven -Dmaven.multiModuleProjectDirectory=/home/rahul.cheela/git/BIMserver 
java_command: org.codehaus.plexus.classworlds.launcher.Launcher package
java_class_path (initial): /usr/share/maven/boot/plexus-classworlds-2.x.jar
Launcher Type: SUN_STANDARD

Environment Variables:
JAVA_HOME=/usr/share/java/jdk1.8.0_112
PATH=/home/rahul.cheela/bin:/home/rahul.cheela/.local/bin:/usr/local/sbin:/usr/local/bin:/usr/sbin:/usr/bin:/sbin:/bin:/usr/games:/usr/local/games
SHELL=/bin/bash
DISPLAY=:0.0

Signal Handlers:
SIGSEGV: [libjvm.so+0xac7800], sa_mask[0]=11111111011111111101111111111110, sa_flags=SA_RESTART|SA_SIGINFO
SIGBUS: [libjvm.so+0xac7800], sa_mask[0]=11111111011111111101111111111110, sa_flags=SA_RESTART|SA_SIGINFO
SIGFPE: [libjvm.so+0x920990], sa_mask[0]=11111111011111111101111111111110, sa_flags=SA_RESTART|SA_SIGINFO
SIGPIPE: [libjvm.so+0x920990], sa_mask[0]=11111111011111111101111111111110, sa_flags=SA_RESTART|SA_SIGINFO
SIGXFSZ: [libjvm.so+0x920990], sa_mask[0]=11111111011111111101111111111110, sa_flags=SA_RESTART|SA_SIGINFO
SIGILL: [libjvm.so+0x920990], sa_mask[0]=11111111011111111101111111111110, sa_flags=SA_RESTART|SA_SIGINFO
SIGUSR1: SIG_DFL, sa_mask[0]=00000000000000000000000000000000, sa_flags=none
SIGUSR2: [libjvm.so+0x9221d0], sa_mask[0]=00000000000000000000000000000000, sa_flags=SA_RESTART|SA_SIGINFO
SIGHUP: [libjvm.so+0x9235d0], sa_mask[0]=11111111011111111101111111111110, sa_flags=SA_RESTART|SA_SIGINFO
SIGINT: [libjvm.so+0x9235d0], sa_mask[0]=11111111011111111101111111111110, sa_flags=SA_RESTART|SA_SIGINFO
SIGTERM: [libjvm.so+0x9235d0], sa_mask[0]=11111111011111111101111111111110, sa_flags=SA_RESTART|SA_SIGINFO
SIGQUIT: [libjvm.so+0x9235d0], sa_mask[0]=11111111011111111101111111111110, sa_flags=SA_RESTART|SA_SIGINFO


---------------  S Y S T E M  ---------------

OS:DISTRIB_ID=Ubuntu
DISTRIB_RELEASE=16.04
DISTRIB_CODENAME=xenial
DISTRIB_DESCRIPTION="Ubuntu 16.04.6 LTS"

uname:Linux 4.15.0-45-generic #48~16.04.1-Ubuntu SMP Tue Jan 29 18:03:48 UTC 2019 x86_64
libc:glibc 2.23 NPTL 2.23 
rlimit: STACK 8192k, CORE 0k, NPROC 31272, NOFILE 1048576, AS infinity
load average:104.75 47.81 19.26

/proc/meminfo:
MemTotal:        8066280 kB
MemFree:          132492 kB
MemAvailable:      81136 kB
Buffers:            5256 kB
Cached:           232984 kB
SwapCached:         1968 kB
Active:          6779284 kB
Inactive:         978632 kB
Active(anon):    6768444 kB
Inactive(anon):   851364 kB
Active(file):      10840 kB
Inactive(file):   127268 kB
Unevictable:          64 kB
Mlocked:              64 kB
SwapTotal:       1951740 kB
SwapFree:           2452 kB
Dirty:               712 kB
Writeback:           640 kB
AnonPages:       7518844 kB
Mapped:           105856 kB
Shmem:            100100 kB
Slab:              63568 kB
SReclaimable:      28824 kB
SUnreclaim:        34744 kB
KernelStack:       10640 kB
PageTables:        56676 kB
NFS_Unstable:          0 kB
Bounce:                0 kB
WritebackTmp:          0 kB
CommitLimit:     5984880 kB
Committed_AS:   13506248 kB
VmallocTotal:   34359738367 kB
VmallocUsed:           0 kB
VmallocChunk:          0 kB
HardwareCorrupted:     0 kB
AnonHugePages:         0 kB
ShmemHugePages:        0 kB
ShmemPmdMapped:        0 kB
CmaTotal:              0 kB
CmaFree:               0 kB
HugePages_Total:       0
HugePages_Free:        0
HugePages_Rsvd:        0
HugePages_Surp:        0
Hugepagesize:       2048 kB
DirectMap4k:      155448 kB
DirectMap2M:     8130560 kB


CPU:total 2 (2 cores per cpu, 1 threads per core) family 6 model 58 stepping 9, cmov, cx8, fxsr, mmx, sse, sse2, sse3, ssse3, sse4.1, sse4.2, popcnt, clmul, erms, tsc, tscinvbit, tscinv

/proc/cpuinfo:
processor	: 0
vendor_id	: GenuineIntel
cpu family	: 6
model		: 58
model name	: Intel(R) Pentium(R) CPU G2030 @ 3.00GHz
stepping	: 9
microcode	: 0x21
cpu MHz		: 2993.302
cache size	: 3072 KB
physical id	: 0
siblings	: 2
core id		: 0
cpu cores	: 2
apicid		: 0
initial apicid	: 0
fpu		: yes
fpu_exception	: yes
cpuid level	: 13
wp		: yes
flags		: fpu vme de pse tsc msr pae mce cx8 apic sep mtrr pge mca cmov pat pse36 clflush dts acpi mmx fxsr sse sse2 ss ht tm pbe syscall nx rdtscp lm constant_tsc arch_perfmon pebs bts rep_good nopl xtopology nonstop_tsc cpuid aperfmperf pni pclmulqdq dtes64 monitor ds_cpl vmx est tm2 ssse3 cx16 xtpr pdcm pcid sse4_1 sse4_2 popcnt tsc_deadline_timer xsave lahf_lm cpuid_fault pti ssbd ibrs ibpb stibp tpr_shadow vnmi flexpriority ept vpid fsgsbase smep erms xsaveopt dtherm arat pln pts flush_l1d
bugs		: cpu_meltdown spectre_v1 spectre_v2 spec_store_bypass l1tf
bogomips	: 5986.69
clflush size	: 64
cache_alignment	: 64
address sizes	: 36 bits physical, 48 bits virtual
power management:

processor	: 1
vendor_id	: GenuineIntel
cpu family	: 6
model		: 58
model name	: Intel(R) Pentium(R) CPU G2030 @ 3.00GHz
stepping	: 9
microcode	: 0x21
cpu MHz		: 2993.348
cache size	: 3072 KB
physical id	: 0
siblings	: 2
core id		: 1
cpu cores	: 2
apicid		: 2
initial apicid	: 2
fpu		: yes
fpu_exception	: yes
cpuid level	: 13
wp		: yes
flags		: fpu vme de pse tsc msr pae mce cx8 apic sep mtrr pge mca cmov pat pse36 clflush dts acpi mmx fxsr sse sse2 ss ht tm pbe syscall nx rdtscp lm constant_tsc arch_perfmon pebs bts rep_good nopl xtopology nonstop_tsc cpuid aperfmperf pni pclmulqdq dtes64 monitor ds_cpl vmx est tm2 ssse3 cx16 xtpr pdcm pcid sse4_1 sse4_2 popcnt tsc_deadline_timer xsave lahf_lm cpuid_fault pti ssbd ibrs ibpb stibp tpr_shadow vnmi flexpriority ept vpid fsgsbase smep erms xsaveopt dtherm arat pln pts flush_l1d
bugs		: cpu_meltdown spectre_v1 spectre_v2 spec_store_bypass l1tf
bogomips	: 5986.69
clflush size	: 64
cache_alignment	: 64
address sizes	: 36 bits physical, 48 bits virtual
power management:



Memory: 4k page, physical 8066280k(132592k free), swap 1951740k(2424k free)

vm_info: Java HotSpot(TM) 64-Bit Server VM (25.112-b15) for linux-amd64 JRE (1.8.0_112-b15), built on Sep 22 2016 21:10:53 by "java_re" with gcc 4.3.0 20080428 (Red Hat 4.3.0-8)

time: Fri Jul  5 19:56:56 2019
elapsed time: 250 seconds (0d 0h 4m 10s)

