#
# There is insufficient memory for the Java Runtime Environment to continue.
# Native memory allocation (mmap) failed to map 183500800 bytes for committing reserved memory.
# Possible reasons:
#   The system is out of physical RAM or swap space
#   In 32 bit mode, the process size limit was hit
# Possible solutions:
#   Reduce memory load on the system
#   Increase physical memory or swap space
#   Check if swap backing store is full
#   Use 64 bit Java on a 64 bit OS
#   Decrease Java heap size (-Xmx/-Xms)
#   Decrease number of Java threads
#   Decrease Java thread stack sizes (-Xss)
#   Set larger code cache with -XX:ReservedCodeCacheSize=
# This output file may be truncated or incomplete.
#
#  Out of Memory Error (os_linux.cpp:2627), pid=13793, tid=0x00007fb6b8c69700
#
# JRE version: Java(TM) SE Runtime Environment (8.0_112-b15) (build 1.8.0_112-b15)
# Java VM: Java HotSpot(TM) 64-Bit Server VM (25.112-b15 mixed mode linux-amd64 compressed oops)
# Failed to write core dump. Core dumps have been disabled. To enable core dumping, try "ulimit -c unlimited" before starting Java again
#

---------------  T H R E A D  ---------------

Current thread (0x00007fb6cc071800):  VMThread [stack: 0x00007fb6b8b69000,0x00007fb6b8c6a000] [id=13822]

Stack: [0x00007fb6b8b69000,0x00007fb6b8c6a000],  sp=0x00007fb6b8c68220,  free space=1020k
Native frames: (J=compiled Java code, j=interpreted, Vv=VM code, C=native code)
V  [libjvm.so+0xac6f7a]  VMError::report_and_die()+0x2ba
V  [libjvm.so+0x4fc71b]  report_vm_out_of_memory(char const*, int, unsigned long, VMErrorType, char const*)+0x8b
V  [libjvm.so+0x923b13]  os::Linux::commit_memory_impl(char*, unsigned long, bool)+0x103
V  [libjvm.so+0x924069]  os::pd_commit_memory(char*, unsigned long, unsigned long, bool)+0x29
V  [libjvm.so+0x91e37a]  os::commit_memory(char*, unsigned long, unsigned long, bool)+0x2a
V  [libjvm.so+0x992da3]  PSVirtualSpace::expand_by(unsigned long)+0x53
V  [libjvm.so+0x983670]  PSOldGen::expand(unsigned long)+0x170
V  [libjvm.so+0x98387b]  PSOldGen::resize(unsigned long)+0x1cb
V  [libjvm.so+0x98b571]  PSParallelCompact::invoke_no_policy(bool)+0x991
V  [libjvm.so+0x990ecd]  PSScavenge::invoke()+0x1ad
V  [libjvm.so+0x947ac0]  ParallelScavengeHeap::failed_mem_allocate(unsigned long)+0x70
V  [libjvm.so+0xac8997]  VM_ParallelGCFailedAllocation::doit()+0x97
V  [libjvm.so+0xad0475]  VM_Operation::evaluate()+0x55
V  [libjvm.so+0xace84a]  VMThread::evaluate_operation(VM_Operation*)+0xba
V  [libjvm.so+0xacebce]  VMThread::loop()+0x1ce
V  [libjvm.so+0xacf040]  VMThread::run()+0x70
V  [libjvm.so+0x926138]  java_start(Thread*)+0x108

VM_Operation (0x00007fb6d45be6b0): ParallelGCFailedAllocation, mode: safepoint, requested by thread 0x00007fb6cc007800


---------------  P R O C E S S  ---------------

Java Threads: ( => current thread )
  0x00007fb6cc0b7800 JavaThread "Service Thread" daemon [_thread_blocked, id=13828, stack(0x00007fb6b828b000,0x00007fb6b838c000)]
  0x00007fb6cc0b5000 JavaThread "C1 CompilerThread1" daemon [_thread_blocked, id=13827, stack(0x00007fb6b838c000,0x00007fb6b848d000)]
  0x00007fb6cc0b2000 JavaThread "C2 CompilerThread0" daemon [_thread_blocked, id=13826, stack(0x00007fb6b848d000,0x00007fb6b858e000)]
  0x00007fb6cc0b0800 JavaThread "Signal Dispatcher" daemon [_thread_blocked, id=13825, stack(0x00007fb6b858e000,0x00007fb6b868f000)]
  0x00007fb6cc07d800 JavaThread "Finalizer" daemon [_thread_blocked, id=13824, stack(0x00007fb6b8967000,0x00007fb6b8a68000)]
  0x00007fb6cc079000 JavaThread "Reference Handler" daemon [_thread_blocked, id=13823, stack(0x00007fb6b8a68000,0x00007fb6b8b69000)]
  0x00007fb6cc007800 JavaThread "main" [_thread_blocked, id=13819, stack(0x00007fb6d44c1000,0x00007fb6d45c2000)]

Other Threads:
=>0x00007fb6cc071800 VMThread [stack: 0x00007fb6b8b69000,0x00007fb6b8c6a000] [id=13822]
  0x00007fb6cc0ba800 WatcherThread [stack: 0x00007fb6b818a000,0x00007fb6b828b000] [id=13829]

VM state:at safepoint (normal execution)

VM Mutex/Monitor currently owned by a thread:  ([mutex/lock_event])
[0x00007fb6cc005b10] ExpandHeap_lock - owner thread: 0x00007fb6cc071800
[0x00007fb6cc006190] Threads_lock - owner thread: 0x00007fb6cc071800
[0x00007fb6cc006690] Heap_lock - owner thread: 0x00007fb6cc007800

Heap:
 PSYoungGen      total 620032K, used 7029K [0x00000000d6f80000, 0x0000000100000000, 0x0000000100000000)
  eden space 568320K, 0% used [0x00000000d6f80000,0x00000000d6f80000,0x00000000f9a80000)
  from space 51712K, 13% used [0x00000000f9a80000,0x00000000fa15d690,0x00000000fcd00000)
  to   space 52224K, 0% used [0x00000000fcd00000,0x00000000fcd00000,0x0000000100000000)
 ParOldGen       total 243200K, used 242719K [0x0000000084e00000, 0x0000000093b80000, 0x00000000d6f80000)
  object space 243200K, 99% used [0x0000000084e00000,0x0000000093b07c38,0x0000000093b80000)
 Metaspace       used 23758K, capacity 24276K, committed 24448K, reserved 1071104K
  class space    used 2709K, capacity 2859K, committed 2944K, reserved 1048576K

Card table byte_map: [0x00007fb6d16c4000,0x00007fb6d1a9e000] byte_map_base: 0x00007fb6d129d000

Marking Bits: (ParMarkBitMap*) 0x00007fb6d3988c80
 Begin Bits: [0x00007fb6b9270000, 0x00007fb6bb138000)
 End Bits:   [0x00007fb6bb138000, 0x00007fb6bd000000)

Polling page: 0x00007fb6d45db000

CodeCache: size=245760Kb used=15513Kb max_used=15534Kb free=230246Kb
 bounds [0x00007fb6bd000000, 0x00007fb6bdf40000, 0x00007fb6cc000000]
 total_blobs=4926 nmethods=4557 adapters=283
 compilation: enabled

Compilation events (10 events):
Event: 12.243 Thread 0x00007fb6cc0b5000 5294       2       com.sun.tools.javac.comp.MemberEnter::enumBase (42 bytes)
Event: 12.244 Thread 0x00007fb6cc0b5000 nmethod 5294 0x00007fb6bdf2f5d0 code [0x00007fb6bdf2f7a0, 0x00007fb6bdf2fc88]
Event: 12.246 Thread 0x00007fb6cc0b5000 5295       2       com.sun.tools.javac.tree.JCTree$JCNewArray::accept (6 bytes)
Event: 12.246 Thread 0x00007fb6cc0b5000 nmethod 5295 0x00007fb6bdf28310 code [0x00007fb6bdf28480, 0x00007fb6bdf28608]
Event: 12.249 Thread 0x00007fb6cc0b5000 5296       2       com.sun.tools.javac.comp.MemberEnter$InitTreeVisitor::visitNewArray (6 bytes)
Event: 12.249 Thread 0x00007fb6cc0b5000 nmethod 5296 0x00007fb6bdf300d0 code [0x00007fb6bdf30220, 0x00007fb6bdf30370]
Event: 12.253 Thread 0x00007fb6cc0b5000 5298       3       com.sun.tools.javac.comp.MemberEnter::finishClass (61 bytes)
Event: 12.253 Thread 0x00007fb6cc0b5000 nmethod 5298 0x00007fb6bdf31910 code [0x00007fb6bdf31b00, 0x00007fb6bdf324f8]
Event: 12.256 Thread 0x00007fb6cc0b2000 nmethod 5277 0x00007fb6bdf36750 code [0x00007fb6bdf36b80, 0x00007fb6bdf39148]
Event: 12.256 Thread 0x00007fb6cc0b2000 5280       4       com.sun.tools.javac.comp.Attr::visitIdent (554 bytes)

GC Heap History (10 events):
Event: 5.763 GC heap after
Heap after GC invocations=11 (full 0):
 PSYoungGen      total 414720K, used 2657K [0x00000000d6f80000, 0x00000000ffb80000, 0x0000000100000000)
  eden space 404480K, 0% used [0x00000000d6f80000,0x00000000d6f80000,0x00000000efa80000)
  from space 10240K, 25% used [0x00000000efa80000,0x00000000efd18778,0x00000000f0480000)
  to   space 10240K, 0% used [0x00000000ff180000,0x00000000ff180000,0x00000000ffb80000)
 ParOldGen       total 84992K, used 17078K [0x0000000084e00000, 0x000000008a100000, 0x00000000d6f80000)
  object space 84992K, 20% used [0x0000000084e00000,0x0000000085eadba8,0x000000008a100000)
 Metaspace       used 20601K, capacity 21108K, committed 21296K, reserved 1069056K
  class space    used 2404K, capacity 2571K, committed 2688K, reserved 1048576K
}
Event: 5.763 GC heap before
{Heap before GC invocations=12 (full 1):
 PSYoungGen      total 414720K, used 2657K [0x00000000d6f80000, 0x00000000ffb80000, 0x0000000100000000)
  eden space 404480K, 0% used [0x00000000d6f80000,0x00000000d6f80000,0x00000000efa80000)
  from space 10240K, 25% used [0x00000000efa80000,0x00000000efd18778,0x00000000f0480000)
  to   space 10240K, 0% used [0x00000000ff180000,0x00000000ff180000,0x00000000ffb80000)
 ParOldGen       total 84992K, used 17078K [0x0000000084e00000, 0x000000008a100000, 0x00000000d6f80000)
  object space 84992K, 20% used [0x0000000084e00000,0x0000000085eadba8,0x000000008a100000)
 Metaspace       used 20601K, capacity 21108K, committed 21296K, reserved 1069056K
  class space    used 2404K, capacity 2571K, committed 2688K, reserved 1048576K
Event: 5.838 GC heap after
Heap after GC invocations=12 (full 1):
 PSYoungGen      total 414720K, used 0K [0x00000000d6f80000, 0x00000000ffb80000, 0x0000000100000000)
  eden space 404480K, 0% used [0x00000000d6f80000,0x00000000d6f80000,0x00000000efa80000)
  from space 10240K, 0% used [0x00000000efa80000,0x00000000efa80000,0x00000000f0480000)
  to   space 10240K, 0% used [0x00000000ff180000,0x00000000ff180000,0x00000000ffb80000)
 ParOldGen       total 64512K, used 16444K [0x0000000084e00000, 0x0000000088d00000, 0x00000000d6f80000)
  object space 64512K, 25% used [0x0000000084e00000,0x0000000085e0f3b8,0x0000000088d00000)
 Metaspace       used 20601K, capacity 21108K, committed 21296K, reserved 1069056K
  class space    used 2404K, capacity 2571K, committed 2688K, reserved 1048576K
}
Event: 8.567 GC heap before
{Heap before GC invocations=13 (full 1):
 PSYoungGen      total 414720K, used 398390K [0x00000000d6f80000, 0x00000000ffb80000, 0x0000000100000000)
  eden space 404480K, 98% used [0x00000000d6f80000,0x00000000ef48dbb0,0x00000000efa80000)
  from space 10240K, 0% used [0x00000000efa80000,0x00000000efa80000,0x00000000f0480000)
  to   space 10240K, 0% used [0x00000000ff180000,0x00000000ff180000,0x00000000ffb80000)
 ParOldGen       total 64512K, used 16444K [0x0000000084e00000, 0x0000000088d00000, 0x00000000d6f80000)
  object space 64512K, 25% used [0x0000000084e00000,0x0000000085e0f3b8,0x0000000088d00000)
 Metaspace       used 23060K, capacity 23604K, committed 23936K, reserved 1071104K
  class space    used 2682K, capacity 2827K, committed 2944K, reserved 1048576K
Event: 8.695 GC heap after
Heap after GC invocations=13 (full 1):
 PSYoungGen      total 578560K, used 10222K [0x00000000d6f80000, 0x00000000fff80000, 0x0000000100000000)
  eden space 568320K, 0% used [0x00000000d6f80000,0x00000000d6f80000,0x00000000f9a80000)
  from space 10240K, 99% used [0x00000000ff180000,0x00000000ffb7bb40,0x00000000ffb80000)
  to   space 51712K, 0% used [0x00000000f9a80000,0x00000000f9a80000,0x00000000fcd00000)
 ParOldGen       total 125440K, used 125042K [0x0000000084e00000, 0x000000008c880000, 0x00000000d6f80000)
  object space 125440K, 99% used [0x0000000084e00000,0x000000008c81c8e8,0x000000008c880000)
 Metaspace       used 23060K, capacity 23604K, committed 23936K, reserved 1071104K
  class space    used 2682K, capacity 2827K, committed 2944K, reserved 1048576K
}
Event: 8.695 GC heap before
{Heap before GC invocations=14 (full 2):
 PSYoungGen      total 578560K, used 10222K [0x00000000d6f80000, 0x00000000fff80000, 0x0000000100000000)
  eden space 568320K, 0% used [0x00000000d6f80000,0x00000000d6f80000,0x00000000f9a80000)
  from space 10240K, 99% used [0x00000000ff180000,0x00000000ffb7bb40,0x00000000ffb80000)
  to   space 51712K, 0% used [0x00000000f9a80000,0x00000000f9a80000,0x00000000fcd00000)
 ParOldGen       total 125440K, used 125042K [0x0000000084e00000, 0x000000008c880000, 0x00000000d6f80000)
  object space 125440K, 99% used [0x0000000084e00000,0x000000008c81c8e8,0x000000008c880000)
 Metaspace       used 23060K, capacity 23604K, committed 23936K, reserved 1071104K
  class space    used 2682K, capacity 2827K, committed 2944K, reserved 1048576K
Event: 9.030 GC heap after
Heap after GC invocations=14 (full 2):
 PSYoungGen      total 578560K, used 7568K [0x00000000d6f80000, 0x00000000fff80000, 0x0000000100000000)
  eden space 568320K, 0% used [0x00000000d6f80000,0x00000000d6f80000,0x00000000f9a80000)
  from space 10240K, 73% used [0x00000000ff180000,0x00000000ff8e4168,0x00000000ffb80000)
  to   space 51712K, 0% used [0x00000000f9a80000,0x00000000f9a80000,0x00000000fcd00000)
 ParOldGen       total 243200K, used 124945K [0x0000000084e00000, 0x0000000093b80000, 0x00000000d6f80000)
  object space 243200K, 51% used [0x0000000084e00000,0x000000008c804550,0x0000000093b80000)
 Metaspace       used 23060K, capacity 23604K, committed 23936K, reserved 1071104K
  class space    used 2682K, capacity 2827K, committed 2944K, reserved 1048576K
}
Event: 12.256 GC heap before
{Heap before GC invocations=15 (full 2):
 PSYoungGen      total 578560K, used 575888K [0x00000000d6f80000, 0x00000000fff80000, 0x0000000100000000)
  eden space 568320K, 100% used [0x00000000d6f80000,0x00000000f9a80000,0x00000000f9a80000)
  from space 10240K, 73% used [0x00000000ff180000,0x00000000ff8e4168,0x00000000ffb80000)
  to   space 51712K, 0% used [0x00000000f9a80000,0x00000000f9a80000,0x00000000fcd00000)
 ParOldGen       total 243200K, used 124945K [0x0000000084e00000, 0x0000000093b80000, 0x00000000d6f80000)
  object space 243200K, 51% used [0x0000000084e00000,0x000000008c804550,0x0000000093b80000)
 Metaspace       used 23758K, capacity 24276K, committed 24448K, reserved 1071104K
  class space    used 2709K, capacity 2859K, committed 2944K, reserved 1048576K
Event: 12.550 GC heap after
Heap after GC invocations=15 (full 2):
 PSYoungGen      total 620032K, used 51705K [0x00000000d6f80000, 0x0000000100000000, 0x0000000100000000)
  eden space 568320K, 0% used [0x00000000d6f80000,0x00000000d6f80000,0x00000000f9a80000)
  from space 51712K, 99% used [0x00000000f9a80000,0x00000000fccfe660,0x00000000fcd00000)
  to   space 52224K, 0% used [0x00000000fcd00000,0x00000000fcd00000,0x0000000100000000)
 ParOldGen       total 243200K, used 225268K [0x0000000084e00000, 0x0000000093b80000, 0x00000000d6f80000)
  object space 243200K, 92% used [0x0000000084e00000,0x00000000929fd1e8,0x0000000093b80000)
 Metaspace       used 23758K, capacity 24276K, committed 24448K, reserved 1071104K
  class space    used 2709K, capacity 2859K, committed 2944K, reserved 1048576K
}
Event: 12.550 GC heap before
{Heap before GC invocations=16 (full 3):
 PSYoungGen      total 620032K, used 51705K [0x00000000d6f80000, 0x0000000100000000, 0x0000000100000000)
  eden space 568320K, 0% used [0x00000000d6f80000,0x00000000d6f80000,0x00000000f9a80000)
  from space 51712K, 99% used [0x00000000f9a80000,0x00000000fccfe660,0x00000000fcd00000)
  to   space 52224K, 0% used [0x00000000fcd00000,0x00000000fcd00000,0x0000000100000000)
 ParOldGen       total 243200K, used 225268K [0x0000000084e00000, 0x0000000093b80000, 0x00000000d6f80000)
  object space 243200K, 92% used [0x0000000084e00000,0x00000000929fd1e8,0x0000000093b80000)
 Metaspace       used 23758K, capacity 24276K, committed 24448K, reserved 1071104K
  class space    used 2709K, capacity 2859K, committed 2944K, reserved 1048576K

Deoptimization events (10 events):
Event: 10.312 Thread 0x00007fb6cc007800 Uncommon trap: reason=unstable_if action=reinterpret pc=0x00007fb6bdd8b5a0 method=com.sun.tools.javac.parser.JavacParser.term3()Lcom/sun/tools/javac/tree/JCTree$JCExpression; @ 1519
Event: 10.461 Thread 0x00007fb6cc007800 Uncommon trap: reason=unstable_if action=reinterpret pc=0x00007fb6bddbfd5c method=com.sun.tools.javac.parser.JavacParser.parseStatement()Lcom/sun/tools/javac/tree/JCTree$JCStatement; @ 568
Event: 11.111 Thread 0x00007fb6cc007800 Uncommon trap: reason=unstable_if action=reinterpret pc=0x00007fb6bdabe558 method=java.io.File.getName()Ljava/lang/String; @ 16
Event: 11.111 Thread 0x00007fb6cc007800 Uncommon trap: reason=unstable_if action=reinterpret pc=0x00007fb6bdae2e1c method=java.io.UnixFileSystem.prefixLength(Ljava/lang/String;)I @ 16
Event: 11.558 Thread 0x00007fb6cc007800 Uncommon trap: reason=unstable_if action=reinterpret pc=0x00007fb6bda94c9c method=javax.lang.model.SourceVersion.isIdentifier(Ljava/lang/CharSequence;)Z @ 54
Event: 11.886 Thread 0x00007fb6cc007800 Uncommon trap: reason=unstable_if action=reinterpret pc=0x00007fb6bd47f1b8 method=com.sun.tools.javac.code.Symbol$PackageSymbol.flags()J @ 4
Event: 11.887 Thread 0x00007fb6cc007800 Uncommon trap: reason=unstable_if action=reinterpret pc=0x00007fb6bdbc81a8 method=com.sun.tools.javac.comp.Resolve.findImmediateMemberType(Lcom/sun/tools/javac/comp/Env;Lcom/sun/tools/javac/code/Type;Lcom/sun/tools/javac/util/Name;Lcom/sun/tools/javac/cod
Event: 11.946 Thread 0x00007fb6cc007800 Uncommon trap: reason=unstable_if action=reinterpret pc=0x00007fb6bdd3402c method=com.sun.tools.javac.code.Scope.dble()V @ 39
Event: 11.995 Thread 0x00007fb6cc007800 Uncommon trap: reason=unstable_if action=reinterpret pc=0x00007fb6bdcab364 method=com.sun.tools.javac.code.Scope.lookup(Lcom/sun/tools/javac/util/Name;Lcom/sun/tools/javac/util/Filter;)Lcom/sun/tools/javac/code/Scope$Entry; @ 19
Event: 12.249 Thread 0x00007fb6cc007800 Uncommon trap: reason=speculate_class_check action=maybe_recompile pc=0x00007fb6bdf01f4c method=com.sun.tools.javac.code.Type.hasTag(Lcom/sun/tools/javac/code/TypeTag;)Z @ 2

Internal exceptions (10 events):
Event: 11.054 Thread 0x00007fb6cc007800 Exception <a 'java/io/FileNotFoundException'> (0x00000000f05a4020) thrown at [/HUDSON3/workspace/8-2-build-linux-amd64/jdk8u112/7884/hotspot/src/share/vm/prims/jni.cpp, line 709]
Event: 11.054 Thread 0x00007fb6cc007800 Exception <a 'java/io/FileNotFoundException'> (0x00000000f05a4f28) thrown at [/HUDSON3/workspace/8-2-build-linux-amd64/jdk8u112/7884/hotspot/src/share/vm/prims/jni.cpp, line 709]
Event: 11.054 Thread 0x00007fb6cc007800 Exception <a 'java/io/FileNotFoundException'> (0x00000000f05a5dc8) thrown at [/HUDSON3/workspace/8-2-build-linux-amd64/jdk8u112/7884/hotspot/src/share/vm/prims/jni.cpp, line 709]
Event: 11.054 Thread 0x00007fb6cc007800 Exception <a 'java/io/FileNotFoundException'> (0x00000000f05a6cd8) thrown at [/HUDSON3/workspace/8-2-build-linux-amd64/jdk8u112/7884/hotspot/src/share/vm/prims/jni.cpp, line 709]
Event: 11.056 Thread 0x00007fb6cc007800 Exception <a 'java/io/FileNotFoundException'> (0x00000000f05f01a8) thrown at [/HUDSON3/workspace/8-2-build-linux-amd64/jdk8u112/7884/hotspot/src/share/vm/prims/jni.cpp, line 709]
Event: 11.056 Thread 0x00007fb6cc007800 Exception <a 'java/io/FileNotFoundException'> (0x00000000f05f1020) thrown at [/HUDSON3/workspace/8-2-build-linux-amd64/jdk8u112/7884/hotspot/src/share/vm/prims/jni.cpp, line 709]
Event: 11.056 Thread 0x00007fb6cc007800 Exception <a 'java/io/FileNotFoundException'> (0x00000000f05f1e98) thrown at [/HUDSON3/workspace/8-2-build-linux-amd64/jdk8u112/7884/hotspot/src/share/vm/prims/jni.cpp, line 709]
Event: 11.058 Thread 0x00007fb6cc007800 Exception <a 'java/io/FileNotFoundException'> (0x00000000f0662300) thrown at [/HUDSON3/workspace/8-2-build-linux-amd64/jdk8u112/7884/hotspot/src/share/vm/prims/jni.cpp, line 709]
Event: 11.058 Thread 0x00007fb6cc007800 Exception <a 'java/io/FileNotFoundException'> (0x00000000f066ebe0) thrown at [/HUDSON3/workspace/8-2-build-linux-amd64/jdk8u112/7884/hotspot/src/share/vm/prims/jni.cpp, line 709]
Event: 11.058 Thread 0x00007fb6cc007800 Exception <a 'java/io/FileNotFoundException'> (0x00000000f066fa58) thrown at [/HUDSON3/workspace/8-2-build-linux-amd64/jdk8u112/7884/hotspot/src/share/vm/prims/jni.cpp, line 709]

Events (10 events):
Event: 12.122 Thread 0x00007fb6cc007800 DEOPT PACKING pc=0x00007fb6bdc00a88 sp=0x00007fb6d45be7a0
Event: 12.122 Thread 0x00007fb6cc007800 DEOPT UNPACKING pc=0x00007fb6bd047233 sp=0x00007fb6d45be568 mode 0
Event: 12.126 Thread 0x00007fb6cc007800 DEOPT PACKING pc=0x00007fb6bdbc6b79 sp=0x00007fb6d45be830
Event: 12.126 Thread 0x00007fb6cc007800 DEOPT UNPACKING pc=0x00007fb6bd047233 sp=0x00007fb6d45be5f8 mode 0
Event: 12.249 Thread 0x00007fb6cc007800 Uncommon trap: trap_request=0xffffff76 fr.pc=0x00007fb6bdf01f4c
Event: 12.249 Thread 0x00007fb6cc007800 DEOPT PACKING pc=0x00007fb6bdf01f4c sp=0x00007fb6d45be280
Event: 12.249 Thread 0x00007fb6cc007800 DEOPT UNPACKING pc=0x00007fb6bd005229 sp=0x00007fb6d45be1f0 mode 2
Event: 12.253 Thread 0x00007fb6cc007800 DEOPT PACKING pc=0x00007fb6bdeb30ee sp=0x00007fb6d45beb40
Event: 12.253 Thread 0x00007fb6cc007800 DEOPT UNPACKING pc=0x00007fb6bd047233 sp=0x00007fb6d45be868 mode 0
Event: 12.256 Executing VM operation: ParallelGCFailedAllocation


Dynamic libraries:
00400000-00401000 r-xp 00000000 08:01 3692659                            /usr/share/java/jdk1.8.0_112/bin/java
00600000-00601000 rw-p 00000000 08:01 3692659                            /usr/share/java/jdk1.8.0_112/bin/java
01a71000-01a92000 rw-p 00000000 00:00 0                                  [heap]
84e00000-93b80000 rw-p 00000000 00:00 0 
9ea80000-d6f80000 ---p 00000000 00:00 0 
d6f80000-100000000 rw-p 00000000 00:00 0 
100000000-1002e0000 rw-p 00000000 00:00 0 
1002e0000-140000000 ---p 00000000 00:00 0 
7fb68b80a000-7fb68b90a000 rw-p 00000000 00:00 0 
7fb68b90a000-7fb68ba0a000 ---p 00000000 00:00 0 
7fb68bc80000-7fb68bc83000 r--s 00012000 08:01 939233                     /home/rahul.cheela/.m2/repository/org/glassfish/javax.json/1.0.4/javax.json-1.0.4.jar
7fb68bc83000-7fb68bc84000 r--s 0000e000 08:01 3431993                    /home/rahul.cheela/.m2/repository/gnu/getopt/java-getopt/1.0.13/java-getopt-1.0.13.jar
7fb68bc84000-7fb68bc86000 r--s 00005000 08:01 3431991                    /home/rahul.cheela/.m2/repository/stax/stax-api/1.0.1/stax-api-1.0.1.jar
7fb68bc86000-7fb68bcc4000 r--s 0025d000 08:01 1600395                    /home/rahul.cheela/.m2/repository/org/apache/xmlbeans/xmlbeans/2.6.0/xmlbeans-2.6.0.jar
7fb68bcc4000-7fb68bcc9000 r--s 00068000 08:01 3431987                    /home/rahul.cheela/.m2/repository/antlr/antlr/2.7.7/antlr-2.7.7.jar
7fb68bcc9000-7fb68bccc000 r--s 00022000 08:01 7100013                    /home/rahul.cheela/.m2/repository/org/antlr/stringtemplate/3.2.1/stringtemplate-3.2.1.jar
7fb68bccc000-7fb68bcce000 r--s 00011000 08:01 5394483                    /home/rahul.cheela/.m2/repository/org/hamcrest/hamcrest-core/1.1/hamcrest-core-1.1.jar
7fb68bcce000-7fb68bcd5000 r--s 00037000 08:01 3431983                    /home/rahul.cheela/.m2/repository/junit/junit/4.10/junit-4.10.jar
7fb68bcd5000-7fb68bcdb000 r--s 00041000 08:01 4738937                    /home/rahul.cheela/.m2/repository/org/antlr/gunit/3.5.2/gunit-3.5.2.jar
7fb68bcdb000-7fb68bcde000 r--s 00026000 08:01 3433665                    /home/rahul.cheela/.m2/repository/org/antlr/antlr-runtime/3.5.2/antlr-runtime-3.5.2.jar
7fb68bcde000-7fb68bce2000 r--s 00037000 08:01 4348944                    /home/rahul.cheela/.m2/repository/org/antlr/ST4/4.0.8/ST4-4.0.8.jar
7fb68bce2000-7fb68bcec000 r--s 00110000 08:01 3433663                    /home/rahul.cheela/.m2/repository/org/antlr/antlr/3.5.2/antlr-3.5.2.jar
7fb68bcec000-7fb68bd07000 r--s 0023d000 08:01 3433661                    /home/rahul.cheela/.m2/repository/org/antlr/antlr-complete/3.5.2/antlr-complete-3.5.2.jar
7fb68bd07000-7fb68bd0c000 r--s 00065000 08:01 3433659                    /home/rahul.cheela/.m2/repository/org/opensourcebim/buildingsmartlibrary/1.0.13/buildingsmartlibrary-1.0.13.jar
7fb68bd0c000-7fb68bd17000 r--s 000c0000 08:01 3433657                    /home/rahul.cheela/.m2/repository/org/eclipse/birt/runtime/org.eclipse.core.resources/3.8.101.v20130717-0806/org.eclipse.core.resources-3.8.101.v20130717-0806.jar
7fb68bd17000-7fb68bd20000 r--s 00102000 08:01 3433655                    /home/rahul.cheela/.m2/repository/org/eclipse/emf/org.eclipse.emf.codegen.ecore/2.15.0/org.eclipse.emf.codegen.ecore-2.15.0.jar
7fb68bd20000-7fb68bd24000 r--s 00019000 08:01 3433653                    /home/rahul.cheela/.m2/repository/org/eclipse/platform/org.eclipse.core.commands/3.9.400/org.eclipse.core.commands-3.9.400.jar
7fb68bd24000-7fb68bd29000 r--s 00041000 08:01 4738935                    /home/rahul.cheela/.m2/repository/org/eclipse/platform/org.eclipse.text/3.8.200/org.eclipse.text-3.8.200.jar
7fb68bd29000-7fb68bd31000 r--s 0005a000 08:01 3433651                    /home/rahul.cheela/.m2/repository/org/eclipse/platform/org.eclipse.debug.core/3.13.300/org.eclipse.debug.core-3.13.300.jar
7fb68bd31000-7fb68bd33000 r--s 000e8000 08:01 3433647                    /home/rahul.cheela/.m2/repository/org/eclipse/jdt/org.eclipse.jdt.debug/3.13.0/org.eclipse.jdt.debug-3.13.0.jar
7fb68bd33000-7fb68bd39000 r--s 00081000 08:01 1999164                    /home/rahul.cheela/.m2/repository/org/eclipse/jdt/org.eclipse.jdt.launching/3.14.0/org.eclipse.jdt.launching-3.14.0.jar
7fb68bd39000-7fb68bd76000 r--s 0066a000 08:01 1600393                    /home/rahul.cheela/.m2/repository/org/eclipse/jdt/org.eclipse.jdt.core/3.18.0/org.eclipse.jdt.core-3.18.0.jar
7fb68bd76000-7fb68bd78000 r--s 0000f000 08:01 3433645                    /home/rahul.cheela/.m2/repository/org/eclipse/platform/org.eclipse.core.filesystem/1.7.400/org.eclipse.core.filesystem-1.7.400.jar
7fb68bd78000-7fb68bd7b000 r--s 00015000 08:01 1063988                    /home/rahul.cheela/.m2/repository/org/eclipse/platform/org.eclipse.core.expressions/3.6.400/org.eclipse.core.expressions-3.6.400.jar
7fb68bd7b000-7fb68bd86000 r--s 000d0000 08:01 807968                     /home/rahul.cheela/.m2/repository/org/eclipse/platform/org.eclipse.core.resources/3.13.400/org.eclipse.core.resources-3.13.400.jar
7fb68bd86000-7fb68bd88000 r--s 00014000 08:01 4738933                    /home/rahul.cheela/.m2/repository/org/eclipse/platform/org.eclipse.equinox.app/1.4.200/org.eclipse.equinox.app-1.4.200.jar
7fb68bd88000-7fb68bd8a000 r--s 00018000 08:01 3433643                    /home/rahul.cheela/.m2/repository/org/eclipse/platform/org.eclipse.core.contenttype/3.7.300/org.eclipse.core.contenttype-3.7.300.jar
7fb68bd8a000-7fb68bd8d000 r--s 0001e000 08:01 3433641                    /home/rahul.cheela/.m2/repository/org/eclipse/platform/org.eclipse.equinox.preferences/3.7.400/org.eclipse.equinox.preferences-3.7.400.jar
7fb68bd8d000-7fb68bd90000 r--s 0002d000 08:01 3433639                    /home/rahul.cheela/.m2/repository/org/eclipse/platform/org.eclipse.equinox.registry/3.8.400/org.eclipse.equinox.registry-3.8.400.jar
7fb68bd90000-7fb68bd93000 r--s 00018000 08:01 1721711                    /home/rahul.cheela/.m2/repository/org/eclipse/platform/org.eclipse.core.jobs/3.10.400/org.eclipse.core.jobs-3.10.400.jar
7fb68bd93000-7fb68bdaa000 r--s 0014c000 08:01 5003328                    /home/rahul.cheela/.m2/repository/org/eclipse/platform/org.eclipse.osgi/3.14.0/org.eclipse.osgi-3.14.0.jar
7fb68bdaa000-7fb68bdb0000 r--s 00045000 08:01 3433637                    /home/rahul.cheela/.m2/repository/org/eclipse/emf/org.eclipse.emf.codegen/2.14.0/org.eclipse.emf.codegen-2.14.0.jar
7fb68bdb0000-7fb68bdc4000 r--s 00144000 08:01 3433633                    /home/rahul.cheela/.m2/repository/org/eclipse/emf/org.eclipse.emf.ecore/2.15.0/org.eclipse.emf.ecore-2.15.0.jar
7fb68bdc4000-7fb68be00000 r--s 00632000 08:01 3433629                    /home/rahul.cheela/.m2/repository/org/eclipse/tycho/org.eclipse.jdt.core/3.14.0.v20171206-0802/org.eclipse.jdt.core-3.14.0.v20171206-0802.jar
7fb68be00000-7fb68c000000 rw-p 00000000 00:00 0 
7fb68c000000-7fb68c021000 rw-p 00000000 00:00 0 
7fb68c021000-7fb690000000 ---p 00000000 00:00 0 
7fb690000000-7fb690001000 r--s 00008000 08:01 3433649                    /home/rahul.cheela/.m2/repository/org/eclipse/platform/org.eclipse.core.variables/3.4.500/org.eclipse.core.variables-3.4.500.jar
7fb690001000-7fb690003000 r--s 0001c000 08:01 1600391                    /home/rahul.cheela/.m2/repository/org/eclipse/platform/org.eclipse.equinox.common/3.10.400/org.eclipse.equinox.common-3.10.400.jar
7fb690003000-7fb690005000 r--s 00011000 08:01 7100011                    /home/rahul.cheela/.m2/repository/org/eclipse/platform/org.eclipse.core.runtime/3.15.300/org.eclipse.core.runtime-3.15.300.jar
7fb690005000-7fb690009000 r--s 00036000 08:01 3433635                    /home/rahul.cheela/.m2/repository/org/eclipse/emf/org.eclipse.emf.ecore.xmi/2.15.0/org.eclipse.emf.ecore.xmi-2.15.0.jar
7fb690009000-7fb690010000 r--s 00055000 08:01 3433631                    /home/rahul.cheela/.m2/repository/org/eclipse/emf/org.eclipse.emf.common/2.15.0/org.eclipse.emf.common-2.15.0.jar
7fb690010000-7fb690017000 r--s 0003a000 08:01 4338594                    /home/rahul.cheela/.m2/repository/commons-codec/commons-codec/1.9/commons-codec-1.9.jar
7fb690017000-7fb69001c000 r--s 00034000 08:01 4086477                    /home/rahul.cheela/.m2/repository/com/google/code/gson/gson/2.5/gson-2.5.jar
7fb69001c000-7fb690020000 r--s 0002a000 08:01 5128904                    /home/rahul.cheela/.m2/repository/commons-io/commons-io/2.4/commons-io-2.4.jar
7fb690020000-7fb690022000 r--s 00007000 08:01 3433627                    /home/rahul.cheela/.m2/repository/org/slf4j/slf4j-api/1.7.13/slf4j-api-1.7.13.jar
7fb690022000-7fb690025000 r--s 0000e000 08:01 4348896                    /home/rahul.cheela/.m2/repository/com/fasterxml/jackson/core/jackson-annotations/2.9.0/jackson-annotations-2.9.0.jar
7fb690025000-7fb690038000 r--s 00137000 08:01 4348894                    /home/rahul.cheela/.m2/repository/com/fasterxml/jackson/core/jackson-databind/2.9.9/jackson-databind-2.9.9.jar
7fb690038000-7fb69003c000 r--s 0004c000 08:01 1192862                    /home/rahul.cheela/.m2/repository/com/fasterxml/jackson/core/jackson-core/2.9.9/jackson-core-2.9.9.jar
7fb69003c000-7fb69003d000 r--s 00000000 08:01 3433625                    /home/rahul.cheela/.m2/repository/org/codehaus/mojo/animal-sniffer-annotations/1.14/animal-sniffer-annotations-1.14.jar
7fb69003d000-7fb69003f000 r--s 00001000 08:01 3950784                    /home/rahul.cheela/.m2/repository/com/google/j2objc/j2objc-annotations/1.1/j2objc-annotations-1.1.jar
7fb69003f000-7fb690041000 r--s 00002000 08:01 3950782                    /home/rahul.cheela/.m2/repository/com/google/errorprone/error_prone_annotations/2.1.3/error_prone_annotations-2.1.3.jar
7fb690041000-7fb69004b000 r--s 00026000 08:01 3433623                    /home/rahul.cheela/.m2/repository/org/checkerframework/checker-qual/2.5.2/checker-qual-2.5.2.jar
7fb69004b000-7fb69004d000 r--s 00003000 08:01 3950780                    /home/rahul.cheela/.m2/repository/com/google/code/findbugs/jsr305/3.0.2/jsr305-3.0.2.jar
7fb69004d000-7fb69007f000 r--s 0026c000 08:01 3950775                    /home/rahul.cheela/.m2/repository/com/google/guava/guava/26.0-jre/guava-26.0-jre.jar
7fb69007f000-7fb690086000 r--s 00064000 08:01 1063986                    /home/rahul.cheela/.m2/repository/org/apache/commons/commons-lang3/3.4/commons-lang3-3.4.jar
7fb690086000-7fb690088000 r--s 00000000 08:01 6313573                    /home/rahul.cheela/.m2/repository/org/codehaus/plexus/plexus-component-annotations/1.6/plexus-component-annotations-1.6.jar
7fb690088000-7fb690089000 r--s 00003000 08:01 1600389                    /home/rahul.cheela/.m2/repository/org/apache/maven/maven-builder-support/3.3.9/maven-builder-support-3.3.9.jar
7fb690089000-7fb69008b000 r--s 0000c000 08:01 939231                     /home/rahul.cheela/.m2/repository/org/apache/maven/maven-artifact/3.3.9/maven-artifact-3.3.9.jar
7fb69008b000-7fb69008e000 r--s 0000d000 08:01 4215225                    /home/rahul.cheela/.m2/repository/org/codehaus/plexus/plexus-interpolation/1.21/plexus-interpolation-1.21.jar
7fb69008e000-7fb690093000 r--s 00027000 08:01 3433621                    /home/rahul.cheela/.m2/repository/org/apache/maven/maven-model-builder/3.3.9/maven-model-builder-3.3.9.jar
7fb690093000-7fb690096000 r--s 00026000 08:01 3433619                    /home/rahul.cheela/.m2/repository/org/apache/maven/maven-model/3.3.9/maven-model-3.3.9.jar
7fb690096000-7fb690098000 r--s 0000f000 08:01 3433617                    /home/rahul.cheela/.m2/repository/org/apache/maven/maven-aether-provider/3.3.9/maven-aether-provider-3.3.9.jar
7fb690098000-7fb690099000 r--s 00006000 08:01 3433613                    /home/rahul.cheela/.m2/repository/org/apache/maven/maven-repository-metadata/3.3.9/maven-repository-metadata-3.3.9.jar
7fb690099000-7fb69009d000 r--s 00027000 08:01 3433611                    /home/rahul.cheela/.m2/repository/org/eclipse/aether/aether-impl/1.0.2.v20150114/aether-impl-1.0.2.v20150114.jar
7fb69009d000-7fb69009e000 r--s 00008000 08:01 3433609                    /home/rahul.cheela/.m2/repository/org/eclipse/aether/aether-connector-basic/1.0.2.v20150114/aether-connector-basic-1.0.2.v20150114.jar
7fb69009e000-7fb6900a0000 r--s 00006000 08:01 3433607                    /home/rahul.cheela/.m2/repository/org/eclipse/aether/aether-spi/1.0.2.v20150114/aether-spi-1.0.2.v20150114.jar
7fb6900a0000-7fb6900a2000 r--s 00003000 08:01 3433605                    /home/rahul.cheela/.m2/repository/org/slf4j/jcl-over-slf4j/1.6.2/jcl-over-slf4j-1.6.2.jar
7fb6900a2000-7fb6900a4000 r--s 00007000 08:01 3433603                    /home/rahul.cheela/.m2/repository/org/eclipse/aether/aether-transport-http/1.0.2.v20150114/aether-transport-http-1.0.2.v20150114.jar
7fb6900a4000-7fb6900a8000 r--s 00020000 08:01 3433601                    /home/rahul.cheela/.m2/repository/org/eclipse/aether/aether-util/1.0.2.v20150114/aether-util-1.0.2.v20150114.jar
7fb6900a8000-7fb6900aa000 r--s 00001000 08:01 3433599                    /home/rahul.cheela/.m2/repository/org/eclipse/aether/aether-transport-file/1.0.2.v20150114/aether-transport-file-1.0.2.v20150114.jar
7fb6900aa000-7fb6900af000 r--s 0001d000 08:01 3433597                    /home/rahul.cheela/.m2/repository/org/eclipse/aether/aether-api/1.0.2.v20150114/aether-api-1.0.2.v20150114.jar
7fb6900af000-7fb6900b1000 r--s 00009000 08:01 3433595                    /home/rahul.cheela/.m2/repository/org/apache/httpcomponents/httpmime/4.5.7/httpmime-4.5.7.jar
7fb6900b1000-7fb6900b3000 r--s 0000e000 08:01 4209055                    /home/rahul.cheela/.m2/repository/commons-logging/commons-logging/1.2/commons-logging-1.2.jar
7fb6900b3000-7fb6900ba000 r--s 00049000 08:01 7100009                    /home/rahul.cheela/.m2/repository/org/apache/httpcomponents/httpcore/4.4.11/httpcore-4.4.11.jar
7fb6900ba000-7fb6900c7000 r--s 000af000 08:01 4215223                    /home/rahul.cheela/.m2/repository/org/apache/httpcomponents/httpclient/4.5.7/httpclient-4.5.7.jar
7fb6900c7000-7fb6900c8000 r--s 00003000 08:01 4086475                    /home/rahul.cheela/.m2/repository/jakarta/jws/jakarta.jws-api/1.1.1/jakarta.jws-api-1.1.1.jar
7fb6900c8000-7fb6900ca000 r--s 00007000 08:01 4870393                    /home/rahul.cheela/.m2/repository/jakarta/xml/soap/jakarta.xml.soap-api/1.4.1/jakarta.xml.soap-api-1.4.1.jar
7fb6900ca000-7fb6900ce000 r--s 00019000 08:01 6313562                    /home/rahul.cheela/.m2/repository/jakarta/xml/bind/jakarta.xml.bind-api/2.3.2/jakarta.xml.bind-api-2.3.2.jar
7fb6900ce000-7fb6900d1000 r--s 0000c000 08:01 4870388                    /home/rahul.cheela/.m2/repository/jakarta/xml/ws/jakarta.xml.ws-api/2.3.2/jakarta.xml.ws-api-2.3.2.jar
7fb6900d1000-7fb6900d3000 r--s 00004000 08:01 3433593                    /home/rahul.cheela/.m2/repository/org/eclipse/persistence/commonj.sdo/2.1.1/commonj.sdo-2.1.1.jar
7fb6900d3000-7fb6900d8000 r--s 0005d000 08:01 3433591                    /home/rahul.cheela/.m2/repository/org/eclipse/persistence/org.eclipse.persistence.sdo/2.7.4/org.eclipse.persistence.sdo-2.7.4.jar
7fb6900d8000-7fb6900da000 r--s 0000d000 08:01 3819337                    /home/rahul.cheela/.m2/repository/com/sun/xml/ws/sdo-eclipselink-plugin/2.3.2/sdo-eclipselink-plugin-2.3.2.jar
7fb6900da000-7fb6900e2000 r--s 00075000 08:01 3433589                    /home/rahul.cheela/.m2/repository/org/eclipse/persistence/org.eclipse.persistence.asm/2.7.4/org.eclipse.persistence.asm-2.7.4.jar
7fb6900e2000-7fb690122000 r--s 004e5000 08:01 3433587                    /home/rahul.cheela/.m2/repository/org/eclipse/persistence/org.eclipse.persistence.core/2.7.4/org.eclipse.persistence.core-2.7.4.jar
7fb690122000-7fb69012b000 r--s 00097000 08:01 3433585                    /home/rahul.cheela/.m2/repository/org/eclipse/persistence/org.eclipse.persistence.moxy/2.7.4/org.eclipse.persistence.moxy-2.7.4.jar
7fb69012b000-7fb690131000 r--s 00024000 08:01 1998752                    /home/rahul.cheela/.m2/repository/jakarta/persistence/jakarta.persistence-api/2.2.2/jakarta.persistence-api-2.2.2.jar
7fb690131000-7fb690136000 r--s 00031000 08:01 5003136                    /home/rahul.cheela/.m2/repository/jakarta/mail/jakarta.mail-api/1.6.3/jakarta.mail-api-1.6.3.jar
7fb690136000-7fb690138000 r--s 00007000 08:01 3819335                    /home/rahul.cheela/.m2/repository/com/sun/xml/ws/jaxws-eclipselink-plugin/2.3.2/jaxws-eclipselink-plugin-2.3.2.jar
7fb690138000-7fb69013b000 r--s 0001c000 08:01 3819333                    /home/rahul.cheela/.m2/repository/com/sun/xml/bind/jaxb-jxc/2.3.2/jaxb-jxc-2.3.2.jar
7fb69013b000-7fb69015e000 r--s 001ad000 08:01 3819331                    /home/rahul.cheela/.m2/repository/com/sun/xml/bind/jaxb-xjc/2.3.2/jaxb-xjc-2.3.2.jar
7fb69015e000-7fb69016b000 r--s 000bf000 08:01 3819329                    /home/rahul.cheela/.m2/repository/com/sun/xml/ws/jaxws-tools/2.3.2/jaxws-tools-2.3.2.jar
7fb69016b000-7fb69016d000 r--s 00009000 08:01 1468486                    /home/rahul.cheela/.m2/repository/jakarta/activation/jakarta.activation-api/1.2.1/jakarta.activation-api-1.2.1.jar
7fb69016d000-7fb690175000 r--s 00068000 08:01 3819325                    /home/rahul.cheela/.m2/repository/com/sun/xml/messaging/saaj/saaj-impl/1.5.1/saaj-impl-1.5.1.jar
7fb690175000-7fb690177000 r--s 00007000 08:01 3433581                    /home/rahul.cheela/.m2/repository/org/glassfish/ha/ha-api/3.1.12/ha-api-3.1.12.jar
7fb690177000-7fb69017c000 r--s 00049000 08:01 3819322                    /home/rahul.cheela/.m2/repository/com/sun/xml/fastinfoset/FastInfoset/1.2.16/FastInfoset-1.2.16.jar
7fb69017c000-7fb69017e000 r--s 0000f000 08:01 4870459                    /home/rahul.cheela/.m2/repository/org/jvnet/mimepull/mimepull/1.9.11/mimepull-1.9.11.jar
7fb69017e000-7fb690181000 r--s 00010000 08:01 3819320                    /home/rahul.cheela/.m2/repository/com/sun/xml/stream/buffer/streambuffer/1.5.7/streambuffer-1.5.7.jar
7fb690181000-7fb690183000 r--s 00008000 08:01 6570837                    /home/rahul.cheela/.m2/repository/org/jvnet/staxex/stax-ex/1.8.1/stax-ex-1.8.1.jar
7fb690183000-7fb690184000 r--s 0000b000 08:01 3433579                    /home/rahul.cheela/.m2/repository/org/glassfish/pfl/pfl-tf-tools/4.0.1/pfl-tf-tools-4.0.1.jar
7fb690184000-7fb690187000 r--s 0000f000 08:01 3433577                    /home/rahul.cheela/.m2/repository/org/glassfish/pfl/pfl-basic-tools/4.0.1/pfl-basic-tools-4.0.1.jar
7fb690187000-7fb69018f000 r--s 0004c000 08:01 3433575                    /home/rahul.cheela/.m2/repository/org/glassfish/pfl/pfl-dynamic/4.0.1/pfl-dynamic-4.0.1.jar
7fb69018f000-7fb690195000 r--s 00052000 08:01 3433573                    /home/rahul.cheela/.m2/repository/org/glassfish/pfl/pfl-asm/4.0.1/pfl-asm-4.0.1.jar
7fb690195000-7fb690198000 r--s 00014000 08:01 3433571                    /home/rahul.cheela/.m2/repository/org/glassfish/pfl/pfl-tf/4.0.1/pfl-tf-4.0.1.jar
7fb690198000-7fb69019e000 r--s 0002b000 08:01 3433569                    /home/rahul.cheela/.m2/repository/org/glassfish/pfl/pfl-basic/4.0.1/pfl-basic-4.0.1.jar
7fb69019e000-7fb6901a1000 r--s 00009000 08:01 1721709                    /home/rahul.cheela/.m2/repository/org/glassfish/external/management-api/3.2.1/management-api-3.2.1.jar
7fb6901a1000-7fb6901a7000 r--s 0002d000 08:01 807966                     /home/rahul.cheela/.m2/repository/org/glassfish/gmbal/gmbal/4.0.0/gmbal-4.0.0.jar
7fb6901a7000-7fb6901ab000 r--s 00029000 08:01 3819318                    /home/rahul.cheela/.m2/repository/com/sun/xml/ws/policy/2.7.6/policy-2.7.6.jar
7fb6901ab000-7fb6901d7000 r--s 0022e000 08:01 3819314                    /home/rahul.cheela/.m2/repository/com/sun/xml/ws/jaxws-rt/2.3.2/jaxws-rt-2.3.2.jar
7fb6901d7000-7fb6903d7000 rw-p 00000000 00:00 0 
7fb6903d7000-7fb6905d7000 rw-p 00000000 00:00 0 
7fb6905d7000-7fb6905e8000 r-xp 00000000 08:01 4459460                    /usr/share/java/jdk1.8.0_112/jre/lib/amd64/libnio.so
7fb6905e8000-7fb6907e7000 ---p 00011000 08:01 4459460                    /usr/share/java/jdk1.8.0_112/jre/lib/amd64/libnio.so
7fb6907e7000-7fb6907e8000 rw-p 00010000 08:01 4459460                    /usr/share/java/jdk1.8.0_112/jre/lib/amd64/libnio.so
7fb6907e8000-7fb6937e9000 rw-p 00000000 00:00 0 
7fb6937e9000-7fb6937ff000 r-xp 00000000 08:01 4459435                    /usr/share/java/jdk1.8.0_112/jre/lib/amd64/libnet.so
7fb6937ff000-7fb6939ff000 ---p 00016000 08:01 4459435                    /usr/share/java/jdk1.8.0_112/jre/lib/amd64/libnet.so
7fb6939ff000-7fb693a00000 rw-p 00016000 08:01 4459435                    /usr/share/java/jdk1.8.0_112/jre/lib/amd64/libnet.so
7fb693a00000-7fb693c00000 rw-p 00000000 00:00 0 
7fb693c00000-7fb693e00000 rw-p 00000000 00:00 0 
7fb693e00000-7fb694000000 rw-p 00000000 00:00 0 
7fb694000000-7fb694cd4000 rw-p 00000000 00:00 0 
7fb694cd4000-7fb698000000 ---p 00000000 00:00 0 
7fb698000000-7fb698021000 rw-p 00000000 00:00 0 
7fb698021000-7fb69c000000 ---p 00000000 00:00 0 
7fb69c000000-7fb69c021000 rw-p 00000000 00:00 0 
7fb69c021000-7fb6a0000000 ---p 00000000 00:00 0 
7fb6a0000000-7fb6a1a3a000 rw-p 00000000 00:00 0 
7fb6a1a3a000-7fb6a4000000 ---p 00000000 00:00 0 
7fb6a4000000-7fb6a4021000 rw-p 00000000 00:00 0 
7fb6a4021000-7fb6a8000000 ---p 00000000 00:00 0 
7fb6a8000000-7fb6a8021000 rw-p 00000000 00:00 0 
7fb6a8021000-7fb6ac000000 ---p 00000000 00:00 0 
7fb6ac000000-7fb6ac021000 rw-p 00000000 00:00 0 
7fb6ac021000-7fb6b0000000 ---p 00000000 00:00 0 
7fb6b0000000-7fb6b028e000 rw-p 00000000 00:00 0 
7fb6b028e000-7fb6b4000000 ---p 00000000 00:00 0 
7fb6b4000000-7fb6b4021000 rw-p 00000000 00:00 0 
7fb6b4021000-7fb6b8000000 ---p 00000000 00:00 0 
7fb6b8000000-7fb6b8002000 r--s 00005000 08:01 3819316                    /home/rahul.cheela/.m2/repository/com/sun/istack/istack-commons-runtime/3.0.8/istack-commons-runtime-3.0.8.jar
7fb6b8002000-7fb6b8004000 r--s 00010000 08:01 4738931                    /home/rahul.cheela/.m2/repository/org/glassfish/jaxb/txw2/2.3.2/txw2-2.3.2.jar
7fb6b8004000-7fb6b8019000 r--s 000e3000 08:01 4215221                    /home/rahul.cheela/.m2/repository/org/glassfish/jaxb/jaxb-runtime/2.3.2/jaxb-runtime-2.3.2.jar
7fb6b8019000-7fb6b801b000 r--s 00005000 08:01 4086470                    /home/rahul.cheela/.m2/repository/jakarta/annotation/jakarta.annotation-api/1.3.4/jakarta.annotation-api-1.3.4.jar
7fb6b801b000-7fb6b8094000 r--s 010e7000 08:01 4064495                    /usr/share/java/jdk1.8.0_112/lib/tools.jar
7fb6b8094000-7fb6b8097000 r--s 0001b000 08:01 3420464                    /home/rahul.cheela/.m2/repository/junit/junit/3.8.2/junit-3.8.2.jar
7fb6b8097000-7fb6b80a5000 r--s 0008f000 08:01 4600263                    /home/rahul.cheela/.m2/repository/com/google/collections/google-collections/1.0/google-collections-1.0.jar
7fb6b80a5000-7fb6b80a6000 r--s 0000a000 08:01 4600261                    /home/rahul.cheela/.m2/repository/commons-logging/commons-logging-api/1.1/commons-logging-api-1.1.jar
7fb6b80a6000-7fb6b80ad000 r--s 00051000 08:01 4600259                    /home/rahul.cheela/.m2/repository/log4j/log4j/1.2.12/log4j-1.2.12.jar
7fb6b80ad000-7fb6b80b1000 r--s 0001d000 08:01 3434027                    /home/rahul.cheela/.m2/repository/org/apache/xbean/xbean-reflect/3.4/xbean-reflect-3.4.jar
7fb6b80b1000-7fb6b80b2000 r--s 00004000 08:01 1195014                    /home/rahul.cheela/.m2/repository/org/codehaus/plexus/plexus-compiler-javac/2.5/plexus-compiler-javac-2.5.jar
7fb6b80b2000-7fb6b80b4000 r--s 00000000 08:01 939245                     /home/rahul.cheela/.m2/repository/org/codehaus/plexus/plexus-compiler-manager/2.5/plexus-compiler-manager-2.5.jar
7fb6b80b4000-7fb6b80b6000 r--s 00005000 08:01 4738948                    /home/rahul.cheela/.m2/repository/org/codehaus/plexus/plexus-compiler-api/2.5/plexus-compiler-api-2.5.jar
7fb6b80b6000-7fb6b80b8000 r--s 00000000 08:01 6313593                    /home/rahul.cheela/.m2/repository/org/codehaus/plexus/plexus-component-annotations/1.5.5/plexus-component-annotations-1.5.5.jar
7fb6b80b8000-7fb6b80ba000 r--s 00002000 08:01 3434021                    /home/rahul.cheela/.m2/repository/org/apache/maven/shared/maven-shared-incremental/1.1/maven-shared-incremental-1.1.jar
7fb6b80ba000-7fb6b80bc000 r--s 00006000 08:01 3953311                    /home/rahul.cheela/.m2/repository/com/google/code/findbugs/jsr305/2.0.1/jsr305-2.0.1.jar
7fb6b80bc000-7fb6b80c0000 r--s 00026000 08:01 3434019                    /home/rahul.cheela/.m2/repository/org/apache/maven/shared/maven-shared-utils/0.7/maven-shared-utils-0.7.jar
7fb6b80c0000-7fb6b80c4000 r--s 00034000 08:01 3434015                    /home/rahul.cheela/.m2/repository/org/codehaus/plexus/plexus-utils/1.5.15/plexus-utils-1.5.15.jar
7fb6b80c4000-7fb6b80c6000 r--s 0000a000 08:01 3432436                    /home/rahul.cheela/.m2/repository/org/apache/maven/plugins/maven-compiler-plugin/3.3/maven-compiler-plugin-3.3.jar
7fb6b80c6000-7fb6b80c8000 r--s 0000d000 08:01 3433971                    /home/rahul.cheela/.m2/repository/org/codehaus/plexus/plexus-interpolation/1.13/plexus-interpolation-1.13.jar
7fb6b80c8000-7fb6b80c9000 r--s 00001000 08:01 3433969                    /home/rahul.cheela/.m2/repository/org/sonatype/plexus/plexus-build-api/0.0.4/plexus-build-api-0.0.4.jar
7fb6b80c9000-7fb6b80cb000 r--s 00009000 08:01 3433967                    /home/rahul.cheela/.m2/repository/org/apache/maven/shared/maven-filtering/1.1/maven-filtering-1.1.jar
7fb6b80cb000-7fb6b80cf000 r--s 00033000 08:01 3433965                    /home/rahul.cheela/.m2/repository/org/codehaus/plexus/plexus-utils/2.0.5/plexus-utils-2.0.5.jar
7fb6b80cf000-7fb6b80d2000 r--s 0001b000 08:01 3420438                    /home/rahul.cheela/.m2/repository/junit/junit/3.8.1/junit-3.8.1.jar
7fb6b80d2000-7fb6b80d4000 r--s 00006000 08:01 3953327                    /home/rahul.cheela/.m2/repository/commons-cli/commons-cli/1.0/commons-cli-1.0.jar
7fb6b80d4000-7fb6b80d5000 r--s 00001000 08:01 3433957                    /home/rahul.cheela/.m2/repository/org/apache/maven/doxia/doxia-sink-api/1.0-alpha-7/doxia-sink-api-1.0-alpha-7.jar
7fb6b80d5000-7fb6b80d6000 r--s 00002000 08:01 3433955                    /home/rahul.cheela/.m2/repository/org/apache/maven/reporting/maven-reporting-api/2.0.6/maven-reporting-api-2.0.6.jar
7fb6b80d6000-7fb6b80d8000 r--s 00006000 08:01 3432422                    /home/rahul.cheela/.m2/repository/org/apache/maven/plugins/maven-resources-plugin/2.6/maven-resources-plugin-2.6.jar
7fb6b80d8000-7fb6b80dd000 r--s 00040000 08:01 3433888                    /home/rahul.cheela/.m2/repository/org/beanshell/bsh/2.0b4/bsh-2.0b4.jar
7fb6b80dd000-7fb6b80e1000 r--s 00038000 08:01 3433615                    /home/rahul.cheela/.m2/repository/org/codehaus/plexus/plexus-utils/3.0.22/plexus-utils-3.0.22.jar
7fb6b80e1000-7fb6b80e3000 r--s 00002000 08:01 3433884                    /home/rahul.cheela/.m2/repository/org/sonatype/plexus/plexus-cipher/1.4/plexus-cipher-1.4.jar
7fb6b80e3000-7fb6b80e4000 r--s 00006000 08:01 3433882                    /home/rahul.cheela/.m2/repository/org/sonatype/plexus/plexus-sec-dispatcher/1.3/plexus-sec-dispatcher-1.3.jar
7fb6b80e4000-7fb6b80e6000 r--s 00002000 08:01 3433878                    /home/rahul.cheela/.m2/repository/org/codehaus/plexus/plexus-interactivity-api/1.0-alpha-4/plexus-interactivity-api-1.0-alpha-4.jar
7fb6b80e6000-7fb6b80e8000 r--s 00009000 08:01 3950793                    /home/rahul.cheela/.m2/repository/commons-cli/commons-cli/1.2/commons-cli-1.2.jar
7fb6b80e8000-7fb6b80e9000 r--s 00002000 08:01 3433872                    /home/rahul.cheela/.m2/repository/org/apache/maven/doxia/doxia-logging-api/1.1/doxia-logging-api-1.1.jar
7fb6b80e9000-7fb6b80eb000 r--s 00002000 08:01 3433870                    /home/rahul.cheela/.m2/repository/org/apache/maven/doxia/doxia-sink-api/1.1/doxia-sink-api-1.1.jar
7fb6b80eb000-7fb6b80ec000 r--s 00002000 08:01 3433868                    /home/rahul.cheela/.m2/repository/org/apache/maven/reporting/maven-reporting-api/2.2.1/maven-reporting-api-2.2.1.jar
7fb6b80ec000-7fb6b80ee000 r--s 00003000 08:01 3433866                    /home/rahul.cheela/.m2/repository/org/slf4j/jcl-over-slf4j/1.5.6/jcl-over-slf4j-1.5.6.jar
7fb6b80ee000-7fb6b80f0000 r--s 00001000 08:01 3433862                    /home/rahul.cheela/.m2/repository/org/slf4j/slf4j-jdk14/1.5.6/slf4j-jdk14-1.5.6.jar
7fb6b80f0000-7fb6b80f2000 r--s 0000b000 08:01 3433854                    /home/rahul.cheela/.m2/repository/org/codehaus/plexus/plexus-interpolation/1.11/plexus-interpolation-1.11.jar
7fb6b80f2000-7fb6b80fa000 r--s 00049000 08:01 4338657                    /home/rahul.cheela/.m2/repository/backport-util-concurrent/backport-util-concurrent/3.1/backport-util-concurrent-3.1.jar
7fb6b80fa000-7fb6b80fc000 r--s 0000b000 08:01 3432408                    /home/rahul.cheela/.m2/repository/org/codehaus/mojo/build-helper-maven-plugin/1.10/build-helper-maven-plugin-1.10.jar
7fb6b80fc000-7fb6b8101000 r--s 00098000 08:01 3413195                    /usr/share/java/jdk1.8.0_112/jre/lib/jsse.jar
7fb6b8101000-7fb6b8103000 r--s 00027000 08:01 3161823                    /usr/share/java/maven3-model-3.3.9.jar
7fb6b8103000-7fb6b8105000 r--s 0000a000 08:01 3161817                    /usr/share/java/maven3-plugin-api-3.3.9.jar
7fb6b8105000-7fb6b8108000 r--s 00007000 08:01 3161825                    /usr/share/java/maven3-settings-builder-3.3.9.jar
7fb6b8108000-7fb6b8109000 r--s 00001000 08:01 3161806                    /usr/share/java/wagon-http-shared-2.x.jar
7fb6b8109000-7fb6b810e000 r--s 00040000 08:01 3161526                    /usr/share/java/commons-lang-2.6.jar
7fb6b810e000-7fb6b811c000 r--s 00095000 08:01 3161691                    /usr/share/java/guice.jar
7fb6b811c000-7fb6b811e000 r--s 0000d000 08:01 3161824                    /usr/share/java/maven3-aether-provider-3.3.9.jar
7fb6b811e000-7fb6b8120000 r--s 00006000 08:01 3161672                    /usr/share/java/eclipse-aether-spi.jar
7fb6b8120000-7fb6b8121000 r--s 00006000 08:01 3161739                    /usr/share/java/plexus-sec-dispatcher.jar
7fb6b8121000-7fb6b8125000 r--s 00038000 08:01 3161783                    /usr/share/java/plexus-utils2.jar
7fb6b8125000-7fb6b8127000 r--s 0000a000 08:01 3161512                    /usr/share/java/commons-cli-1.3.1.jar
7fb6b8127000-7fb6b812e000 r--s 0005d000 08:01 3161528                    /usr/share/java/commons-lang3.jar
7fb6b812e000-7fb6b8132000 r--s 00027000 08:01 3161524                    /usr/share/java/commons-io-2.4.jar
7fb6b8132000-7fb6b8137000 r--s 0001d000 08:01 3161674                    /usr/share/java/eclipse-aether-api.jar
7fb6b8137000-7fb6b8139000 r--s 0000a000 08:01 3161800                    /usr/share/java/wagon-provider-api-2.x.jar
7fb6b8139000-7fb6b813b000 r--s 0000e000 08:01 3161573                    /usr/share/java/plexus-interpolation.jar
7fb6b813b000-7fb6b813d000 r--s 00002000 08:01 3161737                    /usr/share/java/plexus-cipher.jar
7fb6b813d000-7fb6b813e000 r--s 00002000 08:01 3161591                    /usr/share/java/slf4j-simple.jar
7fb6b813e000-7fb6b8140000 r--s 00007000 08:01 3161594                    /usr/share/java/slf4j-api.jar
7fb6b8140000-7fb6b8147000 r--s 00041000 08:01 3161818                    /usr/share/java/maven3-compat-3.3.9.jar
7fb6b8147000-7fb6b814b000 r--s 00027000 08:01 3161667                    /usr/share/java/eclipse-aether-impl.jar
7fb6b814b000-7fb6b8153000 r--s 00054000 08:01 3161795                    /usr/share/java/sisu-inject.jar
7fb6b8153000-7fb6b8184000 r--s 00207000 08:01 3161803                    /usr/share/java/wagon-http-shaded-2.x.jar
7fb6b8184000-7fb6b818a000 r--s 00048000 08:01 3161610                    /usr/share/java/jsoup.jar
7fb6b818a000-7fb6b818b000 ---p 00000000 00:00 0 
7fb6b818b000-7fb6b828b000 rw-p 00000000 00:00 0 
7fb6b828b000-7fb6b828e000 ---p 00000000 00:00 0 
7fb6b828e000-7fb6b838c000 rw-p 00000000 00:00 0 
7fb6b838c000-7fb6b838f000 ---p 00000000 00:00 0 
7fb6b838f000-7fb6b848d000 rw-p 00000000 00:00 0 
7fb6b848d000-7fb6b8490000 ---p 00000000 00:00 0 
7fb6b8490000-7fb6b858e000 rw-p 00000000 00:00 0 
7fb6b858e000-7fb6b8591000 ---p 00000000 00:00 0 
7fb6b8591000-7fb6b868f000 rw-p 00000000 00:00 0 
7fb6b868f000-7fb6b8967000 r--p 00000000 08:01 2885923                    /usr/lib/locale/locale-archive
7fb6b8967000-7fb6b896a000 ---p 00000000 00:00 0 
7fb6b896a000-7fb6b8a68000 rw-p 00000000 00:00 0 
7fb6b8a68000-7fb6b8a6b000 ---p 00000000 00:00 0 
7fb6b8a6b000-7fb6b8b69000 rw-p 00000000 00:00 0 
7fb6b8b69000-7fb6b8b6a000 ---p 00000000 00:00 0 
7fb6b8b6a000-7fb6bd000000 rw-p 00000000 00:00 0 
7fb6bd000000-7fb6bdf40000 rwxp 00000000 00:00 0 
7fb6bdf40000-7fb6cc000000 ---p 00000000 00:00 0 
7fb6cc000000-7fb6cd772000 rw-p 00000000 00:00 0 
7fb6cd772000-7fb6d0000000 ---p 00000000 00:00 0 
7fb6d0000000-7fb6d0001000 r--s 00008000 08:01 3161670                    /usr/share/java/eclipse-aether-connector-basic.jar
7fb6d0001000-7fb6d0002000 r--s 00004000 08:01 3161478                    /usr/share/java/atinject-jsr330-tck-1.0.jar
7fb6d0002000-7fb6d0004000 r--s 00001000 08:01 3161826                    /usr/share/java/maven3-builder-support-3.3.9.jar
7fb6d0004000-7fb6d0005000 r--s 00001000 08:01 3161799                    /usr/share/java/wagon-file-2.x.jar
7fb6d0005000-7fb6d0006000 r--s 00006000 08:01 3161820                    /usr/share/java/maven3-repository-metadata-3.3.9.jar
7fb6d0006000-7fb6d000d000 r--s 0002c000 08:01 3161797                    /usr/share/java/sisu-plexus.jar
7fb6d000d000-7fb6d000f000 r--s 00001000 08:01 3161686                    /usr/share/java/aopalliance-1.0.jar
7fb6d000f000-7fb6d0014000 r--s 00025000 08:01 3161821                    /usr/share/java/maven3-model-builder-3.3.9.jar
7fb6d0014000-7fb6d0015000 r--s 00000000 08:01 3161492                    /usr/share/java/geronimo-interceptor-3.0-spec-1.0.1.jar
7fb6d0015000-7fb6d0017000 r--s 00012000 08:01 3161499                    /usr/share/java/el-api-3.0.jar
7fb6d0017000-7fb6d0018000 r--s 00000000 08:01 3161479                    /usr/share/java/atinject-jsr330-api-1.0.jar
7fb6d0018000-7fb6d001b000 r--s 00008000 08:01 3161504                    /usr/share/java/cdi-api-1.0.jar
7fb6d001b000-7fb6d0028000 r--s 0008d000 08:01 3161819                    /usr/share/java/maven3-core-3.3.9.jar
7fb6d0028000-7fb6d0054000 r--s 00208000 08:01 3161614                    /usr/share/java/guava.jar
7fb6d0054000-7fb6d0409000 rw-p 00000000 00:00 0 
7fb6d0409000-7fb6d05e2000 r--s 03d2c000 08:01 3413200                    /usr/share/java/jdk1.8.0_112/jre/lib/rt.jar
7fb6d05e2000-7fb6d1231000 rw-p 00000000 00:00 0 
7fb6d1231000-7fb6d1232000 ---p 00000000 00:00 0 
7fb6d1232000-7fb6d1332000 rw-p 00000000 00:00 0 
7fb6d1332000-7fb6d1333000 ---p 00000000 00:00 0 
7fb6d1333000-7fb6d14aa000 rw-p 00000000 00:00 0 
7fb6d14aa000-7fb6d16c4000 ---p 00000000 00:00 0 
7fb6d16c4000-7fb6d173b000 rw-p 00000000 00:00 0 
7fb6d173b000-7fb6d1954000 ---p 00000000 00:00 0 
7fb6d1954000-7fb6d1a9d000 rw-p 00000000 00:00 0 
7fb6d1a9d000-7fb6d1adb000 rw-p 00000000 00:00 0 
7fb6d1adb000-7fb6d1e5e000 ---p 00000000 00:00 0 
7fb6d1e5e000-7fb6d1e78000 r-xp 00000000 08:01 4459458                    /usr/share/java/jdk1.8.0_112/jre/lib/amd64/libzip.so
7fb6d1e78000-7fb6d2078000 ---p 0001a000 08:01 4459458                    /usr/share/java/jdk1.8.0_112/jre/lib/amd64/libzip.so
7fb6d2078000-7fb6d2079000 rw-p 0001a000 08:01 4459458                    /usr/share/java/jdk1.8.0_112/jre/lib/amd64/libzip.so
7fb6d2079000-7fb6d20a4000 r-xp 00000000 08:01 4459485                    /usr/share/java/jdk1.8.0_112/jre/lib/amd64/libjava.so
7fb6d20a4000-7fb6d22a3000 ---p 0002b000 08:01 4459485                    /usr/share/java/jdk1.8.0_112/jre/lib/amd64/libjava.so
7fb6d22a3000-7fb6d22a5000 rw-p 0002a000 08:01 4459485                    /usr/share/java/jdk1.8.0_112/jre/lib/amd64/libjava.so
7fb6d22a5000-7fb6d22b2000 r-xp 00000000 08:01 4459436                    /usr/share/java/jdk1.8.0_112/jre/lib/amd64/libverify.so
7fb6d22b2000-7fb6d24b1000 ---p 0000d000 08:01 4459436                    /usr/share/java/jdk1.8.0_112/jre/lib/amd64/libverify.so
7fb6d24b1000-7fb6d24b3000 rw-p 0000c000 08:01 4459436                    /usr/share/java/jdk1.8.0_112/jre/lib/amd64/libverify.so
7fb6d24b3000-7fb6d24ba000 r-xp 00000000 08:01 6820718                    /lib/x86_64-linux-gnu/librt-2.23.so
7fb6d24ba000-7fb6d26b9000 ---p 00007000 08:01 6820718                    /lib/x86_64-linux-gnu/librt-2.23.so
7fb6d26b9000-7fb6d26ba000 r--p 00006000 08:01 6820718                    /lib/x86_64-linux-gnu/librt-2.23.so
7fb6d26ba000-7fb6d26bb000 rw-p 00007000 08:01 6820718                    /lib/x86_64-linux-gnu/librt-2.23.so
7fb6d26bb000-7fb6d27c3000 r-xp 00000000 08:01 6820642                    /lib/x86_64-linux-gnu/libm-2.23.so
7fb6d27c3000-7fb6d29c2000 ---p 00108000 08:01 6820642                    /lib/x86_64-linux-gnu/libm-2.23.so
7fb6d29c2000-7fb6d29c3000 r--p 00107000 08:01 6820642                    /lib/x86_64-linux-gnu/libm-2.23.so
7fb6d29c3000-7fb6d29c4000 rw-p 00108000 08:01 6820642                    /lib/x86_64-linux-gnu/libm-2.23.so
7fb6d29c4000-7fb6d3692000 r-xp 00000000 08:01 4459489                    /usr/share/java/jdk1.8.0_112/jre/lib/amd64/server/libjvm.so
7fb6d3692000-7fb6d3892000 ---p 00cce000 08:01 4459489                    /usr/share/java/jdk1.8.0_112/jre/lib/amd64/server/libjvm.so
7fb6d3892000-7fb6d396b000 rw-p 00cce000 08:01 4459489                    /usr/share/java/jdk1.8.0_112/jre/lib/amd64/server/libjvm.so
7fb6d396b000-7fb6d39b6000 rw-p 00000000 00:00 0 
7fb6d39b6000-7fb6d3b76000 r-xp 00000000 08:01 6820574                    /lib/x86_64-linux-gnu/libc-2.23.so
7fb6d3b76000-7fb6d3d76000 ---p 001c0000 08:01 6820574                    /lib/x86_64-linux-gnu/libc-2.23.so
7fb6d3d76000-7fb6d3d7a000 r--p 001c0000 08:01 6820574                    /lib/x86_64-linux-gnu/libc-2.23.so
7fb6d3d7a000-7fb6d3d7c000 rw-p 001c4000 08:01 6820574                    /lib/x86_64-linux-gnu/libc-2.23.so
7fb6d3d7c000-7fb6d3d80000 rw-p 00000000 00:00 0 
7fb6d3d80000-7fb6d3d83000 r-xp 00000000 08:01 6820596                    /lib/x86_64-linux-gnu/libdl-2.23.so
7fb6d3d83000-7fb6d3f82000 ---p 00003000 08:01 6820596                    /lib/x86_64-linux-gnu/libdl-2.23.so
7fb6d3f82000-7fb6d3f83000 r--p 00002000 08:01 6820596                    /lib/x86_64-linux-gnu/libdl-2.23.so
7fb6d3f83000-7fb6d3f84000 rw-p 00003000 08:01 6820596                    /lib/x86_64-linux-gnu/libdl-2.23.so
7fb6d3f84000-7fb6d3f99000 r-xp 00000000 08:01 4328057                    /usr/share/java/jdk1.8.0_112/lib/amd64/jli/libjli.so
7fb6d3f99000-7fb6d4199000 ---p 00015000 08:01 4328057                    /usr/share/java/jdk1.8.0_112/lib/amd64/jli/libjli.so
7fb6d4199000-7fb6d419a000 rw-p 00015000 08:01 4328057                    /usr/share/java/jdk1.8.0_112/lib/amd64/jli/libjli.so
7fb6d419a000-7fb6d41b2000 r-xp 00000000 08:01 6820710                    /lib/x86_64-linux-gnu/libpthread-2.23.so
7fb6d41b2000-7fb6d43b1000 ---p 00018000 08:01 6820710                    /lib/x86_64-linux-gnu/libpthread-2.23.so
7fb6d43b1000-7fb6d43b2000 r--p 00017000 08:01 6820710                    /lib/x86_64-linux-gnu/libpthread-2.23.so
7fb6d43b2000-7fb6d43b3000 rw-p 00018000 08:01 6820710                    /lib/x86_64-linux-gnu/libpthread-2.23.so
7fb6d43b3000-7fb6d43b7000 rw-p 00000000 00:00 0 
7fb6d43b7000-7fb6d43dd000 r-xp 00000000 08:01 6820548                    /lib/x86_64-linux-gnu/ld-2.23.so
7fb6d43dd000-7fb6d43de000 r--s 0000a000 08:01 3161816                    /usr/share/java/maven3-settings-3.3.9.jar
7fb6d43de000-7fb6d43e0000 r--s 00013000 08:01 3161822                    /usr/share/java/maven3-embedder-3.3.9.jar
7fb6d43e0000-7fb6d43e2000 r--s 00000000 08:01 3161787                    /usr/share/java/plexus-component-annotations-1.5.jar
7fb6d43e2000-7fb6d448c000 rw-p 00000000 00:00 0 
7fb6d448c000-7fb6d44c1000 r--s 00000000 08:01 6029318                    /var/cache/nscd/passwd
7fb6d44c1000-7fb6d44c4000 ---p 00000000 00:00 0 
7fb6d44c4000-7fb6d45c7000 rw-p 00000000 00:00 0 
7fb6d45c7000-7fb6d45c9000 r--s 00005000 08:01 3161673                    /usr/share/java/eclipse-aether-transport-wagon.jar
7fb6d45c9000-7fb6d45cc000 r--s 0000a000 08:01 3161827                    /usr/share/java/maven3-artifact-3.3.9.jar
7fb6d45cc000-7fb6d45d0000 r--s 00020000 08:01 3161675                    /usr/share/java/eclipse-aether-util.jar
7fb6d45d0000-7fb6d45d2000 r--s 0000a000 08:01 3161781                    /usr/share/java/plexus-classworlds2-2.5.2.jar
7fb6d45d2000-7fb6d45da000 rw-s 00000000 08:01 403597                     /tmp/hsperfdata_rahul.cheela/13793
7fb6d45da000-7fb6d45db000 rw-p 00000000 00:00 0 
7fb6d45db000-7fb6d45dc000 ---p 00000000 00:00 0 
7fb6d45dc000-7fb6d45dd000 r--p 00025000 08:01 6820548                    /lib/x86_64-linux-gnu/ld-2.23.so
7fb6d45dd000-7fb6d45de000 rw-p 00026000 08:01 6820548                    /lib/x86_64-linux-gnu/ld-2.23.so
7fb6d45de000-7fb6d45df000 rw-p 00000000 00:00 0 
7fff21a1b000-7fff21a3c000 rw-p 00000000 00:00 0                          [stack]
7fff21a82000-7fff21a85000 r--p 00000000 00:00 0                          [vvar]
7fff21a85000-7fff21a87000 r-xp 00000000 00:00 0                          [vdso]
ffffffffff600000-ffffffffff601000 r-xp 00000000 00:00 0                  [vsyscall]

VM Arguments:
jvm_args: -Dclassworlds.conf=/usr/share/maven/bin/m2.conf -Dmaven.home=/usr/share/maven -Dmaven.multiModuleProjectDirectory=/home/rahul.cheela/git/BIMserver 
java_command: org.codehaus.plexus.classworlds.launcher.Launcher package
java_class_path (initial): /usr/share/maven/boot/plexus-classworlds-2.x.jar
Launcher Type: SUN_STANDARD

Environment Variables:
JAVA_HOME=/usr/share/java/jdk1.8.0_112
PATH=/home/rahul.cheela/bin:/home/rahul.cheela/.local/bin:/usr/local/sbin:/usr/local/bin:/usr/sbin:/usr/bin:/sbin:/bin:/usr/games:/usr/local/games
SHELL=/bin/bash
DISPLAY=:0.0

Signal Handlers:
SIGSEGV: [libjvm.so+0xac7800], sa_mask[0]=11111111011111111101111111111110, sa_flags=SA_RESTART|SA_SIGINFO
SIGBUS: [libjvm.so+0xac7800], sa_mask[0]=11111111011111111101111111111110, sa_flags=SA_RESTART|SA_SIGINFO
SIGFPE: [libjvm.so+0x920990], sa_mask[0]=11111111011111111101111111111110, sa_flags=SA_RESTART|SA_SIGINFO
SIGPIPE: [libjvm.so+0x920990], sa_mask[0]=11111111011111111101111111111110, sa_flags=SA_RESTART|SA_SIGINFO
SIGXFSZ: [libjvm.so+0x920990], sa_mask[0]=11111111011111111101111111111110, sa_flags=SA_RESTART|SA_SIGINFO
SIGILL: [libjvm.so+0x920990], sa_mask[0]=11111111011111111101111111111110, sa_flags=SA_RESTART|SA_SIGINFO
SIGUSR1: SIG_DFL, sa_mask[0]=00000000000000000000000000000000, sa_flags=none
SIGUSR2: [libjvm.so+0x9221d0], sa_mask[0]=00000000000000000000000000000000, sa_flags=SA_RESTART|SA_SIGINFO
SIGHUP: [libjvm.so+0x9235d0], sa_mask[0]=11111111011111111101111111111110, sa_flags=SA_RESTART|SA_SIGINFO
SIGINT: [libjvm.so+0x9235d0], sa_mask[0]=11111111011111111101111111111110, sa_flags=SA_RESTART|SA_SIGINFO
SIGTERM: [libjvm.so+0x9235d0], sa_mask[0]=11111111011111111101111111111110, sa_flags=SA_RESTART|SA_SIGINFO
SIGQUIT: [libjvm.so+0x9235d0], sa_mask[0]=11111111011111111101111111111110, sa_flags=SA_RESTART|SA_SIGINFO


---------------  S Y S T E M  ---------------

OS:DISTRIB_ID=Ubuntu
DISTRIB_RELEASE=16.04
DISTRIB_CODENAME=xenial
DISTRIB_DESCRIPTION="Ubuntu 16.04.6 LTS"

uname:Linux 4.15.0-45-generic #48~16.04.1-Ubuntu SMP Tue Jan 29 18:03:48 UTC 2019 x86_64
libc:glibc 2.23 NPTL 2.23 
rlimit: STACK 8192k, CORE 0k, NPROC 31272, NOFILE 1048576, AS infinity
load average:0.72 11.56 12.21

/proc/meminfo:
MemTotal:        8066280 kB
MemFree:          129320 kB
MemAvailable:      71824 kB
Buffers:             736 kB
Cached:           212076 kB
SwapCached:          764 kB
Active:          6846712 kB
Inactive:         915512 kB
Active(anon):    6797604 kB
Inactive(anon):   841600 kB
Active(file):      49108 kB
Inactive(file):    73912 kB
Unevictable:          64 kB
Mlocked:              64 kB
SwapTotal:       1951740 kB
SwapFree:              0 kB
Dirty:               320 kB
Writeback:             0 kB
AnonPages:       7549064 kB
Mapped:           124328 kB
Shmem:             89476 kB
Slab:              66160 kB
SReclaimable:      31628 kB
SUnreclaim:        34532 kB
KernelStack:       10464 kB
PageTables:        56020 kB
NFS_Unstable:          0 kB
Bounce:                0 kB
WritebackTmp:          0 kB
CommitLimit:     5984880 kB
Committed_AS:   13339152 kB
VmallocTotal:   34359738367 kB
VmallocUsed:           0 kB
VmallocChunk:          0 kB
HardwareCorrupted:     0 kB
AnonHugePages:         0 kB
ShmemHugePages:        0 kB
ShmemPmdMapped:        0 kB
CmaTotal:              0 kB
CmaFree:               0 kB
HugePages_Total:       0
HugePages_Free:        0
HugePages_Rsvd:        0
HugePages_Surp:        0
Hugepagesize:       2048 kB
DirectMap4k:      155448 kB
DirectMap2M:     8130560 kB


CPU:total 2 (2 cores per cpu, 1 threads per core) family 6 model 58 stepping 9, cmov, cx8, fxsr, mmx, sse, sse2, sse3, ssse3, sse4.1, sse4.2, popcnt, clmul, erms, tsc, tscinvbit, tscinv

/proc/cpuinfo:
processor	: 0
vendor_id	: GenuineIntel
cpu family	: 6
model		: 58
model name	: Intel(R) Pentium(R) CPU G2030 @ 3.00GHz
stepping	: 9
microcode	: 0x21
cpu MHz		: 1777.194
cache size	: 3072 KB
physical id	: 0
siblings	: 2
core id		: 0
cpu cores	: 2
apicid		: 0
initial apicid	: 0
fpu		: yes
fpu_exception	: yes
cpuid level	: 13
wp		: yes
flags		: fpu vme de pse tsc msr pae mce cx8 apic sep mtrr pge mca cmov pat pse36 clflush dts acpi mmx fxsr sse sse2 ss ht tm pbe syscall nx rdtscp lm constant_tsc arch_perfmon pebs bts rep_good nopl xtopology nonstop_tsc cpuid aperfmperf pni pclmulqdq dtes64 monitor ds_cpl vmx est tm2 ssse3 cx16 xtpr pdcm pcid sse4_1 sse4_2 popcnt tsc_deadline_timer xsave lahf_lm cpuid_fault pti ssbd ibrs ibpb stibp tpr_shadow vnmi flexpriority ept vpid fsgsbase smep erms xsaveopt dtherm arat pln pts flush_l1d
bugs		: cpu_meltdown spectre_v1 spectre_v2 spec_store_bypass l1tf
bogomips	: 5986.69
clflush size	: 64
cache_alignment	: 64
address sizes	: 36 bits physical, 48 bits virtual
power management:

processor	: 1
vendor_id	: GenuineIntel
cpu family	: 6
model		: 58
model name	: Intel(R) Pentium(R) CPU G2030 @ 3.00GHz
stepping	: 9
microcode	: 0x21
cpu MHz		: 1800.069
cache size	: 3072 KB
physical id	: 0
siblings	: 2
core id		: 1
cpu cores	: 2
apicid		: 2
initial apicid	: 2
fpu		: yes
fpu_exception	: yes
cpuid level	: 13
wp		: yes
flags		: fpu vme de pse tsc msr pae mce cx8 apic sep mtrr pge mca cmov pat pse36 clflush dts acpi mmx fxsr sse sse2 ss ht tm pbe syscall nx rdtscp lm constant_tsc arch_perfmon pebs bts rep_good nopl xtopology nonstop_tsc cpuid aperfmperf pni pclmulqdq dtes64 monitor ds_cpl vmx est tm2 ssse3 cx16 xtpr pdcm pcid sse4_1 sse4_2 popcnt tsc_deadline_timer xsave lahf_lm cpuid_fault pti ssbd ibrs ibpb stibp tpr_shadow vnmi flexpriority ept vpid fsgsbase smep erms xsaveopt dtherm arat pln pts flush_l1d
bugs		: cpu_meltdown spectre_v1 spectre_v2 spec_store_bypass l1tf
bogomips	: 5986.69
clflush size	: 64
cache_alignment	: 64
address sizes	: 36 bits physical, 48 bits virtual
power management:



Memory: 4k page, physical 8066280k(129320k free), swap 1951740k(0k free)

vm_info: Java HotSpot(TM) 64-Bit Server VM (25.112-b15) for linux-amd64 JRE (1.8.0_112-b15), built on Sep 22 2016 21:10:53 by "java_re" with gcc 4.3.0 20080428 (Red Hat 4.3.0-8)

time: Fri Jul  5 20:04:02 2019
elapsed time: 13 seconds (0d 0h 0m 13s)

