#
# There is insufficient memory for the Java Runtime Environment to continue.
# Native memory allocation (mmap) failed to map 186646528 bytes for committing reserved memory.
# Possible reasons:
#   The system is out of physical RAM or swap space
#   In 32 bit mode, the process size limit was hit
# Possible solutions:
#   Reduce memory load on the system
#   Increase physical memory or swap space
#   Check if swap backing store is full
#   Use 64 bit Java on a 64 bit OS
#   Decrease Java heap size (-Xmx/-Xms)
#   Decrease number of Java threads
#   Decrease Java thread stack sizes (-Xss)
#   Set larger code cache with -XX:ReservedCodeCacheSize=
# This output file may be truncated or incomplete.
#
#  Out of Memory Error (os_linux.cpp:2627), pid=13912, tid=0x00007f0d3443e700
#
# JRE version: Java(TM) SE Runtime Environment (8.0_112-b15) (build 1.8.0_112-b15)
# Java VM: Java HotSpot(TM) 64-Bit Server VM (25.112-b15 mixed mode linux-amd64 compressed oops)
# Failed to write core dump. Core dumps have been disabled. To enable core dumping, try "ulimit -c unlimited" before starting Java again
#

---------------  T H R E A D  ---------------

Current thread (0x00007f0d30071800):  VMThread [stack: 0x00007f0d3433e000,0x00007f0d3443f000] [id=13941]

Stack: [0x00007f0d3433e000,0x00007f0d3443f000],  sp=0x00007f0d3443d2a0,  free space=1020k
Native frames: (J=compiled Java code, j=interpreted, Vv=VM code, C=native code)
V  [libjvm.so+0xac6f7a]  VMError::report_and_die()+0x2ba
V  [libjvm.so+0x4fc71b]  report_vm_out_of_memory(char const*, int, unsigned long, VMErrorType, char const*)+0x8b
V  [libjvm.so+0x923b13]  os::Linux::commit_memory_impl(char*, unsigned long, bool)+0x103
V  [libjvm.so+0x924069]  os::pd_commit_memory(char*, unsigned long, unsigned long, bool)+0x29
V  [libjvm.so+0x91e37a]  os::commit_memory(char*, unsigned long, unsigned long, bool)+0x2a
V  [libjvm.so+0x992da3]  PSVirtualSpace::expand_by(unsigned long)+0x53
V  [libjvm.so+0x983670]  PSOldGen::expand(unsigned long)+0x170
V  [libjvm.so+0x98387b]  PSOldGen::resize(unsigned long)+0x1cb
V  [libjvm.so+0x98b571]  PSParallelCompact::invoke_no_policy(bool)+0x991
V  [libjvm.so+0x990ecd]  PSScavenge::invoke()+0x1ad
V  [libjvm.so+0x947ac0]  ParallelScavengeHeap::failed_mem_allocate(unsigned long)+0x70
V  [libjvm.so+0xac8997]  VM_ParallelGCFailedAllocation::doit()+0x97
V  [libjvm.so+0xad0475]  VM_Operation::evaluate()+0x55
V  [libjvm.so+0xace84a]  VMThread::evaluate_operation(VM_Operation*)+0xba
V  [libjvm.so+0xacebce]  VMThread::loop()+0x1ce
V  [libjvm.so+0xacf040]  VMThread::run()+0x70
V  [libjvm.so+0x926138]  java_start(Thread*)+0x108

VM_Operation (0x00007f0d38faf470): ParallelGCFailedAllocation, mode: safepoint, requested by thread 0x00007f0d30007800


---------------  P R O C E S S  ---------------

Java Threads: ( => current thread )
  0x00007f0d300b7800 JavaThread "Service Thread" daemon [_thread_blocked, id=13947, stack(0x00007f0d1cc95000,0x00007f0d1cd96000)]
  0x00007f0d300b5000 JavaThread "C1 CompilerThread1" daemon [_thread_blocked, id=13946, stack(0x00007f0d1cd96000,0x00007f0d1ce97000)]
  0x00007f0d300b2000 JavaThread "C2 CompilerThread0" daemon [_thread_blocked, id=13945, stack(0x00007f0d1ce97000,0x00007f0d1cf98000)]
  0x00007f0d300b0800 JavaThread "Signal Dispatcher" daemon [_thread_blocked, id=13944, stack(0x00007f0d3403b000,0x00007f0d3413c000)]
  0x00007f0d3007d800 JavaThread "Finalizer" daemon [_thread_blocked, id=13943, stack(0x00007f0d3413c000,0x00007f0d3423d000)]
  0x00007f0d30079000 JavaThread "Reference Handler" daemon [_thread_blocked, id=13942, stack(0x00007f0d3423d000,0x00007f0d3433e000)]
  0x00007f0d30007800 JavaThread "main" [_thread_blocked, id=13938, stack(0x00007f0d38eb2000,0x00007f0d38fb3000)]

Other Threads:
=>0x00007f0d30071800 VMThread [stack: 0x00007f0d3433e000,0x00007f0d3443f000] [id=13941]
  0x00007f0d300ba800 WatcherThread [stack: 0x00007f0d1cb94000,0x00007f0d1cc95000] [id=13948]

VM state:at safepoint (normal execution)

VM Mutex/Monitor currently owned by a thread:  ([mutex/lock_event])
[0x00007f0d30005b10] ExpandHeap_lock - owner thread: 0x00007f0d30071800
[0x00007f0d30006190] Threads_lock - owner thread: 0x00007f0d30071800
[0x00007f0d30006690] Heap_lock - owner thread: 0x00007f0d30007800

Heap:
 PSYoungGen      total 620032K, used 7502K [0x00000000d6f80000, 0x0000000100000000, 0x0000000100000000)
  eden space 567808K, 0% used [0x00000000d6f80000,0x00000000d6f80000,0x00000000f9a00000)
  from space 52224K, 14% used [0x00000000f9a00000,0x00000000fa153a70,0x00000000fcd00000)
  to   space 52224K, 0% used [0x00000000fcd00000,0x00000000fcd00000,0x0000000100000000)
 ParOldGen       total 240640K, used 240334K [0x0000000084e00000, 0x0000000093900000, 0x00000000d6f80000)
  object space 240640K, 99% used [0x0000000084e00000,0x00000000938b3a10,0x0000000093900000)
 Metaspace       used 23785K, capacity 24340K, committed 24368K, reserved 1071104K
  class space    used 2714K, capacity 2859K, committed 2864K, reserved 1048576K

Card table byte_map: [0x00007f0d360b5000,0x00007f0d3648f000] byte_map_base: 0x00007f0d35c8e000

Marking Bits: (ParMarkBitMap*) 0x00007f0d38379c80
 Begin Bits: [0x00007f0d1d270000, 0x00007f0d1f138000)
 End Bits:   [0x00007f0d1f138000, 0x00007f0d21000000)

Polling page: 0x00007f0d38fcc000

CodeCache: size=245760Kb used=17177Kb max_used=17205Kb free=228582Kb
 bounds [0x00007f0d21000000, 0x00007f0d220f0000, 0x00007f0d30000000]
 total_blobs=5136 nmethods=4766 adapters=283
 compilation: enabled

Compilation events (10 events):
Event: 15.812 Thread 0x00007f0d300b5000 5451       1       com.sun.tools.javac.comp.MemberEnter$InitTreeVisitor::visitTree (1 bytes)
Event: 15.812 Thread 0x00007f0d300b5000 nmethod 5451 0x00007f0d220d70d0 code [0x00007f0d220d7220, 0x00007f0d220d7330]
Event: 15.813 Thread 0x00007f0d300b2000 nmethod 5408 0x00007f0d220d7390 code [0x00007f0d220d7a40, 0x00007f0d220dc630]
Event: 15.813 Thread 0x00007f0d300b2000 5411       4       com.sun.tools.javac.util.Name::lastIndexOf (42 bytes)
Event: 15.815 Thread 0x00007f0d300b2000 nmethod 5411 0x00007f0d220d3990 code [0x00007f0d220d3ae0, 0x00007f0d220d3c98]
Event: 15.815 Thread 0x00007f0d300b2000 5414       4       com.sun.tools.javac.comp.Resolve::findGlobalType (104 bytes)
Event: 15.823 Thread 0x00007f0d300b5000 5453       1       com.sun.tools.javac.code.Type::map (2 bytes)
Event: 15.823 Thread 0x00007f0d300b5000 nmethod 5453 0x00007f0d220d68d0 code [0x00007f0d220d6a20, 0x00007f0d220d6b30]
Event: 15.824 Thread 0x00007f0d300b5000 5454       1       com.sun.tools.javac.comp.MemberEnter::visitTree (1 bytes)
Event: 15.825 Thread 0x00007f0d300b5000 nmethod 5454 0x00007f0d220d6610 code [0x00007f0d220d6760, 0x00007f0d220d6870]

GC Heap History (10 events):
Event: 10.772 GC heap after
Heap after GC invocations=11 (full 0):
 PSYoungGen      total 414720K, used 2709K [0x00000000d6f80000, 0x00000000ffd00000, 0x0000000100000000)
  eden space 403968K, 0% used [0x00000000d6f80000,0x00000000d6f80000,0x00000000efa00000)
  from space 10752K, 25% used [0x00000000efa00000,0x00000000efca5418,0x00000000f0480000)
  to   space 11264K, 0% used [0x00000000ff200000,0x00000000ff200000,0x00000000ffd00000)
 ParOldGen       total 84992K, used 17347K [0x0000000084e00000, 0x000000008a100000, 0x00000000d6f80000)
  object space 84992K, 20% used [0x0000000084e00000,0x0000000085ef0fb8,0x000000008a100000)
 Metaspace       used 20725K, capacity 21236K, committed 21296K, reserved 1069056K
  class space    used 2414K, capacity 2571K, committed 2608K, reserved 1048576K
}
Event: 10.772 GC heap before
{Heap before GC invocations=12 (full 1):
 PSYoungGen      total 414720K, used 2709K [0x00000000d6f80000, 0x00000000ffd00000, 0x0000000100000000)
  eden space 403968K, 0% used [0x00000000d6f80000,0x00000000d6f80000,0x00000000efa00000)
  from space 10752K, 25% used [0x00000000efa00000,0x00000000efca5418,0x00000000f0480000)
  to   space 11264K, 0% used [0x00000000ff200000,0x00000000ff200000,0x00000000ffd00000)
 ParOldGen       total 84992K, used 17347K [0x0000000084e00000, 0x000000008a100000, 0x00000000d6f80000)
  object space 84992K, 20% used [0x0000000084e00000,0x0000000085ef0fb8,0x000000008a100000)
 Metaspace       used 20725K, capacity 21236K, committed 21296K, reserved 1069056K
  class space    used 2414K, capacity 2571K, committed 2608K, reserved 1048576K
Event: 10.848 GC heap after
Heap after GC invocations=12 (full 1):
 PSYoungGen      total 414720K, used 0K [0x00000000d6f80000, 0x00000000ffd00000, 0x0000000100000000)
  eden space 403968K, 0% used [0x00000000d6f80000,0x00000000d6f80000,0x00000000efa00000)
  from space 10752K, 0% used [0x00000000efa00000,0x00000000efa00000,0x00000000f0480000)
  to   space 11264K, 0% used [0x00000000ff200000,0x00000000ff200000,0x00000000ffd00000)
 ParOldGen       total 63488K, used 15726K [0x0000000084e00000, 0x0000000088c00000, 0x00000000d6f80000)
  object space 63488K, 24% used [0x0000000084e00000,0x0000000085d5bb88,0x0000000088c00000)
 Metaspace       used 20725K, capacity 21236K, committed 21296K, reserved 1069056K
  class space    used 2414K, capacity 2571K, committed 2608K, reserved 1048576K
}
Event: 12.929 GC heap before
{Heap before GC invocations=13 (full 1):
 PSYoungGen      total 414720K, used 398351K [0x00000000d6f80000, 0x00000000ffd00000, 0x0000000100000000)
  eden space 403968K, 98% used [0x00000000d6f80000,0x00000000ef483e70,0x00000000efa00000)
  from space 10752K, 0% used [0x00000000efa00000,0x00000000efa00000,0x00000000f0480000)
  to   space 11264K, 0% used [0x00000000ff200000,0x00000000ff200000,0x00000000ffd00000)
 ParOldGen       total 63488K, used 15726K [0x0000000084e00000, 0x0000000088c00000, 0x00000000d6f80000)
  object space 63488K, 24% used [0x0000000084e00000,0x0000000085d5bb88,0x0000000088c00000)
 Metaspace       used 23095K, capacity 23668K, committed 23856K, reserved 1071104K
  class space    used 2687K, capacity 2827K, committed 2864K, reserved 1048576K
Event: 13.076 GC heap after
Heap after GC invocations=13 (full 1):
 PSYoungGen      total 579072K, used 11250K [0x00000000d6f80000, 0x0000000100000000, 0x0000000100000000)
  eden space 567808K, 0% used [0x00000000d6f80000,0x00000000d6f80000,0x00000000f9a00000)
  from space 11264K, 99% used [0x00000000ff200000,0x00000000ffcfcb98,0x00000000ffd00000)
  to   space 52224K, 0% used [0x00000000f9a00000,0x00000000f9a00000,0x00000000fcd00000)
 ParOldGen       total 122880K, used 122615K [0x0000000084e00000, 0x000000008c600000, 0x00000000d6f80000)
  object space 122880K, 99% used [0x0000000084e00000,0x000000008c5bdf78,0x000000008c600000)
 Metaspace       used 23095K, capacity 23668K, committed 23856K, reserved 1071104K
  class space    used 2687K, capacity 2827K, committed 2864K, reserved 1048576K
}
Event: 13.076 GC heap before
{Heap before GC invocations=14 (full 2):
 PSYoungGen      total 579072K, used 11250K [0x00000000d6f80000, 0x0000000100000000, 0x0000000100000000)
  eden space 567808K, 0% used [0x00000000d6f80000,0x00000000d6f80000,0x00000000f9a00000)
  from space 11264K, 99% used [0x00000000ff200000,0x00000000ffcfcb98,0x00000000ffd00000)
  to   space 52224K, 0% used [0x00000000f9a00000,0x00000000f9a00000,0x00000000fcd00000)
 ParOldGen       total 122880K, used 122615K [0x0000000084e00000, 0x000000008c600000, 0x00000000d6f80000)
  object space 122880K, 99% used [0x0000000084e00000,0x000000008c5bdf78,0x000000008c600000)
 Metaspace       used 23095K, capacity 23668K, committed 23856K, reserved 1071104K
  class space    used 2687K, capacity 2827K, committed 2864K, reserved 1048576K
Event: 13.421 GC heap after
Heap after GC invocations=14 (full 2):
 PSYoungGen      total 579072K, used 9635K [0x00000000d6f80000, 0x0000000100000000, 0x0000000100000000)
  eden space 567808K, 0% used [0x00000000d6f80000,0x00000000d6f80000,0x00000000f9a00000)
  from space 11264K, 85% used [0x00000000ff200000,0x00000000ffb68e50,0x00000000ffd00000)
  to   space 52224K, 0% used [0x00000000f9a00000,0x00000000f9a00000,0x00000000fcd00000)
 ParOldGen       total 240640K, used 122863K [0x0000000084e00000, 0x0000000093900000, 0x00000000d6f80000)
  object space 240640K, 51% used [0x0000000084e00000,0x000000008c5fbd10,0x0000000093900000)
 Metaspace       used 23095K, capacity 23668K, committed 23856K, reserved 1071104K
  class space    used 2687K, capacity 2827K, committed 2864K, reserved 1048576K
}
Event: 15.830 GC heap before
{Heap before GC invocations=15 (full 2):
 PSYoungGen      total 579072K, used 577443K [0x00000000d6f80000, 0x0000000100000000, 0x0000000100000000)
  eden space 567808K, 100% used [0x00000000d6f80000,0x00000000f9a00000,0x00000000f9a00000)
  from space 11264K, 85% used [0x00000000ff200000,0x00000000ffb68e50,0x00000000ffd00000)
  to   space 52224K, 0% used [0x00000000f9a00000,0x00000000f9a00000,0x00000000fcd00000)
 ParOldGen       total 240640K, used 122863K [0x0000000084e00000, 0x0000000093900000, 0x00000000d6f80000)
  object space 240640K, 51% used [0x0000000084e00000,0x000000008c5fbd10,0x0000000093900000)
 Metaspace       used 23785K, capacity 24340K, committed 24368K, reserved 1071104K
  class space    used 2714K, capacity 2859K, committed 2864K, reserved 1048576K
Event: 16.028 GC heap after
Heap after GC invocations=15 (full 2):
 PSYoungGen      total 620032K, used 52218K [0x00000000d6f80000, 0x0000000100000000, 0x0000000100000000)
  eden space 567808K, 0% used [0x00000000d6f80000,0x00000000d6f80000,0x00000000f9a00000)
  from space 52224K, 99% used [0x00000000f9a00000,0x00000000fccfe908,0x00000000fcd00000)
  to   space 52224K, 0% used [0x00000000fcd00000,0x00000000fcd00000,0x0000000100000000)
 ParOldGen       total 240640K, used 224108K [0x0000000084e00000, 0x0000000093900000, 0x00000000d6f80000)
  object space 240640K, 93% used [0x0000000084e00000,0x00000000928db020,0x0000000093900000)
 Metaspace       used 23785K, capacity 24340K, committed 24368K, reserved 1071104K
  class space    used 2714K, capacity 2859K, committed 2864K, reserved 1048576K
}
Event: 16.028 GC heap before
{Heap before GC invocations=16 (full 3):
 PSYoungGen      total 620032K, used 52218K [0x00000000d6f80000, 0x0000000100000000, 0x0000000100000000)
  eden space 567808K, 0% used [0x00000000d6f80000,0x00000000d6f80000,0x00000000f9a00000)
  from space 52224K, 99% used [0x00000000f9a00000,0x00000000fccfe908,0x00000000fcd00000)
  to   space 52224K, 0% used [0x00000000fcd00000,0x00000000fcd00000,0x0000000100000000)
 ParOldGen       total 240640K, used 224108K [0x0000000084e00000, 0x0000000093900000, 0x00000000d6f80000)
  object space 240640K, 93% used [0x0000000084e00000,0x00000000928db020,0x0000000093900000)
 Metaspace       used 23785K, capacity 24340K, committed 24368K, reserved 1071104K
  class space    used 2714K, capacity 2859K, committed 2864K, reserved 1048576K

Deoptimization events (10 events):
Event: 14.475 Thread 0x00007f0d30007800 Uncommon trap: reason=bimorphic action=maybe_recompile pc=0x00007f0d21cc88dc method=java.io.FileDescriptor.closeAll(Ljava/io/Closeable;)V @ 121
Event: 14.523 Thread 0x00007f0d30007800 Uncommon trap: reason=bimorphic action=maybe_recompile pc=0x00007f0d21cc88dc method=java.io.FileDescriptor.closeAll(Ljava/io/Closeable;)V @ 121
Event: 14.524 Thread 0x00007f0d30007800 Uncommon trap: reason=bimorphic action=maybe_recompile pc=0x00007f0d21cc88dc method=java.io.FileDescriptor.closeAll(Ljava/io/Closeable;)V @ 121
Event: 14.529 Thread 0x00007f0d30007800 Uncommon trap: reason=bimorphic action=maybe_recompile pc=0x00007f0d21cc88dc method=java.io.FileDescriptor.closeAll(Ljava/io/Closeable;)V @ 121
Event: 14.623 Thread 0x00007f0d30007800 Uncommon trap: reason=unstable_if action=reinterpret pc=0x00007f0d21c8f1d8 method=java.io.File.getName()Ljava/lang/String; @ 16
Event: 14.623 Thread 0x00007f0d30007800 Uncommon trap: reason=unstable_if action=reinterpret pc=0x00007f0d2112799c method=java.io.UnixFileSystem.prefixLength(Ljava/lang/String;)I @ 16
Event: 15.588 Thread 0x00007f0d30007800 Uncommon trap: reason=class_check action=maybe_recompile pc=0x00007f0d22021840 method=com.sun.tools.javac.code.Scope.lookup(Lcom/sun/tools/javac/util/Name;Lcom/sun/tools/javac/util/Filter;)Lcom/sun/tools/javac/code/Scope$Entry; @ 49
Event: 15.588 Thread 0x00007f0d30007800 Uncommon trap: reason=class_check action=maybe_recompile pc=0x00007f0d22021840 method=com.sun.tools.javac.code.Scope.lookup(Lcom/sun/tools/javac/util/Name;Lcom/sun/tools/javac/util/Filter;)Lcom/sun/tools/javac/code/Scope$Entry; @ 49
Event: 15.588 Thread 0x00007f0d30007800 Uncommon trap: reason=class_check action=maybe_recompile pc=0x00007f0d22021840 method=com.sun.tools.javac.code.Scope.lookup(Lcom/sun/tools/javac/util/Name;Lcom/sun/tools/javac/util/Filter;)Lcom/sun/tools/javac/code/Scope$Entry; @ 49
Event: 15.589 Thread 0x00007f0d30007800 Uncommon trap: reason=class_check action=maybe_recompile pc=0x00007f0d22021840 method=com.sun.tools.javac.code.Scope.lookup(Lcom/sun/tools/javac/util/Name;Lcom/sun/tools/javac/util/Filter;)Lcom/sun/tools/javac/code/Scope$Entry; @ 49

Internal exceptions (10 events):
Event: 14.565 Thread 0x00007f0d30007800 Exception <a 'java/io/FileNotFoundException'> (0x00000000f09588e8) thrown at [/HUDSON3/workspace/8-2-build-linux-amd64/jdk8u112/7884/hotspot/src/share/vm/prims/jni.cpp, line 709]
Event: 14.565 Thread 0x00007f0d30007800 Exception <a 'java/io/FileNotFoundException'> (0x00000000f09597f0) thrown at [/HUDSON3/workspace/8-2-build-linux-amd64/jdk8u112/7884/hotspot/src/share/vm/prims/jni.cpp, line 709]
Event: 14.565 Thread 0x00007f0d30007800 Exception <a 'java/io/FileNotFoundException'> (0x00000000f095a690) thrown at [/HUDSON3/workspace/8-2-build-linux-amd64/jdk8u112/7884/hotspot/src/share/vm/prims/jni.cpp, line 709]
Event: 14.565 Thread 0x00007f0d30007800 Exception <a 'java/io/FileNotFoundException'> (0x00000000f095b5a0) thrown at [/HUDSON3/workspace/8-2-build-linux-amd64/jdk8u112/7884/hotspot/src/share/vm/prims/jni.cpp, line 709]
Event: 14.567 Thread 0x00007f0d30007800 Exception <a 'java/io/FileNotFoundException'> (0x00000000f09a4a70) thrown at [/HUDSON3/workspace/8-2-build-linux-amd64/jdk8u112/7884/hotspot/src/share/vm/prims/jni.cpp, line 709]
Event: 14.567 Thread 0x00007f0d30007800 Exception <a 'java/io/FileNotFoundException'> (0x00000000f09a58e8) thrown at [/HUDSON3/workspace/8-2-build-linux-amd64/jdk8u112/7884/hotspot/src/share/vm/prims/jni.cpp, line 709]
Event: 14.567 Thread 0x00007f0d30007800 Exception <a 'java/io/FileNotFoundException'> (0x00000000f09a6760) thrown at [/HUDSON3/workspace/8-2-build-linux-amd64/jdk8u112/7884/hotspot/src/share/vm/prims/jni.cpp, line 709]
Event: 14.569 Thread 0x00007f0d30007800 Exception <a 'java/io/FileNotFoundException'> (0x00000000f0a16b98) thrown at [/HUDSON3/workspace/8-2-build-linux-amd64/jdk8u112/7884/hotspot/src/share/vm/prims/jni.cpp, line 709]
Event: 14.570 Thread 0x00007f0d30007800 Exception <a 'java/io/FileNotFoundException'> (0x00000000f0a23478) thrown at [/HUDSON3/workspace/8-2-build-linux-amd64/jdk8u112/7884/hotspot/src/share/vm/prims/jni.cpp, line 709]
Event: 14.570 Thread 0x00007f0d30007800 Exception <a 'java/io/FileNotFoundException'> (0x00000000f0a242f0) thrown at [/HUDSON3/workspace/8-2-build-linux-amd64/jdk8u112/7884/hotspot/src/share/vm/prims/jni.cpp, line 709]

Events (10 events):
Event: 15.588 Thread 0x00007f0d30007800 DEOPT PACKING pc=0x00007f0d22021840 sp=0x00007f0d38fae8a0
Event: 15.588 Thread 0x00007f0d30007800 DEOPT UNPACKING pc=0x00007f0d21005229 sp=0x00007f0d38fae860 mode 2
Event: 15.589 Thread 0x00007f0d30007800 Uncommon trap: trap_request=0xffffffde fr.pc=0x00007f0d22021840
Event: 15.589 Thread 0x00007f0d30007800 DEOPT PACKING pc=0x00007f0d22021840 sp=0x00007f0d38fae8a0
Event: 15.589 Thread 0x00007f0d30007800 DEOPT UNPACKING pc=0x00007f0d21005229 sp=0x00007f0d38fae860 mode 2
Event: 15.740 Executing VM operation: ForceSafepoint
Event: 15.740 Executing VM operation: ForceSafepoint done
Event: 15.806 Thread 0x00007f0d30007800 DEOPT PACKING pc=0x00007f0d21c82430 sp=0x00007f0d38faf1f0
Event: 15.806 Thread 0x00007f0d30007800 DEOPT UNPACKING pc=0x00007f0d21047233 sp=0x00007f0d38faf020 mode 0
Event: 15.830 Executing VM operation: ParallelGCFailedAllocation


Dynamic libraries:
00400000-00401000 r-xp 00000000 08:01 3692659                            /usr/share/java/jdk1.8.0_112/bin/java
00600000-00601000 rw-p 00000000 08:01 3692659                            /usr/share/java/jdk1.8.0_112/bin/java
014be000-014df000 rw-p 00000000 00:00 0                                  [heap]
84e00000-93900000 rw-p 00000000 00:00 0 
9eb00000-d6f80000 ---p 00000000 00:00 0 
d6f80000-100000000 rw-p 00000000 00:00 0 
100000000-1002cc000 rw-p 00000000 00:00 0 
1002cc000-140000000 ---p 00000000 00:00 0 
7f0cf0000000-7f0cf0021000 rw-p 00000000 00:00 0 
7f0cf0021000-7f0cf4000000 ---p 00000000 00:00 0 
7f0cf41ff000-7f0cf42ff000 rw-p 00000000 00:00 0 
7f0cf42ff000-7f0cf43ff000 ---p 00000000 00:00 0 
7f0cf43ff000-7f0cf4402000 r--s 00012000 08:01 939233                     /home/rahul.cheela/.m2/repository/org/glassfish/javax.json/1.0.4/javax.json-1.0.4.jar
7f0cf4402000-7f0cf4403000 r--s 0000e000 08:01 3431993                    /home/rahul.cheela/.m2/repository/gnu/getopt/java-getopt/1.0.13/java-getopt-1.0.13.jar
7f0cf4403000-7f0cf4441000 r--s 0025d000 08:01 1600395                    /home/rahul.cheela/.m2/repository/org/apache/xmlbeans/xmlbeans/2.6.0/xmlbeans-2.6.0.jar
7f0cf4441000-7f0cf4446000 r--s 00068000 08:01 3431987                    /home/rahul.cheela/.m2/repository/antlr/antlr/2.7.7/antlr-2.7.7.jar
7f0cf46b8000-7f0cf46f8000 r--s 004e5000 08:01 3433587                    /home/rahul.cheela/.m2/repository/org/eclipse/persistence/org.eclipse.persistence.core/2.7.4/org.eclipse.persistence.core-2.7.4.jar
7f0cf46f8000-7f0cf4701000 r--s 00097000 08:01 3433585                    /home/rahul.cheela/.m2/repository/org/eclipse/persistence/org.eclipse.persistence.moxy/2.7.4/org.eclipse.persistence.moxy-2.7.4.jar
7f0cf4701000-7f0cf4707000 r--s 00024000 08:01 1998752                    /home/rahul.cheela/.m2/repository/jakarta/persistence/jakarta.persistence-api/2.2.2/jakarta.persistence-api-2.2.2.jar
7f0cf4707000-7f0cf470c000 r--s 00031000 08:01 5003136                    /home/rahul.cheela/.m2/repository/jakarta/mail/jakarta.mail-api/1.6.3/jakarta.mail-api-1.6.3.jar
7f0cf470c000-7f0cf470e000 r--s 00007000 08:01 3819335                    /home/rahul.cheela/.m2/repository/com/sun/xml/ws/jaxws-eclipselink-plugin/2.3.2/jaxws-eclipselink-plugin-2.3.2.jar
7f0cf470e000-7f0cf4711000 r--s 0001c000 08:01 3819333                    /home/rahul.cheela/.m2/repository/com/sun/xml/bind/jaxb-jxc/2.3.2/jaxb-jxc-2.3.2.jar
7f0cf4711000-7f0cf4734000 r--s 001ad000 08:01 3819331                    /home/rahul.cheela/.m2/repository/com/sun/xml/bind/jaxb-xjc/2.3.2/jaxb-xjc-2.3.2.jar
7f0cf4734000-7f0cf4741000 r--s 000bf000 08:01 3819329                    /home/rahul.cheela/.m2/repository/com/sun/xml/ws/jaxws-tools/2.3.2/jaxws-tools-2.3.2.jar
7f0cf4741000-7f0cf4743000 r--s 00009000 08:01 1468486                    /home/rahul.cheela/.m2/repository/jakarta/activation/jakarta.activation-api/1.2.1/jakarta.activation-api-1.2.1.jar
7f0cf4743000-7f0cf474b000 r--s 00068000 08:01 3819325                    /home/rahul.cheela/.m2/repository/com/sun/xml/messaging/saaj/saaj-impl/1.5.1/saaj-impl-1.5.1.jar
7f0cf474b000-7f0cf474d000 r--s 00007000 08:01 3433581                    /home/rahul.cheela/.m2/repository/org/glassfish/ha/ha-api/3.1.12/ha-api-3.1.12.jar
7f0cf474d000-7f0cf4752000 r--s 00049000 08:01 3819322                    /home/rahul.cheela/.m2/repository/com/sun/xml/fastinfoset/FastInfoset/1.2.16/FastInfoset-1.2.16.jar
7f0cf4752000-7f0cf4754000 r--s 0000f000 08:01 4870459                    /home/rahul.cheela/.m2/repository/org/jvnet/mimepull/mimepull/1.9.11/mimepull-1.9.11.jar
7f0cf4754000-7f0cf4757000 r--s 00010000 08:01 3819320                    /home/rahul.cheela/.m2/repository/com/sun/xml/stream/buffer/streambuffer/1.5.7/streambuffer-1.5.7.jar
7f0cf4757000-7f0cf4759000 r--s 00008000 08:01 6570837                    /home/rahul.cheela/.m2/repository/org/jvnet/staxex/stax-ex/1.8.1/stax-ex-1.8.1.jar
7f0cf4759000-7f0cf475a000 r--s 0000b000 08:01 3433579                    /home/rahul.cheela/.m2/repository/org/glassfish/pfl/pfl-tf-tools/4.0.1/pfl-tf-tools-4.0.1.jar
7f0cf475a000-7f0cf475d000 r--s 0000f000 08:01 3433577                    /home/rahul.cheela/.m2/repository/org/glassfish/pfl/pfl-basic-tools/4.0.1/pfl-basic-tools-4.0.1.jar
7f0cf475d000-7f0cf4765000 r--s 0004c000 08:01 3433575                    /home/rahul.cheela/.m2/repository/org/glassfish/pfl/pfl-dynamic/4.0.1/pfl-dynamic-4.0.1.jar
7f0cf4765000-7f0cf476b000 r--s 00052000 08:01 3433573                    /home/rahul.cheela/.m2/repository/org/glassfish/pfl/pfl-asm/4.0.1/pfl-asm-4.0.1.jar
7f0cf476b000-7f0cf476d000 r--s 00005000 08:01 3431991                    /home/rahul.cheela/.m2/repository/stax/stax-api/1.0.1/stax-api-1.0.1.jar
7f0cf476d000-7f0cf4770000 r--s 00022000 08:01 7100013                    /home/rahul.cheela/.m2/repository/org/antlr/stringtemplate/3.2.1/stringtemplate-3.2.1.jar
7f0cf4770000-7f0cf4772000 r--s 00011000 08:01 5394483                    /home/rahul.cheela/.m2/repository/org/hamcrest/hamcrest-core/1.1/hamcrest-core-1.1.jar
7f0cf4772000-7f0cf4779000 r--s 00037000 08:01 3431983                    /home/rahul.cheela/.m2/repository/junit/junit/4.10/junit-4.10.jar
7f0cf4779000-7f0cf477f000 r--s 00041000 08:01 4738937                    /home/rahul.cheela/.m2/repository/org/antlr/gunit/3.5.2/gunit-3.5.2.jar
7f0cf477f000-7f0cf4782000 r--s 00026000 08:01 3433665                    /home/rahul.cheela/.m2/repository/org/antlr/antlr-runtime/3.5.2/antlr-runtime-3.5.2.jar
7f0cf4782000-7f0cf4786000 r--s 00037000 08:01 4348944                    /home/rahul.cheela/.m2/repository/org/antlr/ST4/4.0.8/ST4-4.0.8.jar
7f0cf4786000-7f0cf4790000 r--s 00110000 08:01 3433663                    /home/rahul.cheela/.m2/repository/org/antlr/antlr/3.5.2/antlr-3.5.2.jar
7f0cf4790000-7f0cf47ab000 r--s 0023d000 08:01 3433661                    /home/rahul.cheela/.m2/repository/org/antlr/antlr-complete/3.5.2/antlr-complete-3.5.2.jar
7f0cf47ab000-7f0cf47b0000 r--s 00065000 08:01 3433659                    /home/rahul.cheela/.m2/repository/org/opensourcebim/buildingsmartlibrary/1.0.13/buildingsmartlibrary-1.0.13.jar
7f0cf47b0000-7f0cf47bb000 r--s 000c0000 08:01 3433657                    /home/rahul.cheela/.m2/repository/org/eclipse/birt/runtime/org.eclipse.core.resources/3.8.101.v20130717-0806/org.eclipse.core.resources-3.8.101.v20130717-0806.jar
7f0cf47bb000-7f0cf47c4000 r--s 00102000 08:01 3433655                    /home/rahul.cheela/.m2/repository/org/eclipse/emf/org.eclipse.emf.codegen.ecore/2.15.0/org.eclipse.emf.codegen.ecore-2.15.0.jar
7f0cf47c4000-7f0cf47c8000 r--s 00019000 08:01 3433653                    /home/rahul.cheela/.m2/repository/org/eclipse/platform/org.eclipse.core.commands/3.9.400/org.eclipse.core.commands-3.9.400.jar
7f0cf47c8000-7f0cf47cd000 r--s 00041000 08:01 4738935                    /home/rahul.cheela/.m2/repository/org/eclipse/platform/org.eclipse.text/3.8.200/org.eclipse.text-3.8.200.jar
7f0cf47cd000-7f0cf47d5000 r--s 0005a000 08:01 3433651                    /home/rahul.cheela/.m2/repository/org/eclipse/platform/org.eclipse.debug.core/3.13.300/org.eclipse.debug.core-3.13.300.jar
7f0cf47d5000-7f0cf47d6000 r--s 00008000 08:01 3433649                    /home/rahul.cheela/.m2/repository/org/eclipse/platform/org.eclipse.core.variables/3.4.500/org.eclipse.core.variables-3.4.500.jar
7f0cf47d6000-7f0cf47d8000 r--s 000e8000 08:01 3433647                    /home/rahul.cheela/.m2/repository/org/eclipse/jdt/org.eclipse.jdt.debug/3.13.0/org.eclipse.jdt.debug-3.13.0.jar
7f0cf47d8000-7f0cf47de000 r--s 00081000 08:01 1999164                    /home/rahul.cheela/.m2/repository/org/eclipse/jdt/org.eclipse.jdt.launching/3.14.0/org.eclipse.jdt.launching-3.14.0.jar
7f0cf47de000-7f0cf481b000 r--s 0066a000 08:01 1600393                    /home/rahul.cheela/.m2/repository/org/eclipse/jdt/org.eclipse.jdt.core/3.18.0/org.eclipse.jdt.core-3.18.0.jar
7f0cf481b000-7f0cf481d000 r--s 0000f000 08:01 3433645                    /home/rahul.cheela/.m2/repository/org/eclipse/platform/org.eclipse.core.filesystem/1.7.400/org.eclipse.core.filesystem-1.7.400.jar
7f0cf481d000-7f0cf4820000 r--s 00015000 08:01 1063988                    /home/rahul.cheela/.m2/repository/org/eclipse/platform/org.eclipse.core.expressions/3.6.400/org.eclipse.core.expressions-3.6.400.jar
7f0cf4820000-7f0cf482b000 r--s 000d0000 08:01 807968                     /home/rahul.cheela/.m2/repository/org/eclipse/platform/org.eclipse.core.resources/3.13.400/org.eclipse.core.resources-3.13.400.jar
7f0cf482b000-7f0cf482d000 r--s 00014000 08:01 4738933                    /home/rahul.cheela/.m2/repository/org/eclipse/platform/org.eclipse.equinox.app/1.4.200/org.eclipse.equinox.app-1.4.200.jar
7f0cf482d000-7f0cf482f000 r--s 00018000 08:01 3433643                    /home/rahul.cheela/.m2/repository/org/eclipse/platform/org.eclipse.core.contenttype/3.7.300/org.eclipse.core.contenttype-3.7.300.jar
7f0cf482f000-7f0cf4832000 r--s 0001e000 08:01 3433641                    /home/rahul.cheela/.m2/repository/org/eclipse/platform/org.eclipse.equinox.preferences/3.7.400/org.eclipse.equinox.preferences-3.7.400.jar
7f0cf4832000-7f0cf4835000 r--s 0002d000 08:01 3433639                    /home/rahul.cheela/.m2/repository/org/eclipse/platform/org.eclipse.equinox.registry/3.8.400/org.eclipse.equinox.registry-3.8.400.jar
7f0cf4835000-7f0cf4838000 r--s 00018000 08:01 1721711                    /home/rahul.cheela/.m2/repository/org/eclipse/platform/org.eclipse.core.jobs/3.10.400/org.eclipse.core.jobs-3.10.400.jar
7f0cf4838000-7f0cf483a000 r--s 0001c000 08:01 1600391                    /home/rahul.cheela/.m2/repository/org/eclipse/platform/org.eclipse.equinox.common/3.10.400/org.eclipse.equinox.common-3.10.400.jar
7f0cf483a000-7f0cf4851000 r--s 0014c000 08:01 5003328                    /home/rahul.cheela/.m2/repository/org/eclipse/platform/org.eclipse.osgi/3.14.0/org.eclipse.osgi-3.14.0.jar
7f0cf4851000-7f0cf4853000 r--s 00011000 08:01 7100011                    /home/rahul.cheela/.m2/repository/org/eclipse/platform/org.eclipse.core.runtime/3.15.300/org.eclipse.core.runtime-3.15.300.jar
7f0cf4853000-7f0cf4859000 r--s 00045000 08:01 3433637                    /home/rahul.cheela/.m2/repository/org/eclipse/emf/org.eclipse.emf.codegen/2.14.0/org.eclipse.emf.codegen-2.14.0.jar
7f0cf4859000-7f0cf485d000 r--s 00036000 08:01 3433635                    /home/rahul.cheela/.m2/repository/org/eclipse/emf/org.eclipse.emf.ecore.xmi/2.15.0/org.eclipse.emf.ecore.xmi-2.15.0.jar
7f0cf485d000-7f0cf4871000 r--s 00144000 08:01 3433633                    /home/rahul.cheela/.m2/repository/org/eclipse/emf/org.eclipse.emf.ecore/2.15.0/org.eclipse.emf.ecore-2.15.0.jar
7f0cf4871000-7f0cf4878000 r--s 00055000 08:01 3433631                    /home/rahul.cheela/.m2/repository/org/eclipse/emf/org.eclipse.emf.common/2.15.0/org.eclipse.emf.common-2.15.0.jar
7f0cf4878000-7f0cf48b4000 r--s 00632000 08:01 3433629                    /home/rahul.cheela/.m2/repository/org/eclipse/tycho/org.eclipse.jdt.core/3.14.0.v20171206-0802/org.eclipse.jdt.core-3.14.0.v20171206-0802.jar
7f0cf48b4000-7f0cf48bb000 r--s 0003a000 08:01 4338594                    /home/rahul.cheela/.m2/repository/commons-codec/commons-codec/1.9/commons-codec-1.9.jar
7f0cf48bb000-7f0cf48c0000 r--s 00034000 08:01 4086477                    /home/rahul.cheela/.m2/repository/com/google/code/gson/gson/2.5/gson-2.5.jar
7f0cf48c0000-7f0cf48c4000 r--s 0002a000 08:01 5128904                    /home/rahul.cheela/.m2/repository/commons-io/commons-io/2.4/commons-io-2.4.jar
7f0cf48c4000-7f0cf48c6000 r--s 00007000 08:01 3433627                    /home/rahul.cheela/.m2/repository/org/slf4j/slf4j-api/1.7.13/slf4j-api-1.7.13.jar
7f0cf48c6000-7f0cf48c9000 r--s 0000e000 08:01 4348896                    /home/rahul.cheela/.m2/repository/com/fasterxml/jackson/core/jackson-annotations/2.9.0/jackson-annotations-2.9.0.jar
7f0cf48c9000-7f0cf48dc000 r--s 00137000 08:01 4348894                    /home/rahul.cheela/.m2/repository/com/fasterxml/jackson/core/jackson-databind/2.9.9/jackson-databind-2.9.9.jar
7f0cf48dc000-7f0cf48e0000 r--s 0004c000 08:01 1192862                    /home/rahul.cheela/.m2/repository/com/fasterxml/jackson/core/jackson-core/2.9.9/jackson-core-2.9.9.jar
7f0cf48e0000-7f0cf48e1000 r--s 00000000 08:01 3433625                    /home/rahul.cheela/.m2/repository/org/codehaus/mojo/animal-sniffer-annotations/1.14/animal-sniffer-annotations-1.14.jar
7f0cf48e1000-7f0cf48e3000 r--s 00001000 08:01 3950784                    /home/rahul.cheela/.m2/repository/com/google/j2objc/j2objc-annotations/1.1/j2objc-annotations-1.1.jar
7f0cf48e3000-7f0cf48e5000 r--s 00002000 08:01 3950782                    /home/rahul.cheela/.m2/repository/com/google/errorprone/error_prone_annotations/2.1.3/error_prone_annotations-2.1.3.jar
7f0cf48e5000-7f0cf48ef000 r--s 00026000 08:01 3433623                    /home/rahul.cheela/.m2/repository/org/checkerframework/checker-qual/2.5.2/checker-qual-2.5.2.jar
7f0cf48ef000-7f0cf48f1000 r--s 00003000 08:01 3950780                    /home/rahul.cheela/.m2/repository/com/google/code/findbugs/jsr305/3.0.2/jsr305-3.0.2.jar
7f0cf48f1000-7f0cf4923000 r--s 0026c000 08:01 3950775                    /home/rahul.cheela/.m2/repository/com/google/guava/guava/26.0-jre/guava-26.0-jre.jar
7f0cf4923000-7f0cf492a000 r--s 00064000 08:01 1063986                    /home/rahul.cheela/.m2/repository/org/apache/commons/commons-lang3/3.4/commons-lang3-3.4.jar
7f0cf492a000-7f0cf492c000 r--s 00000000 08:01 6313573                    /home/rahul.cheela/.m2/repository/org/codehaus/plexus/plexus-component-annotations/1.6/plexus-component-annotations-1.6.jar
7f0cf492c000-7f0cf492d000 r--s 00003000 08:01 1600389                    /home/rahul.cheela/.m2/repository/org/apache/maven/maven-builder-support/3.3.9/maven-builder-support-3.3.9.jar
7f0cf492d000-7f0cf492f000 r--s 0000c000 08:01 939231                     /home/rahul.cheela/.m2/repository/org/apache/maven/maven-artifact/3.3.9/maven-artifact-3.3.9.jar
7f0cf492f000-7f0cf4932000 r--s 0000d000 08:01 4215225                    /home/rahul.cheela/.m2/repository/org/codehaus/plexus/plexus-interpolation/1.21/plexus-interpolation-1.21.jar
7f0cf4932000-7f0cf4937000 r--s 00027000 08:01 3433621                    /home/rahul.cheela/.m2/repository/org/apache/maven/maven-model-builder/3.3.9/maven-model-builder-3.3.9.jar
7f0cf4937000-7f0cf493a000 r--s 00026000 08:01 3433619                    /home/rahul.cheela/.m2/repository/org/apache/maven/maven-model/3.3.9/maven-model-3.3.9.jar
7f0cf493a000-7f0cf493c000 r--s 0000f000 08:01 3433617                    /home/rahul.cheela/.m2/repository/org/apache/maven/maven-aether-provider/3.3.9/maven-aether-provider-3.3.9.jar
7f0cf493c000-7f0cf493d000 r--s 00006000 08:01 3433613                    /home/rahul.cheela/.m2/repository/org/apache/maven/maven-repository-metadata/3.3.9/maven-repository-metadata-3.3.9.jar
7f0cf493d000-7f0cf4941000 r--s 00027000 08:01 3433611                    /home/rahul.cheela/.m2/repository/org/eclipse/aether/aether-impl/1.0.2.v20150114/aether-impl-1.0.2.v20150114.jar
7f0cf4941000-7f0cf4942000 r--s 00008000 08:01 3433609                    /home/rahul.cheela/.m2/repository/org/eclipse/aether/aether-connector-basic/1.0.2.v20150114/aether-connector-basic-1.0.2.v20150114.jar
7f0cf4942000-7f0cf4944000 r--s 00006000 08:01 3433607                    /home/rahul.cheela/.m2/repository/org/eclipse/aether/aether-spi/1.0.2.v20150114/aether-spi-1.0.2.v20150114.jar
7f0cf4944000-7f0cf4946000 r--s 00003000 08:01 3433605                    /home/rahul.cheela/.m2/repository/org/slf4j/jcl-over-slf4j/1.6.2/jcl-over-slf4j-1.6.2.jar
7f0cf4946000-7f0cf4948000 r--s 00007000 08:01 3433603                    /home/rahul.cheela/.m2/repository/org/eclipse/aether/aether-transport-http/1.0.2.v20150114/aether-transport-http-1.0.2.v20150114.jar
7f0cf4948000-7f0cf494c000 r--s 00020000 08:01 3433601                    /home/rahul.cheela/.m2/repository/org/eclipse/aether/aether-util/1.0.2.v20150114/aether-util-1.0.2.v20150114.jar
7f0cf494c000-7f0cf494e000 r--s 00001000 08:01 3433599                    /home/rahul.cheela/.m2/repository/org/eclipse/aether/aether-transport-file/1.0.2.v20150114/aether-transport-file-1.0.2.v20150114.jar
7f0cf494e000-7f0cf4953000 r--s 0001d000 08:01 3433597                    /home/rahul.cheela/.m2/repository/org/eclipse/aether/aether-api/1.0.2.v20150114/aether-api-1.0.2.v20150114.jar
7f0cf4953000-7f0cf4955000 r--s 00009000 08:01 3433595                    /home/rahul.cheela/.m2/repository/org/apache/httpcomponents/httpmime/4.5.7/httpmime-4.5.7.jar
7f0cf4955000-7f0cf4957000 r--s 0000e000 08:01 4209055                    /home/rahul.cheela/.m2/repository/commons-logging/commons-logging/1.2/commons-logging-1.2.jar
7f0cf4957000-7f0cf495e000 r--s 00049000 08:01 7100009                    /home/rahul.cheela/.m2/repository/org/apache/httpcomponents/httpcore/4.4.11/httpcore-4.4.11.jar
7f0cf495e000-7f0cf496b000 r--s 000af000 08:01 4215223                    /home/rahul.cheela/.m2/repository/org/apache/httpcomponents/httpclient/4.5.7/httpclient-4.5.7.jar
7f0cf496b000-7f0cf496c000 r--s 00003000 08:01 4086475                    /home/rahul.cheela/.m2/repository/jakarta/jws/jakarta.jws-api/1.1.1/jakarta.jws-api-1.1.1.jar
7f0cf496c000-7f0cf496e000 r--s 00007000 08:01 4870393                    /home/rahul.cheela/.m2/repository/jakarta/xml/soap/jakarta.xml.soap-api/1.4.1/jakarta.xml.soap-api-1.4.1.jar
7f0cf496e000-7f0cf4972000 r--s 00019000 08:01 6313562                    /home/rahul.cheela/.m2/repository/jakarta/xml/bind/jakarta.xml.bind-api/2.3.2/jakarta.xml.bind-api-2.3.2.jar
7f0cf4972000-7f0cf4975000 r--s 0000c000 08:01 4870388                    /home/rahul.cheela/.m2/repository/jakarta/xml/ws/jakarta.xml.ws-api/2.3.2/jakarta.xml.ws-api-2.3.2.jar
7f0cf4975000-7f0cf4977000 r--s 00004000 08:01 3433593                    /home/rahul.cheela/.m2/repository/org/eclipse/persistence/commonj.sdo/2.1.1/commonj.sdo-2.1.1.jar
7f0cf4977000-7f0cf497c000 r--s 0005d000 08:01 3433591                    /home/rahul.cheela/.m2/repository/org/eclipse/persistence/org.eclipse.persistence.sdo/2.7.4/org.eclipse.persistence.sdo-2.7.4.jar
7f0cf497c000-7f0cf497e000 r--s 0000d000 08:01 3819337                    /home/rahul.cheela/.m2/repository/com/sun/xml/ws/sdo-eclipselink-plugin/2.3.2/sdo-eclipselink-plugin-2.3.2.jar
7f0cf497e000-7f0cf4986000 r--s 00075000 08:01 3433589                    /home/rahul.cheela/.m2/repository/org/eclipse/persistence/org.eclipse.persistence.asm/2.7.4/org.eclipse.persistence.asm-2.7.4.jar
7f0cf4986000-7f0cf4b86000 rw-p 00000000 00:00 0 
7f0cf4b86000-7f0cf4bff000 r--s 010e7000 08:01 4064495                    /usr/share/java/jdk1.8.0_112/lib/tools.jar
7f0cf4bff000-7f0cf4dff000 rw-p 00000000 00:00 0 
7f0cf4dff000-7f0cf4fff000 rw-p 00000000 00:00 0 
7f0cf4fff000-7f0cf8000000 rw-p 00000000 00:00 0 
7f0cf8000000-7f0cf8a24000 rw-p 00000000 00:00 0 
7f0cf8a24000-7f0cfc000000 ---p 00000000 00:00 0 
7f0cfc000000-7f0cfc021000 rw-p 00000000 00:00 0 
7f0cfc021000-7f0d00000000 ---p 00000000 00:00 0 
7f0d00000000-7f0d00021000 rw-p 00000000 00:00 0 
7f0d00021000-7f0d04000000 ---p 00000000 00:00 0 
7f0d04000000-7f0d05f1f000 rw-p 00000000 00:00 0 
7f0d05f1f000-7f0d08000000 ---p 00000000 00:00 0 
7f0d08000000-7f0d08021000 rw-p 00000000 00:00 0 
7f0d08021000-7f0d0c000000 ---p 00000000 00:00 0 
7f0d0c000000-7f0d0c021000 rw-p 00000000 00:00 0 
7f0d0c021000-7f0d10000000 ---p 00000000 00:00 0 
7f0d10000000-7f0d10023000 rw-p 00000000 00:00 0 
7f0d10023000-7f0d14000000 ---p 00000000 00:00 0 
7f0d14000000-7f0d1428e000 rw-p 00000000 00:00 0 
7f0d1428e000-7f0d18000000 ---p 00000000 00:00 0 
7f0d18000000-7f0d18021000 rw-p 00000000 00:00 0 
7f0d18021000-7f0d1c000000 ---p 00000000 00:00 0 
7f0d1c000000-7f0d1c003000 r--s 00014000 08:01 3433571                    /home/rahul.cheela/.m2/repository/org/glassfish/pfl/pfl-tf/4.0.1/pfl-tf-4.0.1.jar
7f0d1c003000-7f0d1c009000 r--s 0002b000 08:01 3433569                    /home/rahul.cheela/.m2/repository/org/glassfish/pfl/pfl-basic/4.0.1/pfl-basic-4.0.1.jar
7f0d1c009000-7f0d1c00c000 r--s 00009000 08:01 1721709                    /home/rahul.cheela/.m2/repository/org/glassfish/external/management-api/3.2.1/management-api-3.2.1.jar
7f0d1c00c000-7f0d1c012000 r--s 0002d000 08:01 807966                     /home/rahul.cheela/.m2/repository/org/glassfish/gmbal/gmbal/4.0.0/gmbal-4.0.0.jar
7f0d1c012000-7f0d1c016000 r--s 00029000 08:01 3819318                    /home/rahul.cheela/.m2/repository/com/sun/xml/ws/policy/2.7.6/policy-2.7.6.jar
7f0d1c016000-7f0d1c018000 r--s 00005000 08:01 3819316                    /home/rahul.cheela/.m2/repository/com/sun/istack/istack-commons-runtime/3.0.8/istack-commons-runtime-3.0.8.jar
7f0d1c018000-7f0d1c01a000 r--s 00010000 08:01 4738931                    /home/rahul.cheela/.m2/repository/org/glassfish/jaxb/txw2/2.3.2/txw2-2.3.2.jar
7f0d1c01a000-7f0d1c02f000 r--s 000e3000 08:01 4215221                    /home/rahul.cheela/.m2/repository/org/glassfish/jaxb/jaxb-runtime/2.3.2/jaxb-runtime-2.3.2.jar
7f0d1c02f000-7f0d1c05b000 r--s 0022e000 08:01 3819314                    /home/rahul.cheela/.m2/repository/com/sun/xml/ws/jaxws-rt/2.3.2/jaxws-rt-2.3.2.jar
7f0d1c05b000-7f0d1c05d000 r--s 00005000 08:01 4086470                    /home/rahul.cheela/.m2/repository/jakarta/annotation/jakarta.annotation-api/1.3.4/jakarta.annotation-api-1.3.4.jar
7f0d1c05d000-7f0d1c060000 r--s 0001b000 08:01 3420464                    /home/rahul.cheela/.m2/repository/junit/junit/3.8.2/junit-3.8.2.jar
7f0d1c060000-7f0d1c06e000 r--s 0008f000 08:01 4600263                    /home/rahul.cheela/.m2/repository/com/google/collections/google-collections/1.0/google-collections-1.0.jar
7f0d1c06e000-7f0d1c06f000 r--s 0000a000 08:01 4600261                    /home/rahul.cheela/.m2/repository/commons-logging/commons-logging-api/1.1/commons-logging-api-1.1.jar
7f0d1c06f000-7f0d1c076000 r--s 00051000 08:01 4600259                    /home/rahul.cheela/.m2/repository/log4j/log4j/1.2.12/log4j-1.2.12.jar
7f0d1c076000-7f0d1c07a000 r--s 0001d000 08:01 3434027                    /home/rahul.cheela/.m2/repository/org/apache/xbean/xbean-reflect/3.4/xbean-reflect-3.4.jar
7f0d1c07a000-7f0d1c07b000 r--s 00004000 08:01 1195014                    /home/rahul.cheela/.m2/repository/org/codehaus/plexus/plexus-compiler-javac/2.5/plexus-compiler-javac-2.5.jar
7f0d1c07b000-7f0d1c07d000 r--s 00000000 08:01 939245                     /home/rahul.cheela/.m2/repository/org/codehaus/plexus/plexus-compiler-manager/2.5/plexus-compiler-manager-2.5.jar
7f0d1c07d000-7f0d1c07f000 r--s 00005000 08:01 4738948                    /home/rahul.cheela/.m2/repository/org/codehaus/plexus/plexus-compiler-api/2.5/plexus-compiler-api-2.5.jar
7f0d1c07f000-7f0d1c081000 r--s 00000000 08:01 6313593                    /home/rahul.cheela/.m2/repository/org/codehaus/plexus/plexus-component-annotations/1.5.5/plexus-component-annotations-1.5.5.jar
7f0d1c081000-7f0d1c083000 r--s 00002000 08:01 3434021                    /home/rahul.cheela/.m2/repository/org/apache/maven/shared/maven-shared-incremental/1.1/maven-shared-incremental-1.1.jar
7f0d1c083000-7f0d1c085000 r--s 00006000 08:01 3953311                    /home/rahul.cheela/.m2/repository/com/google/code/findbugs/jsr305/2.0.1/jsr305-2.0.1.jar
7f0d1c085000-7f0d1c089000 r--s 00026000 08:01 3434019                    /home/rahul.cheela/.m2/repository/org/apache/maven/shared/maven-shared-utils/0.7/maven-shared-utils-0.7.jar
7f0d1c089000-7f0d1c08d000 r--s 00034000 08:01 3434015                    /home/rahul.cheela/.m2/repository/org/codehaus/plexus/plexus-utils/1.5.15/plexus-utils-1.5.15.jar
7f0d1c08d000-7f0d1c08f000 r--s 0000a000 08:01 3432436                    /home/rahul.cheela/.m2/repository/org/apache/maven/plugins/maven-compiler-plugin/3.3/maven-compiler-plugin-3.3.jar
7f0d1c08f000-7f0d1c091000 r--s 0000d000 08:01 3433971                    /home/rahul.cheela/.m2/repository/org/codehaus/plexus/plexus-interpolation/1.13/plexus-interpolation-1.13.jar
7f0d1c091000-7f0d1c092000 r--s 00001000 08:01 3433969                    /home/rahul.cheela/.m2/repository/org/sonatype/plexus/plexus-build-api/0.0.4/plexus-build-api-0.0.4.jar
7f0d1c092000-7f0d1c094000 r--s 00009000 08:01 3433967                    /home/rahul.cheela/.m2/repository/org/apache/maven/shared/maven-filtering/1.1/maven-filtering-1.1.jar
7f0d1c094000-7f0d1c098000 r--s 00033000 08:01 3433965                    /home/rahul.cheela/.m2/repository/org/codehaus/plexus/plexus-utils/2.0.5/plexus-utils-2.0.5.jar
7f0d1c098000-7f0d1c09b000 r--s 0001b000 08:01 3420438                    /home/rahul.cheela/.m2/repository/junit/junit/3.8.1/junit-3.8.1.jar
7f0d1c09b000-7f0d1c09d000 r--s 00006000 08:01 3953327                    /home/rahul.cheela/.m2/repository/commons-cli/commons-cli/1.0/commons-cli-1.0.jar
7f0d1c09d000-7f0d1c09e000 r--s 00001000 08:01 3433957                    /home/rahul.cheela/.m2/repository/org/apache/maven/doxia/doxia-sink-api/1.0-alpha-7/doxia-sink-api-1.0-alpha-7.jar
7f0d1c09e000-7f0d1c09f000 r--s 00002000 08:01 3433955                    /home/rahul.cheela/.m2/repository/org/apache/maven/reporting/maven-reporting-api/2.0.6/maven-reporting-api-2.0.6.jar
7f0d1c09f000-7f0d1c0a1000 r--s 00006000 08:01 3432422                    /home/rahul.cheela/.m2/repository/org/apache/maven/plugins/maven-resources-plugin/2.6/maven-resources-plugin-2.6.jar
7f0d1c0a1000-7f0d1c0a6000 r--s 00040000 08:01 3433888                    /home/rahul.cheela/.m2/repository/org/beanshell/bsh/2.0b4/bsh-2.0b4.jar
7f0d1c0a6000-7f0d1c0aa000 r--s 00038000 08:01 3433615                    /home/rahul.cheela/.m2/repository/org/codehaus/plexus/plexus-utils/3.0.22/plexus-utils-3.0.22.jar
7f0d1c0aa000-7f0d1c0ac000 r--s 00002000 08:01 3433884                    /home/rahul.cheela/.m2/repository/org/sonatype/plexus/plexus-cipher/1.4/plexus-cipher-1.4.jar
7f0d1c0ac000-7f0d1c0ad000 r--s 00006000 08:01 3433882                    /home/rahul.cheela/.m2/repository/org/sonatype/plexus/plexus-sec-dispatcher/1.3/plexus-sec-dispatcher-1.3.jar
7f0d1c0ad000-7f0d1c0af000 r--s 00002000 08:01 3433878                    /home/rahul.cheela/.m2/repository/org/codehaus/plexus/plexus-interactivity-api/1.0-alpha-4/plexus-interactivity-api-1.0-alpha-4.jar
7f0d1c0af000-7f0d1c0b1000 r--s 00009000 08:01 3950793                    /home/rahul.cheela/.m2/repository/commons-cli/commons-cli/1.2/commons-cli-1.2.jar
7f0d1c0b1000-7f0d1c0b2000 r--s 00002000 08:01 3433872                    /home/rahul.cheela/.m2/repository/org/apache/maven/doxia/doxia-logging-api/1.1/doxia-logging-api-1.1.jar
7f0d1c0b2000-7f0d1c0b4000 r--s 00002000 08:01 3433870                    /home/rahul.cheela/.m2/repository/org/apache/maven/doxia/doxia-sink-api/1.1/doxia-sink-api-1.1.jar
7f0d1c0b4000-7f0d1c0b5000 r--s 00002000 08:01 3433868                    /home/rahul.cheela/.m2/repository/org/apache/maven/reporting/maven-reporting-api/2.2.1/maven-reporting-api-2.2.1.jar
7f0d1c0b5000-7f0d1c0b7000 r--s 00003000 08:01 3433866                    /home/rahul.cheela/.m2/repository/org/slf4j/jcl-over-slf4j/1.5.6/jcl-over-slf4j-1.5.6.jar
7f0d1c0b7000-7f0d1c0b9000 r--s 00001000 08:01 3433862                    /home/rahul.cheela/.m2/repository/org/slf4j/slf4j-jdk14/1.5.6/slf4j-jdk14-1.5.6.jar
7f0d1c0b9000-7f0d1c0bb000 r--s 0000b000 08:01 3433854                    /home/rahul.cheela/.m2/repository/org/codehaus/plexus/plexus-interpolation/1.11/plexus-interpolation-1.11.jar
7f0d1c0bb000-7f0d1c0c3000 r--s 00049000 08:01 4338657                    /home/rahul.cheela/.m2/repository/backport-util-concurrent/backport-util-concurrent/3.1/backport-util-concurrent-3.1.jar
7f0d1c0c3000-7f0d1c0c5000 r--s 0000b000 08:01 3432408                    /home/rahul.cheela/.m2/repository/org/codehaus/mojo/build-helper-maven-plugin/1.10/build-helper-maven-plugin-1.10.jar
7f0d1c0c5000-7f0d1c0d6000 r-xp 00000000 08:01 4459460                    /usr/share/java/jdk1.8.0_112/jre/lib/amd64/libnio.so
7f0d1c0d6000-7f0d1c2d5000 ---p 00011000 08:01 4459460                    /usr/share/java/jdk1.8.0_112/jre/lib/amd64/libnio.so
7f0d1c2d5000-7f0d1c2d6000 rw-p 00010000 08:01 4459460                    /usr/share/java/jdk1.8.0_112/jre/lib/amd64/libnio.so
7f0d1c2d6000-7f0d1c2ec000 r-xp 00000000 08:01 4459435                    /usr/share/java/jdk1.8.0_112/jre/lib/amd64/libnet.so
7f0d1c2ec000-7f0d1c4ec000 ---p 00016000 08:01 4459435                    /usr/share/java/jdk1.8.0_112/jre/lib/amd64/libnet.so
7f0d1c4ec000-7f0d1c4ed000 rw-p 00016000 08:01 4459435                    /usr/share/java/jdk1.8.0_112/jre/lib/amd64/libnet.so
7f0d1c4ed000-7f0d1c4f2000 r--s 00098000 08:01 3413195                    /usr/share/java/jdk1.8.0_112/jre/lib/jsse.jar
7f0d1c4f2000-7f0d1c6f2000 rw-p 00000000 00:00 0 
7f0d1c6f2000-7f0d1c8f2000 rw-p 00000000 00:00 0 
7f0d1c8f2000-7f0d1caf2000 rw-p 00000000 00:00 0 
7f0d1caf2000-7f0d1caf4000 r--s 00027000 08:01 3161823                    /usr/share/java/maven3-model-3.3.9.jar
7f0d1caf4000-7f0d1caf6000 r--s 0000a000 08:01 3161817                    /usr/share/java/maven3-plugin-api-3.3.9.jar
7f0d1caf6000-7f0d1caf9000 r--s 00007000 08:01 3161825                    /usr/share/java/maven3-settings-builder-3.3.9.jar
7f0d1caf9000-7f0d1cafa000 r--s 00001000 08:01 3161806                    /usr/share/java/wagon-http-shared-2.x.jar
7f0d1cafa000-7f0d1caff000 r--s 00040000 08:01 3161526                    /usr/share/java/commons-lang-2.6.jar
7f0d1caff000-7f0d1cb0d000 r--s 00095000 08:01 3161691                    /usr/share/java/guice.jar
7f0d1cb0d000-7f0d1cb0f000 r--s 0000d000 08:01 3161824                    /usr/share/java/maven3-aether-provider-3.3.9.jar
7f0d1cb0f000-7f0d1cb11000 r--s 00006000 08:01 3161672                    /usr/share/java/eclipse-aether-spi.jar
7f0d1cb11000-7f0d1cb12000 r--s 00006000 08:01 3161739                    /usr/share/java/plexus-sec-dispatcher.jar
7f0d1cb12000-7f0d1cb16000 r--s 00038000 08:01 3161783                    /usr/share/java/plexus-utils2.jar
7f0d1cb16000-7f0d1cb18000 r--s 0000a000 08:01 3161512                    /usr/share/java/commons-cli-1.3.1.jar
7f0d1cb18000-7f0d1cb1f000 r--s 0005d000 08:01 3161528                    /usr/share/java/commons-lang3.jar
7f0d1cb1f000-7f0d1cb23000 r--s 00027000 08:01 3161524                    /usr/share/java/commons-io-2.4.jar
7f0d1cb23000-7f0d1cb28000 r--s 0001d000 08:01 3161674                    /usr/share/java/eclipse-aether-api.jar
7f0d1cb28000-7f0d1cb2a000 r--s 0000a000 08:01 3161800                    /usr/share/java/wagon-provider-api-2.x.jar
7f0d1cb2a000-7f0d1cb2c000 r--s 0000e000 08:01 3161573                    /usr/share/java/plexus-interpolation.jar
7f0d1cb2c000-7f0d1cb2e000 r--s 00002000 08:01 3161737                    /usr/share/java/plexus-cipher.jar
7f0d1cb2e000-7f0d1cb2f000 r--s 00002000 08:01 3161591                    /usr/share/java/slf4j-simple.jar
7f0d1cb2f000-7f0d1cb31000 r--s 00007000 08:01 3161594                    /usr/share/java/slf4j-api.jar
7f0d1cb31000-7f0d1cb38000 r--s 00041000 08:01 3161818                    /usr/share/java/maven3-compat-3.3.9.jar
7f0d1cb38000-7f0d1cb39000 r--s 00008000 08:01 3161670                    /usr/share/java/eclipse-aether-connector-basic.jar
7f0d1cb39000-7f0d1cb3d000 r--s 00027000 08:01 3161667                    /usr/share/java/eclipse-aether-impl.jar
7f0d1cb3d000-7f0d1cb45000 r--s 00054000 08:01 3161795                    /usr/share/java/sisu-inject.jar
7f0d1cb45000-7f0d1cb46000 r--s 00004000 08:01 3161478                    /usr/share/java/atinject-jsr330-tck-1.0.jar
7f0d1cb46000-7f0d1cb48000 r--s 00001000 08:01 3161826                    /usr/share/java/maven3-builder-support-3.3.9.jar
7f0d1cb48000-7f0d1cb79000 r--s 00207000 08:01 3161803                    /usr/share/java/wagon-http-shaded-2.x.jar
7f0d1cb79000-7f0d1cb7a000 r--s 00001000 08:01 3161799                    /usr/share/java/wagon-file-2.x.jar
7f0d1cb7a000-7f0d1cb80000 r--s 00048000 08:01 3161610                    /usr/share/java/jsoup.jar
7f0d1cb80000-7f0d1cb81000 r--s 00006000 08:01 3161820                    /usr/share/java/maven3-repository-metadata-3.3.9.jar
7f0d1cb81000-7f0d1cb88000 r--s 0002c000 08:01 3161797                    /usr/share/java/sisu-plexus.jar
7f0d1cb88000-7f0d1cb8a000 r--s 00001000 08:01 3161686                    /usr/share/java/aopalliance-1.0.jar
7f0d1cb8a000-7f0d1cb8f000 r--s 00025000 08:01 3161821                    /usr/share/java/maven3-model-builder-3.3.9.jar
7f0d1cb8f000-7f0d1cb91000 r--s 00012000 08:01 3161499                    /usr/share/java/el-api-3.0.jar
7f0d1cb91000-7f0d1cb94000 r--s 00008000 08:01 3161504                    /usr/share/java/cdi-api-1.0.jar
7f0d1cb94000-7f0d1cb95000 ---p 00000000 00:00 0 
7f0d1cb95000-7f0d1cc95000 rw-p 00000000 00:00 0 
7f0d1cc95000-7f0d1cc98000 ---p 00000000 00:00 0 
7f0d1cc98000-7f0d1cd96000 rw-p 00000000 00:00 0 
7f0d1cd96000-7f0d1cd99000 ---p 00000000 00:00 0 
7f0d1cd99000-7f0d1ce97000 rw-p 00000000 00:00 0 
7f0d1ce97000-7f0d1ce9a000 ---p 00000000 00:00 0 
7f0d1ce9a000-7f0d1cf98000 rw-p 00000000 00:00 0 
7f0d1cf98000-7f0d1d270000 r--p 00000000 08:01 2885923                    /usr/lib/locale/locale-archive
7f0d1d270000-7f0d21000000 rw-p 00000000 00:00 0 
7f0d21000000-7f0d220f0000 rwxp 00000000 00:00 0 
7f0d220f0000-7f0d30000000 ---p 00000000 00:00 0 
7f0d30000000-7f0d317fe000 rw-p 00000000 00:00 0 
7f0d317fe000-7f0d34000000 ---p 00000000 00:00 0 
7f0d34000000-7f0d34001000 r--s 00000000 08:01 3161492                    /usr/share/java/geronimo-interceptor-3.0-spec-1.0.1.jar
7f0d34001000-7f0d34002000 r--s 00000000 08:01 3161479                    /usr/share/java/atinject-jsr330-api-1.0.jar
7f0d34002000-7f0d3400f000 r--s 0008d000 08:01 3161819                    /usr/share/java/maven3-core-3.3.9.jar
7f0d3400f000-7f0d3403b000 r--s 00208000 08:01 3161614                    /usr/share/java/guava.jar
7f0d3403b000-7f0d3403e000 ---p 00000000 00:00 0 
7f0d3403e000-7f0d3413c000 rw-p 00000000 00:00 0 
7f0d3413c000-7f0d3413f000 ---p 00000000 00:00 0 
7f0d3413f000-7f0d3423d000 rw-p 00000000 00:00 0 
7f0d3423d000-7f0d34240000 ---p 00000000 00:00 0 
7f0d34240000-7f0d3433e000 rw-p 00000000 00:00 0 
7f0d3433e000-7f0d3433f000 ---p 00000000 00:00 0 
7f0d3433f000-7f0d34dfa000 rw-p 00000000 00:00 0 
7f0d34dfa000-7f0d34fd3000 r--s 03d2c000 08:01 3413200                    /usr/share/java/jdk1.8.0_112/jre/lib/rt.jar
7f0d34fd3000-7f0d35c22000 rw-p 00000000 00:00 0 
7f0d35c22000-7f0d35c23000 ---p 00000000 00:00 0 
7f0d35c23000-7f0d35d23000 rw-p 00000000 00:00 0 
7f0d35d23000-7f0d35d24000 ---p 00000000 00:00 0 
7f0d35d24000-7f0d35e9a000 rw-p 00000000 00:00 0 
7f0d35e9a000-7f0d360b5000 ---p 00000000 00:00 0 
7f0d360b5000-7f0d3612b000 rw-p 00000000 00:00 0 
7f0d3612b000-7f0d36345000 ---p 00000000 00:00 0 
7f0d36345000-7f0d3648e000 rw-p 00000000 00:00 0 
7f0d3648e000-7f0d364d3000 rw-p 00000000 00:00 0 
7f0d364d3000-7f0d3684f000 ---p 00000000 00:00 0 
7f0d3684f000-7f0d36869000 r-xp 00000000 08:01 4459458                    /usr/share/java/jdk1.8.0_112/jre/lib/amd64/libzip.so
7f0d36869000-7f0d36a69000 ---p 0001a000 08:01 4459458                    /usr/share/java/jdk1.8.0_112/jre/lib/amd64/libzip.so
7f0d36a69000-7f0d36a6a000 rw-p 0001a000 08:01 4459458                    /usr/share/java/jdk1.8.0_112/jre/lib/amd64/libzip.so
7f0d36a6a000-7f0d36a95000 r-xp 00000000 08:01 4459485                    /usr/share/java/jdk1.8.0_112/jre/lib/amd64/libjava.so
7f0d36a95000-7f0d36c94000 ---p 0002b000 08:01 4459485                    /usr/share/java/jdk1.8.0_112/jre/lib/amd64/libjava.so
7f0d36c94000-7f0d36c96000 rw-p 0002a000 08:01 4459485                    /usr/share/java/jdk1.8.0_112/jre/lib/amd64/libjava.so
7f0d36c96000-7f0d36ca3000 r-xp 00000000 08:01 4459436                    /usr/share/java/jdk1.8.0_112/jre/lib/amd64/libverify.so
7f0d36ca3000-7f0d36ea2000 ---p 0000d000 08:01 4459436                    /usr/share/java/jdk1.8.0_112/jre/lib/amd64/libverify.so
7f0d36ea2000-7f0d36ea4000 rw-p 0000c000 08:01 4459436                    /usr/share/java/jdk1.8.0_112/jre/lib/amd64/libverify.so
7f0d36ea4000-7f0d36eab000 r-xp 00000000 08:01 6820718                    /lib/x86_64-linux-gnu/librt-2.23.so
7f0d36eab000-7f0d370aa000 ---p 00007000 08:01 6820718                    /lib/x86_64-linux-gnu/librt-2.23.so
7f0d370aa000-7f0d370ab000 r--p 00006000 08:01 6820718                    /lib/x86_64-linux-gnu/librt-2.23.so
7f0d370ab000-7f0d370ac000 rw-p 00007000 08:01 6820718                    /lib/x86_64-linux-gnu/librt-2.23.so
7f0d370ac000-7f0d371b4000 r-xp 00000000 08:01 6820642                    /lib/x86_64-linux-gnu/libm-2.23.so
7f0d371b4000-7f0d373b3000 ---p 00108000 08:01 6820642                    /lib/x86_64-linux-gnu/libm-2.23.so
7f0d373b3000-7f0d373b4000 r--p 00107000 08:01 6820642                    /lib/x86_64-linux-gnu/libm-2.23.so
7f0d373b4000-7f0d373b5000 rw-p 00108000 08:01 6820642                    /lib/x86_64-linux-gnu/libm-2.23.so
7f0d373b5000-7f0d38083000 r-xp 00000000 08:01 4459489                    /usr/share/java/jdk1.8.0_112/jre/lib/amd64/server/libjvm.so
7f0d38083000-7f0d38283000 ---p 00cce000 08:01 4459489                    /usr/share/java/jdk1.8.0_112/jre/lib/amd64/server/libjvm.so
7f0d38283000-7f0d3835c000 rw-p 00cce000 08:01 4459489                    /usr/share/java/jdk1.8.0_112/jre/lib/amd64/server/libjvm.so
7f0d3835c000-7f0d383a7000 rw-p 00000000 00:00 0 
7f0d383a7000-7f0d38567000 r-xp 00000000 08:01 6820574                    /lib/x86_64-linux-gnu/libc-2.23.so
7f0d38567000-7f0d38767000 ---p 001c0000 08:01 6820574                    /lib/x86_64-linux-gnu/libc-2.23.so
7f0d38767000-7f0d3876b000 r--p 001c0000 08:01 6820574                    /lib/x86_64-linux-gnu/libc-2.23.so
7f0d3876b000-7f0d3876d000 rw-p 001c4000 08:01 6820574                    /lib/x86_64-linux-gnu/libc-2.23.so
7f0d3876d000-7f0d38771000 rw-p 00000000 00:00 0 
7f0d38771000-7f0d38774000 r-xp 00000000 08:01 6820596                    /lib/x86_64-linux-gnu/libdl-2.23.so
7f0d38774000-7f0d38973000 ---p 00003000 08:01 6820596                    /lib/x86_64-linux-gnu/libdl-2.23.so
7f0d38973000-7f0d38974000 r--p 00002000 08:01 6820596                    /lib/x86_64-linux-gnu/libdl-2.23.so
7f0d38974000-7f0d38975000 rw-p 00003000 08:01 6820596                    /lib/x86_64-linux-gnu/libdl-2.23.so
7f0d38975000-7f0d3898a000 r-xp 00000000 08:01 4328057                    /usr/share/java/jdk1.8.0_112/lib/amd64/jli/libjli.so
7f0d3898a000-7f0d38b8a000 ---p 00015000 08:01 4328057                    /usr/share/java/jdk1.8.0_112/lib/amd64/jli/libjli.so
7f0d38b8a000-7f0d38b8b000 rw-p 00015000 08:01 4328057                    /usr/share/java/jdk1.8.0_112/lib/amd64/jli/libjli.so
7f0d38b8b000-7f0d38ba3000 r-xp 00000000 08:01 6820710                    /lib/x86_64-linux-gnu/libpthread-2.23.so
7f0d38ba3000-7f0d38da2000 ---p 00018000 08:01 6820710                    /lib/x86_64-linux-gnu/libpthread-2.23.so
7f0d38da2000-7f0d38da3000 r--p 00017000 08:01 6820710                    /lib/x86_64-linux-gnu/libpthread-2.23.so
7f0d38da3000-7f0d38da4000 rw-p 00018000 08:01 6820710                    /lib/x86_64-linux-gnu/libpthread-2.23.so
7f0d38da4000-7f0d38da8000 rw-p 00000000 00:00 0 
7f0d38da8000-7f0d38dce000 r-xp 00000000 08:01 6820548                    /lib/x86_64-linux-gnu/ld-2.23.so
7f0d38dce000-7f0d38dcf000 r--s 0000a000 08:01 3161816                    /usr/share/java/maven3-settings-3.3.9.jar
7f0d38dcf000-7f0d38dd1000 r--s 00013000 08:01 3161822                    /usr/share/java/maven3-embedder-3.3.9.jar
7f0d38dd1000-7f0d38dd3000 r--s 00000000 08:01 3161787                    /usr/share/java/plexus-component-annotations-1.5.jar
7f0d38dd3000-7f0d38e7d000 rw-p 00000000 00:00 0 
7f0d38e7d000-7f0d38eb2000 r--s 00000000 08:01 6029318                    /var/cache/nscd/passwd
7f0d38eb2000-7f0d38eb5000 ---p 00000000 00:00 0 
7f0d38eb5000-7f0d38fb8000 rw-p 00000000 00:00 0 
7f0d38fb8000-7f0d38fba000 r--s 00005000 08:01 3161673                    /usr/share/java/eclipse-aether-transport-wagon.jar
7f0d38fba000-7f0d38fbd000 r--s 0000a000 08:01 3161827                    /usr/share/java/maven3-artifact-3.3.9.jar
7f0d38fbd000-7f0d38fc1000 r--s 00020000 08:01 3161675                    /usr/share/java/eclipse-aether-util.jar
7f0d38fc1000-7f0d38fc3000 r--s 0000a000 08:01 3161781                    /usr/share/java/plexus-classworlds2-2.5.2.jar
7f0d38fc3000-7f0d38fcb000 rw-s 00000000 08:01 403597                     /tmp/hsperfdata_rahul.cheela/13912
7f0d38fcb000-7f0d38fcc000 rw-p 00000000 00:00 0 
7f0d38fcc000-7f0d38fcd000 ---p 00000000 00:00 0 
7f0d38fcd000-7f0d38fce000 r--p 00025000 08:01 6820548                    /lib/x86_64-linux-gnu/ld-2.23.so
7f0d38fce000-7f0d38fcf000 rw-p 00026000 08:01 6820548                    /lib/x86_64-linux-gnu/ld-2.23.so
7f0d38fcf000-7f0d38fd0000 rw-p 00000000 00:00 0 
7ffcb0acb000-7ffcb0aec000 rw-p 00000000 00:00 0                          [stack]
7ffcb0b7a000-7ffcb0b7d000 r--p 00000000 00:00 0                          [vvar]
7ffcb0b7d000-7ffcb0b7f000 r-xp 00000000 00:00 0                          [vdso]
ffffffffff600000-ffffffffff601000 r-xp 00000000 00:00 0                  [vsyscall]

VM Arguments:
jvm_args: -Dclassworlds.conf=/usr/share/maven/bin/m2.conf -Dmaven.home=/usr/share/maven -Dmaven.multiModuleProjectDirectory=/home/rahul.cheela/git/BIMserver 
java_command: org.codehaus.plexus.classworlds.launcher.Launcher -X package
java_class_path (initial): /usr/share/maven/boot/plexus-classworlds-2.x.jar
Launcher Type: SUN_STANDARD

Environment Variables:
JAVA_HOME=/usr/share/java/jdk1.8.0_112
PATH=/home/rahul.cheela/bin:/home/rahul.cheela/.local/bin:/usr/local/sbin:/usr/local/bin:/usr/sbin:/usr/bin:/sbin:/bin:/usr/games:/usr/local/games
SHELL=/bin/bash
DISPLAY=:0.0

Signal Handlers:
SIGSEGV: [libjvm.so+0xac7800], sa_mask[0]=11111111011111111101111111111110, sa_flags=SA_RESTART|SA_SIGINFO
SIGBUS: [libjvm.so+0xac7800], sa_mask[0]=11111111011111111101111111111110, sa_flags=SA_RESTART|SA_SIGINFO
SIGFPE: [libjvm.so+0x920990], sa_mask[0]=11111111011111111101111111111110, sa_flags=SA_RESTART|SA_SIGINFO
SIGPIPE: [libjvm.so+0x920990], sa_mask[0]=11111111011111111101111111111110, sa_flags=SA_RESTART|SA_SIGINFO
SIGXFSZ: [libjvm.so+0x920990], sa_mask[0]=11111111011111111101111111111110, sa_flags=SA_RESTART|SA_SIGINFO
SIGILL: [libjvm.so+0x920990], sa_mask[0]=11111111011111111101111111111110, sa_flags=SA_RESTART|SA_SIGINFO
SIGUSR1: SIG_DFL, sa_mask[0]=00000000000000000000000000000000, sa_flags=none
SIGUSR2: [libjvm.so+0x9221d0], sa_mask[0]=00000000000000000000000000000000, sa_flags=SA_RESTART|SA_SIGINFO
SIGHUP: [libjvm.so+0x9235d0], sa_mask[0]=11111111011111111101111111111110, sa_flags=SA_RESTART|SA_SIGINFO
SIGINT: [libjvm.so+0x9235d0], sa_mask[0]=11111111011111111101111111111110, sa_flags=SA_RESTART|SA_SIGINFO
SIGTERM: [libjvm.so+0x9235d0], sa_mask[0]=11111111011111111101111111111110, sa_flags=SA_RESTART|SA_SIGINFO
SIGQUIT: [libjvm.so+0x9235d0], sa_mask[0]=11111111011111111101111111111110, sa_flags=SA_RESTART|SA_SIGINFO


---------------  S Y S T E M  ---------------

OS:DISTRIB_ID=Ubuntu
DISTRIB_RELEASE=16.04
DISTRIB_CODENAME=xenial
DISTRIB_DESCRIPTION="Ubuntu 16.04.6 LTS"

uname:Linux 4.15.0-45-generic #48~16.04.1-Ubuntu SMP Tue Jan 29 18:03:48 UTC 2019 x86_64
libc:glibc 2.23 NPTL 2.23 
rlimit: STACK 8192k, CORE 0k, NPROC 31272, NOFILE 1048576, AS infinity
load average:0.69 8.97 11.24

/proc/meminfo:
MemTotal:        8066280 kB
MemFree:          135892 kB
MemAvailable:      69612 kB
Buffers:           14728 kB
Cached:           182328 kB
SwapCached:          852 kB
Active:          6843028 kB
Inactive:         905808 kB
Active(anon):    6796388 kB
Inactive(anon):   852372 kB
Active(file):      46640 kB
Inactive(file):    53436 kB
Unevictable:          64 kB
Mlocked:              64 kB
SwapTotal:       1951740 kB
SwapFree:              4 kB
Dirty:                56 kB
Writeback:             0 kB
AnonPages:       7551184 kB
Mapped:            66024 kB
Shmem:             96836 kB
Slab:              71632 kB
SReclaimable:      37004 kB
SUnreclaim:        34628 kB
KernelStack:       10432 kB
PageTables:        56016 kB
NFS_Unstable:          0 kB
Bounce:                0 kB
WritebackTmp:          0 kB
CommitLimit:     5984880 kB
Committed_AS:   13335344 kB
VmallocTotal:   34359738367 kB
VmallocUsed:           0 kB
VmallocChunk:          0 kB
HardwareCorrupted:     0 kB
AnonHugePages:         0 kB
ShmemHugePages:        0 kB
ShmemPmdMapped:        0 kB
CmaTotal:              0 kB
CmaFree:               0 kB
HugePages_Total:       0
HugePages_Free:        0
HugePages_Rsvd:        0
HugePages_Surp:        0
Hugepagesize:       2048 kB
DirectMap4k:      155448 kB
DirectMap2M:     8130560 kB


CPU:total 2 (2 cores per cpu, 1 threads per core) family 6 model 58 stepping 9, cmov, cx8, fxsr, mmx, sse, sse2, sse3, ssse3, sse4.1, sse4.2, popcnt, clmul, erms, tsc, tscinvbit, tscinv

/proc/cpuinfo:
processor	: 0
vendor_id	: GenuineIntel
cpu family	: 6
model		: 58
model name	: Intel(R) Pentium(R) CPU G2030 @ 3.00GHz
stepping	: 9
microcode	: 0x21
cpu MHz		: 2263.330
cache size	: 3072 KB
physical id	: 0
siblings	: 2
core id		: 0
cpu cores	: 2
apicid		: 0
initial apicid	: 0
fpu		: yes
fpu_exception	: yes
cpuid level	: 13
wp		: yes
flags		: fpu vme de pse tsc msr pae mce cx8 apic sep mtrr pge mca cmov pat pse36 clflush dts acpi mmx fxsr sse sse2 ss ht tm pbe syscall nx rdtscp lm constant_tsc arch_perfmon pebs bts rep_good nopl xtopology nonstop_tsc cpuid aperfmperf pni pclmulqdq dtes64 monitor ds_cpl vmx est tm2 ssse3 cx16 xtpr pdcm pcid sse4_1 sse4_2 popcnt tsc_deadline_timer xsave lahf_lm cpuid_fault pti ssbd ibrs ibpb stibp tpr_shadow vnmi flexpriority ept vpid fsgsbase smep erms xsaveopt dtherm arat pln pts flush_l1d
bugs		: cpu_meltdown spectre_v1 spectre_v2 spec_store_bypass l1tf
bogomips	: 5986.69
clflush size	: 64
cache_alignment	: 64
address sizes	: 36 bits physical, 48 bits virtual
power management:

processor	: 1
vendor_id	: GenuineIntel
cpu family	: 6
model		: 58
model name	: Intel(R) Pentium(R) CPU G2030 @ 3.00GHz
stepping	: 9
microcode	: 0x21
cpu MHz		: 1860.283
cache size	: 3072 KB
physical id	: 0
siblings	: 2
core id		: 1
cpu cores	: 2
apicid		: 2
initial apicid	: 2
fpu		: yes
fpu_exception	: yes
cpuid level	: 13
wp		: yes
flags		: fpu vme de pse tsc msr pae mce cx8 apic sep mtrr pge mca cmov pat pse36 clflush dts acpi mmx fxsr sse sse2 ss ht tm pbe syscall nx rdtscp lm constant_tsc arch_perfmon pebs bts rep_good nopl xtopology nonstop_tsc cpuid aperfmperf pni pclmulqdq dtes64 monitor ds_cpl vmx est tm2 ssse3 cx16 xtpr pdcm pcid sse4_1 sse4_2 popcnt tsc_deadline_timer xsave lahf_lm cpuid_fault pti ssbd ibrs ibpb stibp tpr_shadow vnmi flexpriority ept vpid fsgsbase smep erms xsaveopt dtherm arat pln pts flush_l1d
bugs		: cpu_meltdown spectre_v1 spectre_v2 spec_store_bypass l1tf
bogomips	: 5986.69
clflush size	: 64
cache_alignment	: 64
address sizes	: 36 bits physical, 48 bits virtual
power management:



Memory: 4k page, physical 8066280k(135752k free), swap 1951740k(4k free)

vm_info: Java HotSpot(TM) 64-Bit Server VM (25.112-b15) for linux-amd64 JRE (1.8.0_112-b15), built on Sep 22 2016 21:10:53 by "java_re" with gcc 4.3.0 20080428 (Red Hat 4.3.0-8)

time: Fri Jul  5 20:05:25 2019
elapsed time: 16 seconds (0d 0h 0m 16s)

